Using pre-set license
Built from '2020.3/release' branch; Version is '2020.3.2f1 (8fd9074bf66c) revision 9427207'; Using compiler version '192528614'; Build Type 'Release'
OS: 'Windows 10 Home Single Language; OS build 19041.985; Version 2004; 64bit' Language: 'ru' Physical Memory: 6056 MB
BatchMode: 1, IsHumanControllingUs: 0, StartBugReporterOnCrash: 0, Is64bit: 1, IsPro: 0

 COMMAND LINE ARGUMENTS:
C:\Program Files\Unity\Hub\Editor\2020.3.2f1\Editor\Unity.exe
-adb2
-batchMode
-noUpm
-name
AssetImportWorker4
-projectPath
C:/Users/risem/source/repos/a/roguelike-in-cave
-logFile
Logs/AssetImportWorker4.log
-srvPort
52766
Successfully changed project path to: C:/Users/risem/source/repos/a/roguelike-in-cave
C:/Users/risem/source/repos/a/roguelike-in-cave
Using Asset Import Pipeline V2.
Refreshing native plugins compatible for Editor in 112.62 ms, found 1 plugins.
Preloading 0 native plugins for Editor in 0.00 ms.
Initialize engine version: 2020.3.2f1 (8fd9074bf66c)
[Subsystems] Discovering subsystems at path C:/Program Files/Unity/Hub/Editor/2020.3.2f1/Editor/Data/Resources/UnitySubsystems
[Subsystems] Discovering subsystems at path C:/Users/risem/source/repos/a/roguelike-in-cave/Assets
GfxDevice: creating device client; threaded=0
Direct3D:
    Version:  Direct3D 11.0 [level 11.0]
    Renderer: NVIDIA GeForce GT 740M (ID=0x1292)
    Vendor:   
    VRAM:     2009 MB
    Driver:   25.21.14.2531
Shader 'Universal Render Pipeline/Particles/Lit': fallback shader 'Universal Render Pipeline/Particles/SimpleLit' not found
Shader 'WFX/Transparent Specular': fallback shader 'Particles/Alpha Blended' not found
Shader 'WFX/Transparent Diffuse': fallback shader 'Particles/Alpha Blended' not found
Initialize mono
Mono path[0] = 'C:/Program Files/Unity/Hub/Editor/2020.3.2f1/Editor/Data/Managed'
Mono path[1] = 'C:/Program Files/Unity/Hub/Editor/2020.3.2f1/Editor/Data/MonoBleedingEdge/lib/mono/unityjit'
Mono config path = 'C:/Program Files/Unity/Hub/Editor/2020.3.2f1/Editor/Data/MonoBleedingEdge/etc'
Using monoOptions --debugger-agent=transport=dt_socket,embedding=1,server=y,suspend=n,address=127.0.0.1:56016
Begin MonoManager ReloadAssembly
Registering precompiled unity dll's ...
Register platform support module: C:/Program Files/Unity/Hub/Editor/2020.3.2f1/Editor/Data/PlaybackEngines/WindowsStandaloneSupport/UnityEditor.WindowsStandalone.Extensions.dll
Registered in 0.003162 seconds.
Native extension for WindowsStandalone target not found
Refreshing native plugins compatible for Editor in 119.81 ms, found 1 plugins.
Preloading 0 native plugins for Editor in 0.00 ms.
Invoked RoslynAnalysisRunner static constructor.
RoslynAnalysisRunner will not be running.
RoslynAnalysisRunner has terminated.
Mono: successfully reloaded assembly
- Completed reload, in  1.745 seconds
Platform modules already initialized, skipping
Registering precompiled user dll's ...
Registered in 0.004062 seconds.
Begin MonoManager ReloadAssembly
Native extension for WindowsStandalone target not found
Refreshing native plugins compatible for Editor in 127.60 ms, found 1 plugins.
Preloading 0 native plugins for Editor in 0.00 ms.
Invoked RoslynAnalysisRunner static constructor.
RoslynAnalysisRunner will not be running.
RoslynAnalysisRunner has terminated.
Mono: successfully reloaded assembly
- Completed reload, in  2.048 seconds
Platform modules already initialized, skipping
========================================================================
Worker process is ready to serve import requests
Shader 'WFX/Transparent Specular': fallback shader 'Particles/Alpha Blended' not found
Shader 'Universal Render Pipeline/Particles/Lit': fallback shader 'Universal Render Pipeline/Particles/SimpleLit' not found
Shader 'WFX/Transparent Diffuse': fallback shader 'Particles/Alpha Blended' not found
Launched and connected shader compiler UnityShaderCompiler.exe after 0.25 seconds
Refreshing native plugins compatible for Editor in 0.92 ms, found 1 plugins.
Preloading 0 native plugins for Editor in 0.00 ms.
Unloading 3104 Unused Serialized files (Serialized files now loaded: 0)
System memory in use before: 137.7 MB.
System memory in use after: 137.7 MB.

Unloading 27 unused Assets to reduce memory usage. Loaded Objects now: 3554.
Total: 5.154000 ms (FindLiveObjects: 0.911000 ms CreateObjectMapping: 0.517400 ms MarkObjects: 3.503000 ms  DeleteObjects: 0.219900 ms)

========================================================================
Received Import Request.
  path: Assets/Door.prefab
  artifactKey: Guid(dd40092dc97132642bf0f18ede02dab3) Importer(815301076,1909f56bfc062723c751e8b465ee728b)
Start importing Assets/Door.prefab using Guid(dd40092dc97132642bf0f18ede02dab3) Importer(815301076,1909f56bfc062723c751e8b465ee728b)  -> (artifact id: '1fc28b3149dd2943bc1bdbbf62a262bc') in 0.316956 seconds
  Import took 0.328650 seconds .

========================================================================
Received Import Request.
  Time since last request: 0.000402 seconds.
  path: Assets/exit_button.png
  artifactKey: Guid(a668107bfe330e34f971caa79a209bf3) Importer(815301076,1909f56bfc062723c751e8b465ee728b)
Start importing Assets/exit_button.png using Guid(a668107bfe330e34f971caa79a209bf3) Importer(815301076,1909f56bfc062723c751e8b465ee728b)  -> (artifact id: 'ff1d9a8f247eb2f5ce0774810e295f28') in 0.261167 seconds
  Import took 0.315833 seconds .

========================================================================
Received Import Request.
  Time since last request: 0.000341 seconds.
  path: Assets/blue_key_image.prefab
  artifactKey: Guid(202dbfa424b6bf845b1d07c6a92b97f7) Importer(815301076,1909f56bfc062723c751e8b465ee728b)
Start importing Assets/blue_key_image.prefab using Guid(202dbfa424b6bf845b1d07c6a92b97f7) Importer(815301076,1909f56bfc062723c751e8b465ee728b)  -> (artifact id: '09307d8f4eb21513b546ef2e39980237') in 0.064290 seconds
  Import took 0.098976 seconds .

========================================================================
Received Import Request.
  Time since last request: 0.000490 seconds.
  path: Assets/blue_key.prefab
  artifactKey: Guid(f357d3ff87ae44847aeb82e06658f0f4) Importer(815301076,1909f56bfc062723c751e8b465ee728b)
Start importing Assets/blue_key.prefab using Guid(f357d3ff87ae44847aeb82e06658f0f4) Importer(815301076,1909f56bfc062723c751e8b465ee728b)  -> (artifact id: 'd00f2b3b6e928861bb07ed924c4c4e38') in 0.056253 seconds
  Import took 0.071880 seconds .

========================================================================
Received Import Request.
  Time since last request: 0.000458 seconds.
  path: Assets/Enemy.prefab
  artifactKey: Guid(8ad7d988ae817754faba5f616c511206) Importer(815301076,1909f56bfc062723c751e8b465ee728b)
Start importing Assets/Enemy.prefab using Guid(8ad7d988ae817754faba5f616c511206) Importer(815301076,1909f56bfc062723c751e8b465ee728b)  -> (artifact id: 'd0572e5a5d75f9b330ac7ba54f307aea') in 0.032902 seconds
  Import took 0.043691 seconds .

========================================================================
Received Import Request.
  Time since last request: 0.000298 seconds.
  path: Assets/blue_key.prefab
  artifactKey: Guid(f357d3ff87ae44847aeb82e06658f0f4) Importer(815301076,1909f56bfc062723c751e8b465ee728b)
Start importing Assets/blue_key.prefab using Guid(f357d3ff87ae44847aeb82e06658f0f4) Importer(815301076,1909f56bfc062723c751e8b465ee728b)  -> (artifact id: 'd00f2b3b6e928861bb07ed924c4c4e38') in 0.015069 seconds
  Import took 0.024868 seconds .

========================================================================
Received Import Request.
  Time since last request: 0.000324 seconds.
  path: Assets/bullet.prefab
  artifactKey: Guid(fdff44a6731d0d345a4b0e4707788d66) Importer(815301076,1909f56bfc062723c751e8b465ee728b)
Start importing Assets/bullet.prefab using Guid(fdff44a6731d0d345a4b0e4707788d66) Importer(815301076,1909f56bfc062723c751e8b465ee728b)  -> (artifact id: '5396c6efb861cd299db73db57e396b03') in 0.062498 seconds
  Import took 0.114754 seconds .

========================================================================
Received Import Request.
  Time since last request: 0.000542 seconds.
  path: Assets/Enemy 1.prefab
  artifactKey: Guid(68411ebdd04c0a24ca0b49b13937ad78) Importer(815301076,1909f56bfc062723c751e8b465ee728b)
Start importing Assets/Enemy 1.prefab using Guid(68411ebdd04c0a24ca0b49b13937ad78) Importer(815301076,1909f56bfc062723c751e8b465ee728b)  -> (artifact id: 'aac317de3f5547b9bc09ca19c2c79312') in 0.028527 seconds
  Import took 0.050025 seconds .

========================================================================
Received Import Request.
  Time since last request: 521.348993 seconds.
  path: Assets/green_key.prefab
  artifactKey: Guid(9c44d35fb9409be43aef8af939e61347) Importer(815301076,1909f56bfc062723c751e8b465ee728b)
Start importing Assets/green_key.prefab using Guid(9c44d35fb9409be43aef8af939e61347) Importer(815301076,1909f56bfc062723c751e8b465ee728b)  -> (artifact id: '653b821c50446addb5288349a67a3252') in 0.136807 seconds
  Import took 0.207037 seconds .

========================================================================
Received Import Request.
  Time since last request: 0.000378 seconds.
  path: Assets/grey_key.prefab
  artifactKey: Guid(17f65c6a766b6324b9c52ab42d3e7e36) Importer(815301076,1909f56bfc062723c751e8b465ee728b)
Start importing Assets/grey_key.prefab using Guid(17f65c6a766b6324b9c52ab42d3e7e36) Importer(815301076,1909f56bfc062723c751e8b465ee728b)  -> (artifact id: 'c7b0c7c9d66224b076a713ee8fd6ad81') in 0.087847 seconds
  Import took 0.110727 seconds .

========================================================================
Received Import Request.
  Time since last request: 0.000336 seconds.
  path: Assets/green_key_image.prefab
  artifactKey: Guid(9652b1c13c62f0942a752cc243a45827) Importer(815301076,1909f56bfc062723c751e8b465ee728b)
Start importing Assets/green_key_image.prefab using Guid(9652b1c13c62f0942a752cc243a45827) Importer(815301076,1909f56bfc062723c751e8b465ee728b)  -> (artifact id: 'e149ad05cdfd89c16d6731327f5f94ee') in 0.031495 seconds
  Import took 0.052441 seconds .

========================================================================
Received Import Request.
  Time since last request: 0.000397 seconds.
  path: Assets/grey_key_image.prefab
  artifactKey: Guid(ad3b7b2289d9e0a4eb8ad88095d6a435) Importer(815301076,1909f56bfc062723c751e8b465ee728b)
Start importing Assets/grey_key_image.prefab using Guid(ad3b7b2289d9e0a4eb8ad88095d6a435) Importer(815301076,1909f56bfc062723c751e8b465ee728b)  -> (artifact id: '7a1c2469b84cd6a35931067ec58ed873') in 0.020831 seconds
  Import took 0.058180 seconds .

========================================================================
Received Import Request.
  Time since last request: 0.000292 seconds.
  path: Assets/green_key_image.prefab
  artifactKey: Guid(9652b1c13c62f0942a752cc243a45827) Importer(815301076,1909f56bfc062723c751e8b465ee728b)
Start importing Assets/green_key_image.prefab using Guid(9652b1c13c62f0942a752cc243a45827) Importer(815301076,1909f56bfc062723c751e8b465ee728b)  -> (artifact id: 'e149ad05cdfd89c16d6731327f5f94ee') in 0.010905 seconds
  Import took 0.023059 seconds .

========================================================================
Received Prepare
Registering precompiled user dll's ...
Registered in 0.139691 seconds.
Begin MonoManager ReloadAssembly
Native extension for WindowsStandalone target not found
Refreshing native plugins compatible for Editor in 2.04 ms, found 1 plugins.
Preloading 0 native plugins for Editor in 0.00 ms.
Invoked RoslynAnalysisRunner static constructor.
RoslynAnalysisRunner will not be running.
RoslynAnalysisRunner has terminated.
Mono: successfully reloaded assembly
- Completed reload, in  8.621 seconds
Platform modules already initialized, skipping
Shader 'WFX/Transparent Specular': fallback shader 'Particles/Alpha Blended' not found
Shader 'Universal Render Pipeline/Particles/Lit': fallback shader 'Universal Render Pipeline/Particles/SimpleLit' not found
Shader 'WFX/Transparent Diffuse': fallback shader 'Particles/Alpha Blended' not found
Refreshing native plugins compatible for Editor in 0.95 ms, found 1 plugins.
Preloading 0 native plugins for Editor in 0.00 ms.
Unloading 3027 Unused Serialized files (Serialized files now loaded: 0)
System memory in use before: 133.9 MB.
System memory in use after: 134.0 MB.

Unloading 16 unused Assets to reduce memory usage. Loaded Objects now: 3568.
Total: 645.501600 ms (FindLiveObjects: 57.434400 ms CreateObjectMapping: 0.491900 ms MarkObjects: 587.318900 ms  DeleteObjects: 0.251200 ms)

AssetImportParameters requested are different than current active one (requested -> active):
  custom:srp/default-shader: 0000e00a000e0de00000e000e02d0000 -> 0000e00a000e0de00000e000e0000000
========================================================================
Received Prepare
Registering precompiled user dll's ...
Registered in 0.008412 seconds.
Begin MonoManager ReloadAssembly
Native extension for WindowsStandalone target not found
Refreshing native plugins compatible for Editor in 4.30 ms, found 1 plugins.
Preloading 0 native plugins for Editor in 0.00 ms.
Invoked RoslynAnalysisRunner static constructor.
RoslynAnalysisRunner will not be running.
RoslynAnalysisRunner has terminated.
Mono: successfully reloaded assembly
- Completed reload, in  3.818 seconds
Platform modules already initialized, skipping
Shader 'WFX/Transparent Specular': fallback shader 'Particles/Alpha Blended' not found
Shader 'Universal Render Pipeline/Particles/Lit': fallback shader 'Universal Render Pipeline/Particles/SimpleLit' not found
Shader 'WFX/Transparent Diffuse': fallback shader 'Particles/Alpha Blended' not found
Refreshing native plugins compatible for Editor in 0.92 ms, found 1 plugins.
Preloading 0 native plugins for Editor in 0.00 ms.
Unloading 3026 Unused Serialized files (Serialized files now loaded: 0)
System memory in use before: 133.9 MB.
System memory in use after: 134.0 MB.

Unloading 15 unused Assets to reduce memory usage. Loaded Objects now: 3572.
Total: 4.709800 ms (FindLiveObjects: 0.417400 ms CreateObjectMapping: 0.235500 ms MarkObjects: 3.847400 ms  DeleteObjects: 0.206700 ms)

AssetImportParameters requested are different than current active one (requested -> active):
  custom:srp/default-shader: 0000e00a000e0de00000e000e02d0000 -> 0000e00a000e0de00000e000e0000000
========================================================================
Received Prepare
Registering precompiled user dll's ...
Registered in 0.393939 seconds.
Begin MonoManager ReloadAssembly
Native extension for WindowsStandalone target not found
Refreshing native plugins compatible for Editor in 2.39 ms, found 1 plugins.
Preloading 0 native plugins for Editor in 0.00 ms.
Invoked RoslynAnalysisRunner static constructor.
RoslynAnalysisRunner will not be running.
RoslynAnalysisRunner has terminated.
Mono: successfully reloaded assembly
- Completed reload, in  9.120 seconds
Platform modules already initialized, skipping
Shader 'WFX/Transparent Specular': fallback shader 'Particles/Alpha Blended' not found
Shader 'Universal Render Pipeline/Particles/Lit': fallback shader 'Universal Render Pipeline/Particles/SimpleLit' not found
Shader 'WFX/Transparent Diffuse': fallback shader 'Particles/Alpha Blended' not found
Refreshing native plugins compatible for Editor in 1.01 ms, found 1 plugins.
Preloading 0 native plugins for Editor in 0.00 ms.
Unloading 3026 Unused Serialized files (Serialized files now loaded: 0)
System memory in use before: 133.9 MB.
System memory in use after: 134.0 MB.

Unloading 15 unused Assets to reduce memory usage. Loaded Objects now: 3576.
Total: 7.494100 ms (FindLiveObjects: 0.680000 ms CreateObjectMapping: 0.414600 ms MarkObjects: 6.199300 ms  DeleteObjects: 0.197100 ms)

AssetImportParameters requested are different than current active one (requested -> active):
  custom:srp/default-shader: 0000e00a000e0de00000e000e02d0000 -> 0000e00a000e0de00000e000e0000000
