Using pre-set license
Built from '2020.3/staging' branch; Version is '2020.3.4f1 (0abb6314276a) revision 703331'; Using compiler version '192528614'; Build Type 'Release'
OS: 'Windows 8.1  (6.3.0) 64bit' Language: 'ru' Physical Memory: 16321 MB
BatchMode: 1, IsHumanControllingUs: 0, StartBugReporterOnCrash: 0, Is64bit: 1, IsPro: 0

 COMMAND LINE ARGUMENTS:
D:\UnityHub\2020.3.4f1\Editor\Unity.exe
-adb2
-batchMode
-noUpm
-name
AssetImportWorker0
-projectPath
C:/Users/Артём/Desktop/Roguelike-in-cave
-logFile
Logs/AssetImportWorker0.log
-srvPort
59812
Successfully changed project path to: C:/Users/Артём/Desktop/Roguelike-in-cave
C:/Users/Артём/Desktop/Roguelike-in-cave
Using Asset Import Pipeline V2.
Refreshing native plugins compatible for Editor in 69.64 ms, found 1 plugins.
Preloading 0 native plugins for Editor in 0.00 ms.
Initialize engine version: 2020.3.4f1 (0abb6314276a)
[Subsystems] Discovering subsystems at path D:/UnityHub/2020.3.4f1/Editor/Data/Resources/UnitySubsystems
[Subsystems] Discovering subsystems at path C:/Users/Артём/Desktop/Roguelike-in-cave/Assets
GfxDevice: creating device client; threaded=0
d3d11: QueryInterface(IDXGIFactory5) failed (80004002).
Direct3D:
    Version:  Direct3D 11.0 [level 11.1]
    Renderer: NVIDIA GeForce GTX 970 (ID=0x13c2)
    Vendor:   
    VRAM:     3975 MB
    Driver:   23.21.13.8813
Shader 'Universal Render Pipeline/Particles/Lit': fallback shader 'Universal Render Pipeline/Particles/SimpleLit' not found
Shader 'WFX/Transparent Specular': fallback shader 'Particles/Alpha Blended' not found
Shader 'WFX/Transparent Diffuse': fallback shader 'Particles/Alpha Blended' not found
Initialize mono
Mono path[0] = 'D:/UnityHub/2020.3.4f1/Editor/Data/Managed'
Mono path[1] = 'D:/UnityHub/2020.3.4f1/Editor/Data/MonoBleedingEdge/lib/mono/unityjit'
Mono config path = 'D:/UnityHub/2020.3.4f1/Editor/Data/MonoBleedingEdge/etc'
Using monoOptions --debugger-agent=transport=dt_socket,embedding=1,server=y,suspend=n,address=127.0.0.1:56100
Begin MonoManager ReloadAssembly
Registering precompiled unity dll's ...
Register platform support module: D:/UnityHub/2020.3.4f1/Editor/Data/PlaybackEngines/WebGLSupport/UnityEditor.WebGL.Extensions.dll
Register platform support module: D:/UnityHub/2020.3.4f1/Editor/Data/PlaybackEngines/WindowsStandaloneSupport/UnityEditor.WindowsStandalone.Extensions.dll
Registered in 0.000901 seconds.
Native extension for WindowsStandalone target not found
Native extension for WebGL target not found
Refreshing native plugins compatible for Editor in 68.01 ms, found 1 plugins.
Preloading 0 native plugins for Editor in 0.00 ms.
Mono: successfully reloaded assembly
- Completed reload, in  0.964 seconds
Platform modules already initialized, skipping
Registering precompiled user dll's ...
Registered in 0.001581 seconds.
Begin MonoManager ReloadAssembly
Native extension for WindowsStandalone target not found
Native extension for WebGL target not found
Refreshing native plugins compatible for Editor in 70.02 ms, found 1 plugins.
Preloading 0 native plugins for Editor in 0.00 ms.
Mono: successfully reloaded assembly
- Completed reload, in  1.067 seconds
Platform modules already initialized, skipping
========================================================================
Worker process is ready to serve import requests
Shader 'WFX/Transparent Diffuse': fallback shader 'Particles/Alpha Blended' not found
Shader 'WFX/Transparent Specular': fallback shader 'Particles/Alpha Blended' not found
Shader 'Universal Render Pipeline/Particles/Lit': fallback shader 'Universal Render Pipeline/Particles/SimpleLit' not found
Launched and connected shader compiler UnityShaderCompiler.exe after 0.02 seconds
Refreshing native plugins compatible for Editor in 0.63 ms, found 1 plugins.
Preloading 0 native plugins for Editor in 0.00 ms.
Unloading 3010 Unused Serialized files (Serialized files now loaded: 0)
System memory in use before: 137.1 MB.
System memory in use after: 137.1 MB.

Unloading 26 unused Assets to reduce memory usage. Loaded Objects now: 3461.
Total: 2.444522 ms (FindLiveObjects: 0.276534 ms CreateObjectMapping: 0.136361 ms MarkObjects: 1.882658 ms  DeleteObjects: 0.147797 ms)

========================================================================
Received Import Request.
  path: Assets/Scenes/VictoryScreen.unity
  artifactKey: Guid(a55fc7d86ca9d944caf358c2f2c76da4) Importer(815301076,1909f56bfc062723c751e8b465ee728b)
Start importing Assets/Scenes/VictoryScreen.unity using Guid(a55fc7d86ca9d944caf358c2f2c76da4) Importer(815301076,1909f56bfc062723c751e8b465ee728b)  -> (artifact id: '5b9061934c8774f2536dcdc6875e6b55') in 0.014386 seconds
  Import took 0.019853 seconds .

========================================================================
Received Import Request.
  Time since last request: 1.325303 seconds.
  path: Assets/Scenes/Menu.unity
  artifactKey: Guid(45abc81cf486bc94eb330f8dcc8d0a63) Importer(815301076,1909f56bfc062723c751e8b465ee728b)
Start importing Assets/Scenes/Menu.unity using Guid(45abc81cf486bc94eb330f8dcc8d0a63) Importer(815301076,1909f56bfc062723c751e8b465ee728b)  -> (artifact id: 'e11ac800edad727b22ed7ae1879ffa56') in 0.002148 seconds
  Import took 0.007588 seconds .

========================================================================
Received Prepare
Registering precompiled user dll's ...
Registered in 0.001520 seconds.
Begin MonoManager ReloadAssembly
Native extension for WindowsStandalone target not found
Native extension for WebGL target not found
Refreshing native plugins compatible for Editor in 0.61 ms, found 1 plugins.
Preloading 0 native plugins for Editor in 0.00 ms.
Mono: successfully reloaded assembly
- Completed reload, in  0.904 seconds
Platform modules already initialized, skipping
Shader 'WFX/Transparent Diffuse': fallback shader 'Particles/Alpha Blended' not found
Shader 'WFX/Transparent Specular': fallback shader 'Particles/Alpha Blended' not found
Shader 'Universal Render Pipeline/Particles/Lit': fallback shader 'Universal Render Pipeline/Particles/SimpleLit' not found
Refreshing native plugins compatible for Editor in 0.59 ms, found 1 plugins.
Preloading 0 native plugins for Editor in 0.00 ms.
Unloading 2888 Unused Serialized files (Serialized files now loaded: 0)
System memory in use before: 128.9 MB.
System memory in use after: 128.9 MB.

Unloading 14 unused Assets to reduce memory usage. Loaded Objects now: 3465.
Total: 3.430132 ms (FindLiveObjects: 0.313190 ms CreateObjectMapping: 0.148970 ms MarkObjects: 2.831904 ms  DeleteObjects: 0.134894 ms)

========================================================================
Received Prepare
Registering precompiled user dll's ...
Registered in 0.001645 seconds.
Begin MonoManager ReloadAssembly
Native extension for WindowsStandalone target not found
Native extension for WebGL target not found
Refreshing native plugins compatible for Editor in 0.60 ms, found 1 plugins.
Preloading 0 native plugins for Editor in 0.00 ms.
Mono: successfully reloaded assembly
- Completed reload, in  0.894 seconds
Platform modules already initialized, skipping
Shader 'WFX/Transparent Diffuse': fallback shader 'Particles/Alpha Blended' not found
Shader 'WFX/Transparent Specular': fallback shader 'Particles/Alpha Blended' not found
Shader 'Universal Render Pipeline/Particles/Lit': fallback shader 'Universal Render Pipeline/Particles/SimpleLit' not found
Refreshing native plugins compatible for Editor in 0.57 ms, found 1 plugins.
Preloading 0 native plugins for Editor in 0.00 ms.
Unloading 2888 Unused Serialized files (Serialized files now loaded: 0)
System memory in use before: 128.9 MB.
System memory in use after: 129.0 MB.

Unloading 14 unused Assets to reduce memory usage. Loaded Objects now: 3469.
Total: 3.186442 ms (FindLiveObjects: 0.257179 ms CreateObjectMapping: 0.125804 ms MarkObjects: 2.606689 ms  DeleteObjects: 0.195597 ms)

========================================================================
Received Import Request.
  Time since last request: 332.896252 seconds.
  path: Assets/Scenes/VictoryScreen.unity
  artifactKey: Guid(a55fc7d86ca9d944caf358c2f2c76da4) Importer(815301076,1909f56bfc062723c751e8b465ee728b)
Start importing Assets/Scenes/VictoryScreen.unity using Guid(a55fc7d86ca9d944caf358c2f2c76da4) Importer(815301076,1909f56bfc062723c751e8b465ee728b)  -> (artifact id: 'ce55fdb23587fe68e20d4044b2983c70') in 0.016312 seconds
  Import took 0.022234 seconds .

========================================================================
Received Import Request.
  Time since last request: 98.651727 seconds.
  path: Assets/Scenes/Game.unity
  artifactKey: Guid(06896bcd096601442a257fed9b3c0899) Importer(815301076,1909f56bfc062723c751e8b465ee728b)
Start importing Assets/Scenes/Game.unity using Guid(06896bcd096601442a257fed9b3c0899) Importer(815301076,1909f56bfc062723c751e8b465ee728b)  -> (artifact id: '3cbc3c8929f07bafe9a153817d99ff68') in 0.002786 seconds
  Import took 0.008961 seconds .

========================================================================
Received Prepare
Registering precompiled user dll's ...
Registered in 0.001638 seconds.
Begin MonoManager ReloadAssembly
Native extension for WindowsStandalone target not found
Native extension for WebGL target not found
Refreshing native plugins compatible for Editor in 0.63 ms, found 1 plugins.
Preloading 0 native plugins for Editor in 0.00 ms.
Mono: successfully reloaded assembly
- Completed reload, in  0.892 seconds
Platform modules already initialized, skipping
Shader 'WFX/Transparent Diffuse': fallback shader 'Particles/Alpha Blended' not found
Shader 'WFX/Transparent Specular': fallback shader 'Particles/Alpha Blended' not found
Shader 'Universal Render Pipeline/Particles/Lit': fallback shader 'Universal Render Pipeline/Particles/SimpleLit' not found
Refreshing native plugins compatible for Editor in 0.69 ms, found 1 plugins.
Preloading 0 native plugins for Editor in 0.00 ms.
Unloading 2889 Unused Serialized files (Serialized files now loaded: 0)
System memory in use before: 129.0 MB.
System memory in use after: 129.1 MB.

Unloading 14 unused Assets to reduce memory usage. Loaded Objects now: 3474.
Total: 2.982341 ms (FindLiveObjects: 0.264510 ms CreateObjectMapping: 0.127270 ms MarkObjects: 2.399362 ms  DeleteObjects: 0.189146 ms)

========================================================================
Received Import Request.
  Time since last request: 269.237658 seconds.
  path: Assets/Health.cs
  artifactKey: Guid(0c1525e68cd1c4848b330ee3e547db8a) Importer(815301076,1909f56bfc062723c751e8b465ee728b)
Start importing Assets/Health.cs using Guid(0c1525e68cd1c4848b330ee3e547db8a) Importer(815301076,1909f56bfc062723c751e8b465ee728b)  -> (artifact id: '81f56a6edde2ef8ea3ecdd7c868f928f') in 0.018531 seconds
  Import took 0.024389 seconds .

========================================================================
Received Import Request.
  Time since last request: 0.008536 seconds.
  path: Assets/Health.cs
  artifactKey: Guid(0c1525e68cd1c4848b330ee3e547db8a) Importer(815301076,1909f56bfc062723c751e8b465ee728b)
Start importing Assets/Health.cs using Guid(0c1525e68cd1c4848b330ee3e547db8a) Importer(815301076,1909f56bfc062723c751e8b465ee728b)  -> (artifact id: '81f56a6edde2ef8ea3ecdd7c868f928f') in 0.002828 seconds
  Import took 0.008585 seconds .

========================================================================
Received Import Request.
  Time since last request: 50.015430 seconds.
  path: Assets/SpikesDamage.cs
  artifactKey: Guid(edd9eb91658397e4880584834a8bbc5f) Importer(815301076,1909f56bfc062723c751e8b465ee728b)
Start importing Assets/SpikesDamage.cs using Guid(edd9eb91658397e4880584834a8bbc5f) Importer(815301076,1909f56bfc062723c751e8b465ee728b)  -> (artifact id: 'cf1611153af8e4a8f28dd029ad50cb70') in 0.003408 seconds
  Import took 0.009201 seconds .

========================================================================
Received Prepare
Registering precompiled user dll's ...
Registered in 0.001558 seconds.
Begin MonoManager ReloadAssembly
Native extension for WindowsStandalone target not found
Native extension for WebGL target not found
Refreshing native plugins compatible for Editor in 0.60 ms, found 1 plugins.
Preloading 0 native plugins for Editor in 0.00 ms.
Mono: successfully reloaded assembly
- Completed reload, in  0.891 seconds
Platform modules already initialized, skipping
Shader 'WFX/Transparent Diffuse': fallback shader 'Particles/Alpha Blended' not found
Shader 'WFX/Transparent Specular': fallback shader 'Particles/Alpha Blended' not found
Shader 'Universal Render Pipeline/Particles/Lit': fallback shader 'Universal Render Pipeline/Particles/SimpleLit' not found
Refreshing native plugins compatible for Editor in 0.66 ms, found 1 plugins.
Preloading 0 native plugins for Editor in 0.00 ms.
Unloading 2889 Unused Serialized files (Serialized files now loaded: 0)
System memory in use before: 129.0 MB.
System memory in use after: 129.1 MB.

Unloading 14 unused Assets to reduce memory usage. Loaded Objects now: 3478.
Total: 3.350368 ms (FindLiveObjects: 0.260698 ms CreateObjectMapping: 0.127857 ms MarkObjects: 2.748622 ms  DeleteObjects: 0.212312 ms)

========================================================================
Received Prepare
Registering precompiled user dll's ...
Registered in 0.001570 seconds.
Begin MonoManager ReloadAssembly
Native extension for WindowsStandalone target not found
Native extension for WebGL target not found
Refreshing native plugins compatible for Editor in 0.73 ms, found 1 plugins.
Preloading 0 native plugins for Editor in 0.00 ms.
Mono: successfully reloaded assembly
- Completed reload, in  0.883 seconds
Platform modules already initialized, skipping
Shader 'WFX/Transparent Diffuse': fallback shader 'Particles/Alpha Blended' not found
Shader 'WFX/Transparent Specular': fallback shader 'Particles/Alpha Blended' not found
Shader 'Universal Render Pipeline/Particles/Lit': fallback shader 'Universal Render Pipeline/Particles/SimpleLit' not found
Refreshing native plugins compatible for Editor in 0.65 ms, found 1 plugins.
Preloading 0 native plugins for Editor in 0.00 ms.
Unloading 2889 Unused Serialized files (Serialized files now loaded: 0)
System memory in use before: 129.0 MB.
System memory in use after: 129.1 MB.

Unloading 14 unused Assets to reduce memory usage. Loaded Objects now: 3482.
Total: 3.406965 ms (FindLiveObjects: 0.266563 ms CreateObjectMapping: 0.126684 ms MarkObjects: 2.827212 ms  DeleteObjects: 0.185333 ms)

========================================================================
Received Prepare
Registering precompiled user dll's ...
Registered in 0.001522 seconds.
Begin MonoManager ReloadAssembly
Native extension for WindowsStandalone target not found
Native extension for WebGL target not found
Refreshing native plugins compatible for Editor in 0.64 ms, found 1 plugins.
Preloading 0 native plugins for Editor in 0.00 ms.
Mono: successfully reloaded assembly
- Completed reload, in  0.888 seconds
Platform modules already initialized, skipping
Shader 'WFX/Transparent Diffuse': fallback shader 'Particles/Alpha Blended' not found
Shader 'WFX/Transparent Specular': fallback shader 'Particles/Alpha Blended' not found
Shader 'Universal Render Pipeline/Particles/Lit': fallback shader 'Universal Render Pipeline/Particles/SimpleLit' not found
Refreshing native plugins compatible for Editor in 0.60 ms, found 1 plugins.
Preloading 0 native plugins for Editor in 0.00 ms.
Unloading 2889 Unused Serialized files (Serialized files now loaded: 0)
System memory in use before: 129.0 MB.
System memory in use after: 129.1 MB.

Unloading 14 unused Assets to reduce memory usage. Loaded Objects now: 3486.
Total: 2.559183 ms (FindLiveObjects: 0.257766 ms CreateObjectMapping: 0.126684 ms MarkObjects: 2.048930 ms  DeleteObjects: 0.124631 ms)

========================================================================
Received Prepare
Registering precompiled user dll's ...
Registered in 0.001665 seconds.
Begin MonoManager ReloadAssembly
Native extension for WindowsStandalone target not found
Native extension for WebGL target not found
Refreshing native plugins compatible for Editor in 0.57 ms, found 1 plugins.
Preloading 0 native plugins for Editor in 0.00 ms.
Mono: successfully reloaded assembly
- Completed reload, in  0.902 seconds
Platform modules already initialized, skipping
Shader 'WFX/Transparent Diffuse': fallback shader 'Particles/Alpha Blended' not found
Shader 'WFX/Transparent Specular': fallback shader 'Particles/Alpha Blended' not found
Shader 'Universal Render Pipeline/Particles/Lit': fallback shader 'Universal Render Pipeline/Particles/SimpleLit' not found
Refreshing native plugins compatible for Editor in 0.64 ms, found 1 plugins.
Preloading 0 native plugins for Editor in 0.00 ms.
Unloading 2889 Unused Serialized files (Serialized files now loaded: 0)
System memory in use before: 129.0 MB.
System memory in use after: 129.1 MB.

Unloading 14 unused Assets to reduce memory usage. Loaded Objects now: 3490.
Total: 3.085858 ms (FindLiveObjects: 0.262458 ms CreateObjectMapping: 0.128443 ms MarkObjects: 2.564754 ms  DeleteObjects: 0.129029 ms)

========================================================================
Received Import Request.
  Time since last request: 509.484198 seconds.
  path: Assets/win_text.png
  artifactKey: Guid(9e1fb9c161a26eb4d8ed8a2e28148a38) Importer(815301076,1909f56bfc062723c751e8b465ee728b)
Start importing Assets/win_text.png using Guid(9e1fb9c161a26eb4d8ed8a2e28148a38) Importer(815301076,1909f56bfc062723c751e8b465ee728b)  -> (artifact id: '49311d2864f4b30a56e86bb74c1bd0d1') in 0.080150 seconds
  Import took 0.086727 seconds .

========================================================================
Received Import Request.
  Time since last request: 197.013029 seconds.
  path: Assets/game_over_text.png
  artifactKey: Guid(4cb091e15274d3f45a1cbacdbe40a079) Importer(815301076,1909f56bfc062723c751e8b465ee728b)
Start importing Assets/game_over_text.png using Guid(4cb091e15274d3f45a1cbacdbe40a079) Importer(815301076,1909f56bfc062723c751e8b465ee728b)  -> (artifact id: 'd257aed52317dddb6787b9bd8a383887') in 0.021730 seconds
  Import took 0.027983 seconds .

========================================================================
Received Import Request.
  Time since last request: 16.240866 seconds.
  path: Assets/Scenes/GameOverScene.unity
  artifactKey: Guid(535bcf4f718751940b4e0a32daf330e6) Importer(815301076,1909f56bfc062723c751e8b465ee728b)
Start importing Assets/Scenes/GameOverScene.unity using Guid(535bcf4f718751940b4e0a32daf330e6) Importer(815301076,1909f56bfc062723c751e8b465ee728b)  -> (artifact id: '4b9ad958c755ef71e64439f234bcc7fa') in 0.003555 seconds
  Import took 0.010198 seconds .

========================================================================
Received Prepare
Registering precompiled user dll's ...
Registered in 0.001604 seconds.
Begin MonoManager ReloadAssembly
Native extension for WindowsStandalone target not found
Native extension for WebGL target not found
Refreshing native plugins compatible for Editor in 0.59 ms, found 1 plugins.
Preloading 0 native plugins for Editor in 0.00 ms.
Mono: successfully reloaded assembly
- Completed reload, in  0.881 seconds
Platform modules already initialized, skipping
Shader 'WFX/Transparent Diffuse': fallback shader 'Particles/Alpha Blended' not found
Shader 'WFX/Transparent Specular': fallback shader 'Particles/Alpha Blended' not found
Shader 'Universal Render Pipeline/Particles/Lit': fallback shader 'Universal Render Pipeline/Particles/SimpleLit' not found
Refreshing native plugins compatible for Editor in 0.61 ms, found 1 plugins.
Preloading 0 native plugins for Editor in 0.00 ms.
Unloading 2889 Unused Serialized files (Serialized files now loaded: 0)
System memory in use before: 132.0 MB.
System memory in use after: 132.1 MB.

Unloading 14 unused Assets to reduce memory usage. Loaded Objects now: 3502.
Total: 3.322803 ms (FindLiveObjects: 0.329905 ms CreateObjectMapping: 0.153076 ms MarkObjects: 2.703461 ms  DeleteObjects: 0.133721 ms)

========================================================================
Received Import Request.
  Time since last request: 240.076641 seconds.
  path: Assets/Health.cs
  artifactKey: Guid(0c1525e68cd1c4848b330ee3e547db8a) Importer(815301076,1909f56bfc062723c751e8b465ee728b)
Start importing Assets/Health.cs using Guid(0c1525e68cd1c4848b330ee3e547db8a) Importer(815301076,1909f56bfc062723c751e8b465ee728b)  -> (artifact id: 'c30d5575f728df1983743a2abb4db4e7') in 0.007097 seconds
  Import took 0.013138 seconds .

========================================================================
Received Import Request.
  Time since last request: 18.052782 seconds.
  path: Assets/Scenes/Game.unity
  artifactKey: Guid(06896bcd096601442a257fed9b3c0899) Importer(815301076,1909f56bfc062723c751e8b465ee728b)
Start importing Assets/Scenes/Game.unity using Guid(06896bcd096601442a257fed9b3c0899) Importer(815301076,1909f56bfc062723c751e8b465ee728b)  -> (artifact id: '1ccc6458aaf05c3721b93fd3537260cb') in 0.011586 seconds
  Import took 0.017270 seconds .

========================================================================
Received Prepare
Registering precompiled user dll's ...
Registered in 0.001591 seconds.
Begin MonoManager ReloadAssembly
Native extension for WindowsStandalone target not found
Native extension for WebGL target not found
Refreshing native plugins compatible for Editor in 0.58 ms, found 1 plugins.
Preloading 0 native plugins for Editor in 0.00 ms.
Mono: successfully reloaded assembly
- Completed reload, in  0.872 seconds
Platform modules already initialized, skipping
Shader 'WFX/Transparent Diffuse': fallback shader 'Particles/Alpha Blended' not found
Shader 'WFX/Transparent Specular': fallback shader 'Particles/Alpha Blended' not found
Shader 'Universal Render Pipeline/Particles/Lit': fallback shader 'Universal Render Pipeline/Particles/SimpleLit' not found
Refreshing native plugins compatible for Editor in 0.59 ms, found 1 plugins.
Preloading 0 native plugins for Editor in 0.00 ms.
Unloading 2889 Unused Serialized files (Serialized files now loaded: 0)
System memory in use before: 132.0 MB.
System memory in use after: 132.1 MB.

Unloading 14 unused Assets to reduce memory usage. Loaded Objects now: 3506.
Total: 2.749795 ms (FindLiveObjects: 0.275067 ms CreateObjectMapping: 0.121112 ms MarkObjects: 2.230158 ms  DeleteObjects: 0.122285 ms)

========================================================================
Received Prepare
Registering precompiled user dll's ...
Registered in 0.001579 seconds.
Begin MonoManager ReloadAssembly
Native extension for WindowsStandalone target not found
Native extension for WebGL target not found
Refreshing native plugins compatible for Editor in 0.57 ms, found 1 plugins.
Preloading 0 native plugins for Editor in 0.00 ms.
Mono: successfully reloaded assembly
- Completed reload, in  0.882 seconds
Platform modules already initialized, skipping
Shader 'WFX/Transparent Diffuse': fallback shader 'Particles/Alpha Blended' not found
Shader 'WFX/Transparent Specular': fallback shader 'Particles/Alpha Blended' not found
Shader 'Universal Render Pipeline/Particles/Lit': fallback shader 'Universal Render Pipeline/Particles/SimpleLit' not found
Refreshing native plugins compatible for Editor in 0.64 ms, found 1 plugins.
Preloading 0 native plugins for Editor in 0.00 ms.
Unloading 2889 Unused Serialized files (Serialized files now loaded: 0)
System memory in use before: 132.0 MB.
System memory in use after: 132.1 MB.

Unloading 14 unused Assets to reduce memory usage. Loaded Objects now: 3510.
Total: 2.761231 ms (FindLiveObjects: 0.259525 ms CreateObjectMapping: 0.123751 ms MarkObjects: 2.249512 ms  DeleteObjects: 0.127270 ms)

========================================================================
Received Prepare
Registering precompiled user dll's ...
Registered in 0.001691 seconds.
Begin MonoManager ReloadAssembly
Native extension for WindowsStandalone target not found
Native extension for WebGL target not found
Refreshing native plugins compatible for Editor in 0.64 ms, found 1 plugins.
Preloading 0 native plugins for Editor in 0.00 ms.
Mono: successfully reloaded assembly
- Completed reload, in  0.872 seconds
Platform modules already initialized, skipping
Shader 'WFX/Transparent Diffuse': fallback shader 'Particles/Alpha Blended' not found
Shader 'WFX/Transparent Specular': fallback shader 'Particles/Alpha Blended' not found
Shader 'Universal Render Pipeline/Particles/Lit': fallback shader 'Universal Render Pipeline/Particles/SimpleLit' not found
Refreshing native plugins compatible for Editor in 0.59 ms, found 1 plugins.
Preloading 0 native plugins for Editor in 0.00 ms.
Unloading 2889 Unused Serialized files (Serialized files now loaded: 0)
System memory in use before: 132.0 MB.
System memory in use after: 132.1 MB.

Unloading 14 unused Assets to reduce memory usage. Loaded Objects now: 3514.
Total: 2.972370 ms (FindLiveObjects: 0.262458 ms CreateObjectMapping: 0.124338 ms MarkObjects: 2.438951 ms  DeleteObjects: 0.145158 ms)

========================================================================
Received Import Request.
  Time since last request: 66.947436 seconds.
  path: Assets/Scenes/GameOverScene.unity
  artifactKey: Guid(535bcf4f718751940b4e0a32daf330e6) Importer(815301076,1909f56bfc062723c751e8b465ee728b)
Start importing Assets/Scenes/GameOverScene.unity using Guid(535bcf4f718751940b4e0a32daf330e6) Importer(815301076,1909f56bfc062723c751e8b465ee728b)  -> (artifact id: '3cc1918b327008874a0e3ac5c7e08774') in 0.014857 seconds
  Import took 0.021068 seconds .

========================================================================
Received Prepare
Registering precompiled user dll's ...
Registered in 0.001667 seconds.
Begin MonoManager ReloadAssembly
Native extension for WindowsStandalone target not found
Native extension for WebGL target not found
Refreshing native plugins compatible for Editor in 0.76 ms, found 1 plugins.
Preloading 0 native plugins for Editor in 0.00 ms.
Mono: successfully reloaded assembly
- Completed reload, in  0.889 seconds
Platform modules already initialized, skipping
Shader 'WFX/Transparent Diffuse': fallback shader 'Particles/Alpha Blended' not found
Shader 'WFX/Transparent Specular': fallback shader 'Particles/Alpha Blended' not found
Shader 'Universal Render Pipeline/Particles/Lit': fallback shader 'Universal Render Pipeline/Particles/SimpleLit' not found
Refreshing native plugins compatible for Editor in 0.77 ms, found 1 plugins.
Preloading 0 native plugins for Editor in 0.00 ms.
Unloading 2889 Unused Serialized files (Serialized files now loaded: 0)
System memory in use before: 132.0 MB.
System memory in use after: 132.1 MB.

Unloading 14 unused Assets to reduce memory usage. Loaded Objects now: 3518.
Total: 2.927503 ms (FindLiveObjects: 0.289437 ms CreateObjectMapping: 0.126684 ms MarkObjects: 2.315786 ms  DeleteObjects: 0.194131 ms)

========================================================================
Received Import Request.
  Time since last request: 28.183715 seconds.
  path: Assets/GoToMenu.cs
  artifactKey: Guid(9a75b74644dcc2a4d972317bda5f498c) Importer(815301076,1909f56bfc062723c751e8b465ee728b)
Start importing Assets/GoToMenu.cs using Guid(9a75b74644dcc2a4d972317bda5f498c) Importer(815301076,1909f56bfc062723c751e8b465ee728b)  -> (artifact id: '99910cb87298f39af4e6d337e8793516') in 0.007466 seconds
  Import took 0.013496 seconds .

========================================================================
Received Prepare
Registering precompiled user dll's ...
Registered in 0.001528 seconds.
Begin MonoManager ReloadAssembly
Native extension for WindowsStandalone target not found
Native extension for WebGL target not found
Refreshing native plugins compatible for Editor in 0.59 ms, found 1 plugins.
Preloading 0 native plugins for Editor in 0.00 ms.
Mono: successfully reloaded assembly
- Completed reload, in  0.901 seconds
Platform modules already initialized, skipping
Shader 'WFX/Transparent Diffuse': fallback shader 'Particles/Alpha Blended' not found
Shader 'WFX/Transparent Specular': fallback shader 'Particles/Alpha Blended' not found
Shader 'Universal Render Pipeline/Particles/Lit': fallback shader 'Universal Render Pipeline/Particles/SimpleLit' not found
Refreshing native plugins compatible for Editor in 0.67 ms, found 1 plugins.
Preloading 0 native plugins for Editor in 0.00 ms.
Unloading 2890 Unused Serialized files (Serialized files now loaded: 0)
System memory in use before: 132.1 MB.
System memory in use after: 132.2 MB.

Unloading 14 unused Assets to reduce memory usage. Loaded Objects now: 3523.
Total: 2.590560 ms (FindLiveObjects: 0.264217 ms CreateObjectMapping: 0.127270 ms MarkObjects: 2.069750 ms  DeleteObjects: 0.128150 ms)

========================================================================
Received Import Request.
  Time since last request: 77.403219 seconds.
  path: Assets/GoToMenu.cs
  artifactKey: Guid(9a75b74644dcc2a4d972317bda5f498c) Importer(815301076,1909f56bfc062723c751e8b465ee728b)
Start importing Assets/GoToMenu.cs using Guid(9a75b74644dcc2a4d972317bda5f498c) Importer(815301076,1909f56bfc062723c751e8b465ee728b)  -> (artifact id: 'f81296db404856b6fa5f37ff9abf6772') in 0.009336 seconds
  Import took 0.017736 seconds .

========================================================================
Received Import Request.
  Time since last request: 0.002292 seconds.
  path: Assets/GoToMenu.cs
  artifactKey: Guid(9a75b74644dcc2a4d972317bda5f498c) Importer(815301076,1909f56bfc062723c751e8b465ee728b)
Start importing Assets/GoToMenu.cs using Guid(9a75b74644dcc2a4d972317bda5f498c) Importer(815301076,1909f56bfc062723c751e8b465ee728b)  -> (artifact id: 'f81296db404856b6fa5f37ff9abf6772') in 0.004651 seconds
  Import took 0.011143 seconds .

========================================================================
Received Prepare
Registering precompiled user dll's ...
Registered in 0.001573 seconds.
Begin MonoManager ReloadAssembly
Native extension for WindowsStandalone target not found
Native extension for WebGL target not found
Refreshing native plugins compatible for Editor in 0.58 ms, found 1 plugins.
Preloading 0 native plugins for Editor in 0.00 ms.
Mono: successfully reloaded assembly
- Completed reload, in  0.881 seconds
Platform modules already initialized, skipping
Shader 'WFX/Transparent Diffuse': fallback shader 'Particles/Alpha Blended' not found
Shader 'WFX/Transparent Specular': fallback shader 'Particles/Alpha Blended' not found
Shader 'Universal Render Pipeline/Particles/Lit': fallback shader 'Universal Render Pipeline/Particles/SimpleLit' not found
Refreshing native plugins compatible for Editor in 0.67 ms, found 1 plugins.
Preloading 0 native plugins for Editor in 0.00 ms.
Unloading 2890 Unused Serialized files (Serialized files now loaded: 0)
System memory in use before: 132.1 MB.
System memory in use after: 132.2 MB.

Unloading 14 unused Assets to reduce memory usage. Loaded Objects now: 3527.
Total: 2.759178 ms (FindLiveObjects: 0.264510 ms CreateObjectMapping: 0.125217 ms MarkObjects: 2.217548 ms  DeleteObjects: 0.150437 ms)

========================================================================
Received Prepare
Registering precompiled user dll's ...
Registered in 0.001499 seconds.
Begin MonoManager ReloadAssembly
Native extension for WindowsStandalone target not found
Native extension for WebGL target not found
Refreshing native plugins compatible for Editor in 0.59 ms, found 1 plugins.
Preloading 0 native plugins for Editor in 0.00 ms.
Mono: successfully reloaded assembly
- Completed reload, in  0.874 seconds
Platform modules already initialized, skipping
Shader 'WFX/Transparent Diffuse': fallback shader 'Particles/Alpha Blended' not found
Shader 'WFX/Transparent Specular': fallback shader 'Particles/Alpha Blended' not found
Shader 'Universal Render Pipeline/Particles/Lit': fallback shader 'Universal Render Pipeline/Particles/SimpleLit' not found
Refreshing native plugins compatible for Editor in 0.69 ms, found 1 plugins.
Preloading 0 native plugins for Editor in 0.00 ms.
Unloading 2890 Unused Serialized files (Serialized files now loaded: 0)
System memory in use before: 132.1 MB.
System memory in use after: 132.2 MB.

Unloading 14 unused Assets to reduce memory usage. Loaded Objects now: 3531.
Total: 3.438050 ms (FindLiveObjects: 0.271548 ms CreateObjectMapping: 0.131962 ms MarkObjects: 2.911375 ms  DeleteObjects: 0.122285 ms)

========================================================================
Received Prepare
Registering precompiled user dll's ...
Registered in 0.001513 seconds.
Begin MonoManager ReloadAssembly
Native extension for WindowsStandalone target not found
Native extension for WebGL target not found
Refreshing native plugins compatible for Editor in 0.71 ms, found 1 plugins.
Preloading 0 native plugins for Editor in 0.00 ms.
Mono: successfully reloaded assembly
- Completed reload, in  0.884 seconds
Platform modules already initialized, skipping
Shader 'WFX/Transparent Diffuse': fallback shader 'Particles/Alpha Blended' not found
Shader 'WFX/Transparent Specular': fallback shader 'Particles/Alpha Blended' not found
Shader 'Universal Render Pipeline/Particles/Lit': fallback shader 'Universal Render Pipeline/Particles/SimpleLit' not found
Refreshing native plugins compatible for Editor in 0.59 ms, found 1 plugins.
Preloading 0 native plugins for Editor in 0.00 ms.
Unloading 2890 Unused Serialized files (Serialized files now loaded: 0)
System memory in use before: 132.1 MB.
System memory in use after: 132.2 MB.

Unloading 14 unused Assets to reduce memory usage. Loaded Objects now: 3535.
Total: 3.191721 ms (FindLiveObjects: 0.282985 ms CreateObjectMapping: 0.127270 ms MarkObjects: 2.650676 ms  DeleteObjects: 0.129909 ms)

========================================================================
Received Prepare
Registering precompiled user dll's ...
Registered in 0.001605 seconds.
Begin MonoManager ReloadAssembly
Native extension for WindowsStandalone target not found
Native extension for WebGL target not found
Refreshing native plugins compatible for Editor in 0.75 ms, found 1 plugins.
Preloading 0 native plugins for Editor in 0.00 ms.
Mono: successfully reloaded assembly
- Completed reload, in  0.885 seconds
Platform modules already initialized, skipping
Shader 'WFX/Transparent Diffuse': fallback shader 'Particles/Alpha Blended' not found
Shader 'WFX/Transparent Specular': fallback shader 'Particles/Alpha Blended' not found
Shader 'Universal Render Pipeline/Particles/Lit': fallback shader 'Universal Render Pipeline/Particles/SimpleLit' not found
Refreshing native plugins compatible for Editor in 0.67 ms, found 1 plugins.
Preloading 0 native plugins for Editor in 0.00 ms.
Unloading 2890 Unused Serialized files (Serialized files now loaded: 0)
System memory in use before: 132.1 MB.
System memory in use after: 132.2 MB.

Unloading 14 unused Assets to reduce memory usage. Loaded Objects now: 3539.
Total: 2.867387 ms (FindLiveObjects: 0.265683 ms CreateObjectMapping: 0.126684 ms MarkObjects: 2.345698 ms  DeleteObjects: 0.127270 ms)

========================================================================
Received Prepare
Registering precompiled user dll's ...
Registered in 0.001571 seconds.
Begin MonoManager ReloadAssembly
Native extension for WindowsStandalone target not found
Native extension for WebGL target not found
Refreshing native plugins compatible for Editor in 0.69 ms, found 1 plugins.
Preloading 0 native plugins for Editor in 0.00 ms.
Mono: successfully reloaded assembly
- Completed reload, in  0.895 seconds
Platform modules already initialized, skipping
Shader 'WFX/Transparent Diffuse': fallback shader 'Particles/Alpha Blended' not found
Shader 'WFX/Transparent Specular': fallback shader 'Particles/Alpha Blended' not found
Shader 'Universal Render Pipeline/Particles/Lit': fallback shader 'Universal Render Pipeline/Particles/SimpleLit' not found
Refreshing native plugins compatible for Editor in 0.62 ms, found 1 plugins.
Preloading 0 native plugins for Editor in 0.00 ms.
Unloading 2890 Unused Serialized files (Serialized files now loaded: 0)
System memory in use before: 132.1 MB.
System memory in use after: 132.2 MB.

Unloading 14 unused Assets to reduce memory usage. Loaded Objects now: 3543.
Total: 2.967092 ms (FindLiveObjects: 0.273015 ms CreateObjectMapping: 0.129616 ms MarkObjects: 2.441883 ms  DeleteObjects: 0.121405 ms)

========================================================================
Received Import Request.
  Time since last request: 232.648842 seconds.
  path: Assets/Scenes/Game.unity
  artifactKey: Guid(06896bcd096601442a257fed9b3c0899) Importer(815301076,1909f56bfc062723c751e8b465ee728b)
Start importing Assets/Scenes/Game.unity using Guid(06896bcd096601442a257fed9b3c0899) Importer(815301076,1909f56bfc062723c751e8b465ee728b)  -> (artifact id: 'ca993fc5de61814f51066ff0095d2977') in 0.015361 seconds
  Import took 0.020979 seconds .

========================================================================
Received Import Request.
  Time since last request: 16.107667 seconds.
  path: Assets/Scenes/VictoryScreen.unity
  artifactKey: Guid(a55fc7d86ca9d944caf358c2f2c76da4) Importer(815301076,1909f56bfc062723c751e8b465ee728b)
Start importing Assets/Scenes/VictoryScreen.unity using Guid(a55fc7d86ca9d944caf358c2f2c76da4) Importer(815301076,1909f56bfc062723c751e8b465ee728b)  -> (artifact id: 'e82162cdc79411362b1fccd9923237cd') in 0.003235 seconds
  Import took 0.009156 seconds .

========================================================================
Received Prepare
Registering precompiled user dll's ...
Registered in 0.001545 seconds.
Begin MonoManager ReloadAssembly
Native extension for WindowsStandalone target not found
Native extension for WebGL target not found
Refreshing native plugins compatible for Editor in 0.71 ms, found 1 plugins.
Preloading 0 native plugins for Editor in 0.00 ms.
Mono: successfully reloaded assembly
- Completed reload, in  0.899 seconds
Platform modules already initialized, skipping
Shader 'WFX/Transparent Diffuse': fallback shader 'Particles/Alpha Blended' not found
Shader 'WFX/Transparent Specular': fallback shader 'Particles/Alpha Blended' not found
Shader 'Universal Render Pipeline/Particles/Lit': fallback shader 'Universal Render Pipeline/Particles/SimpleLit' not found
Refreshing native plugins compatible for Editor in 0.61 ms, found 1 plugins.
Preloading 0 native plugins for Editor in 0.00 ms.
Unloading 2890 Unused Serialized files (Serialized files now loaded: 0)
System memory in use before: 132.1 MB.
System memory in use after: 132.2 MB.

Unloading 14 unused Assets to reduce memory usage. Loaded Objects now: 3547.
Total: 3.495233 ms (FindLiveObjects: 0.271842 ms CreateObjectMapping: 0.127563 ms MarkObjects: 2.914894 ms  DeleteObjects: 0.178882 ms)

========================================================================
Received Prepare
Registering precompiled user dll's ...
Registered in 0.001576 seconds.
Begin MonoManager ReloadAssembly
Native extension for WindowsStandalone target not found
Native extension for WebGL target not found
Refreshing native plugins compatible for Editor in 0.60 ms, found 1 plugins.
Preloading 0 native plugins for Editor in 0.00 ms.
Mono: successfully reloaded assembly
- Completed reload, in  0.913 seconds
Platform modules already initialized, skipping
Shader 'WFX/Transparent Diffuse': fallback shader 'Particles/Alpha Blended' not found
Shader 'WFX/Transparent Specular': fallback shader 'Particles/Alpha Blended' not found
Shader 'Universal Render Pipeline/Particles/Lit': fallback shader 'Universal Render Pipeline/Particles/SimpleLit' not found
Refreshing native plugins compatible for Editor in 0.60 ms, found 1 plugins.
Preloading 0 native plugins for Editor in 0.00 ms.
Unloading 2890 Unused Serialized files (Serialized files now loaded: 0)
System memory in use before: 132.1 MB.
System memory in use after: 132.2 MB.

Unloading 14 unused Assets to reduce memory usage. Loaded Objects now: 3551.
Total: 2.983221 ms (FindLiveObjects: 0.267150 ms CreateObjectMapping: 0.129029 ms MarkObjects: 2.442763 ms  DeleteObjects: 0.142812 ms)

========================================================================
Received Import Request.
  Time since last request: 253.591183 seconds.
  path: Assets/Scenes/VictoryScreen.unity
  artifactKey: Guid(a55fc7d86ca9d944caf358c2f2c76da4) Importer(815301076,1909f56bfc062723c751e8b465ee728b)
Start importing Assets/Scenes/VictoryScreen.unity using Guid(a55fc7d86ca9d944caf358c2f2c76da4) Importer(815301076,1909f56bfc062723c751e8b465ee728b)  -> (artifact id: 'ba11fcc14735bb6d3deda6585de1ddb9') in 0.017126 seconds
  Import took 0.023293 seconds .

========================================================================
Received Import Request.
  Time since last request: 111.613154 seconds.
  path: Assets/Scenes/Game.unity
  artifactKey: Guid(06896bcd096601442a257fed9b3c0899) Importer(815301076,1909f56bfc062723c751e8b465ee728b)
Start importing Assets/Scenes/Game.unity using Guid(06896bcd096601442a257fed9b3c0899) Importer(815301076,1909f56bfc062723c751e8b465ee728b)  -> (artifact id: '8210cc169806f535eb8997aae271bc9d') in 0.002978 seconds
  Import took 0.009280 seconds .

========================================================================
Received Prepare
Registering precompiled user dll's ...
Registered in 0.001657 seconds.
Begin MonoManager ReloadAssembly
Native extension for WindowsStandalone target not found
Native extension for WebGL target not found
Refreshing native plugins compatible for Editor in 0.64 ms, found 1 plugins.
Preloading 0 native plugins for Editor in 0.00 ms.
Mono: successfully reloaded assembly
- Completed reload, in  0.912 seconds
Platform modules already initialized, skipping
Shader 'WFX/Transparent Diffuse': fallback shader 'Particles/Alpha Blended' not found
Shader 'WFX/Transparent Specular': fallback shader 'Particles/Alpha Blended' not found
Shader 'Universal Render Pipeline/Particles/Lit': fallback shader 'Universal Render Pipeline/Particles/SimpleLit' not found
Refreshing native plugins compatible for Editor in 0.58 ms, found 1 plugins.
Preloading 0 native plugins for Editor in 0.00 ms.
Unloading 2890 Unused Serialized files (Serialized files now loaded: 0)
System memory in use before: 132.1 MB.
System memory in use after: 132.2 MB.

Unloading 14 unused Assets to reduce memory usage. Loaded Objects now: 3555.
Total: 3.320164 ms (FindLiveObjects: 0.285918 ms CreateObjectMapping: 0.129029 ms MarkObjects: 2.766216 ms  DeleteObjects: 0.137827 ms)

========================================================================
Received Import Request.
  Time since last request: 165.883064 seconds.
  path: Assets/Enemy.prefab
  artifactKey: Guid(8ad7d988ae817754faba5f616c511206) Importer(815301076,1909f56bfc062723c751e8b465ee728b)
Start importing Assets/Enemy.prefab using Guid(8ad7d988ae817754faba5f616c511206) Importer(815301076,1909f56bfc062723c751e8b465ee728b)  -> (artifact id: '25b22bdaed5fe5a93ceb36ecfdb78601') in 0.188821 seconds
  Import took 0.195410 seconds .

========================================================================
Received Import Request.
  Time since last request: 3.983868 seconds.
  path: Assets/Enemy 1.prefab
  artifactKey: Guid(71e91a20746a98247a22b17b58760b8c) Importer(815301076,1909f56bfc062723c751e8b465ee728b)
Start importing Assets/Enemy 1.prefab using Guid(71e91a20746a98247a22b17b58760b8c) Importer(815301076,1909f56bfc062723c751e8b465ee728b)  -> (artifact id: 'e045824f8a31388b3261c10fe99c30cd') in 0.018879 seconds
  Import took 0.025832 seconds .

========================================================================
Received Import Request.
  Time since last request: 0.012060 seconds.
  path: Assets/Enemy 1.prefab
  artifactKey: Guid(71e91a20746a98247a22b17b58760b8c) Importer(815301076,1909f56bfc062723c751e8b465ee728b)
Start importing Assets/Enemy 1.prefab using Guid(71e91a20746a98247a22b17b58760b8c) Importer(815301076,1909f56bfc062723c751e8b465ee728b)  -> (artifact id: 'e045824f8a31388b3261c10fe99c30cd') in 0.015846 seconds
  Import took 0.022950 seconds .

========================================================================
Received Prepare
Registering precompiled user dll's ...
Registered in 0.001574 seconds.
Begin MonoManager ReloadAssembly
Native extension for WindowsStandalone target not found
Native extension for WebGL target not found
Refreshing native plugins compatible for Editor in 0.77 ms, found 1 plugins.
Preloading 0 native plugins for Editor in 0.00 ms.
Mono: successfully reloaded assembly
- Completed reload, in  0.930 seconds
Platform modules already initialized, skipping
Shader 'WFX/Transparent Diffuse': fallback shader 'Particles/Alpha Blended' not found
Shader 'WFX/Transparent Specular': fallback shader 'Particles/Alpha Blended' not found
Shader 'Universal Render Pipeline/Particles/Lit': fallback shader 'Universal Render Pipeline/Particles/SimpleLit' not found
Refreshing native plugins compatible for Editor in 0.62 ms, found 1 plugins.
Preloading 0 native plugins for Editor in 0.00 ms.
Unloading 2890 Unused Serialized files (Serialized files now loaded: 0)
System memory in use before: 134.4 MB.
System memory in use after: 134.5 MB.

Unloading 14 unused Assets to reduce memory usage. Loaded Objects now: 3603.
Total: 2.730440 ms (FindLiveObjects: 0.270375 ms CreateObjectMapping: 0.126097 ms MarkObjects: 2.201419 ms  DeleteObjects: 0.130789 ms)

========================================================================
Received Prepare
Registering precompiled user dll's ...
Registered in 0.001589 seconds.
Begin MonoManager ReloadAssembly
Native extension for WindowsStandalone target not found
Native extension for WebGL target not found
Refreshing native plugins compatible for Editor in 0.62 ms, found 1 plugins.
Preloading 0 native plugins for Editor in 0.00 ms.
Mono: successfully reloaded assembly
- Completed reload, in  0.954 seconds
Platform modules already initialized, skipping
Shader 'WFX/Transparent Diffuse': fallback shader 'Particles/Alpha Blended' not found
Shader 'WFX/Transparent Specular': fallback shader 'Particles/Alpha Blended' not found
Shader 'Universal Render Pipeline/Particles/Lit': fallback shader 'Universal Render Pipeline/Particles/SimpleLit' not found
Refreshing native plugins compatible for Editor in 0.63 ms, found 1 plugins.
Preloading 0 native plugins for Editor in 0.00 ms.
Unloading 2890 Unused Serialized files (Serialized files now loaded: 0)
System memory in use before: 134.4 MB.
System memory in use after: 134.5 MB.

Unloading 14 unused Assets to reduce memory usage. Loaded Objects now: 3607.
Total: 2.920172 ms (FindLiveObjects: 0.281226 ms CreateObjectMapping: 0.125217 ms MarkObjects: 2.389685 ms  DeleteObjects: 0.122871 ms)

========================================================================
Received Import Request.
  Time since last request: 77.840798 seconds.
  path: Assets/Enemy.prefab
  artifactKey: Guid(8ad7d988ae817754faba5f616c511206) Importer(815301076,1909f56bfc062723c751e8b465ee728b)
Start importing Assets/Enemy.prefab using Guid(8ad7d988ae817754faba5f616c511206) Importer(815301076,1909f56bfc062723c751e8b465ee728b)  -> (artifact id: '03be4e8c74d3b6eae42f90dee983a856') in 0.168190 seconds
  Import took 0.174720 seconds .

========================================================================
Received Import Request.
  Time since last request: 4.589735 seconds.
  path: Assets/Enemy 1.prefab
  artifactKey: Guid(71e91a20746a98247a22b17b58760b8c) Importer(815301076,1909f56bfc062723c751e8b465ee728b)
Start importing Assets/Enemy 1.prefab using Guid(71e91a20746a98247a22b17b58760b8c) Importer(815301076,1909f56bfc062723c751e8b465ee728b)  -> (artifact id: '982e89e42da9156cd5533a9a8d230431') in 0.016443 seconds
  Import took 0.026159 seconds .

========================================================================
Received Import Request.
  Time since last request: 0.010197 seconds.
  path: Assets/Enemy 1.prefab
  artifactKey: Guid(71e91a20746a98247a22b17b58760b8c) Importer(815301076,1909f56bfc062723c751e8b465ee728b)
Start importing Assets/Enemy 1.prefab using Guid(71e91a20746a98247a22b17b58760b8c) Importer(815301076,1909f56bfc062723c751e8b465ee728b)  -> (artifact id: '982e89e42da9156cd5533a9a8d230431') in 0.019334 seconds
  Import took 0.026000 seconds .

========================================================================
Received Prepare
Registering precompiled user dll's ...
Registered in 0.001808 seconds.
Begin MonoManager ReloadAssembly
Native extension for WindowsStandalone target not found
Native extension for WebGL target not found
Refreshing native plugins compatible for Editor in 0.66 ms, found 1 plugins.
Preloading 0 native plugins for Editor in 0.00 ms.
Mono: successfully reloaded assembly
- Completed reload, in  0.970 seconds
Platform modules already initialized, skipping
Shader 'WFX/Transparent Diffuse': fallback shader 'Particles/Alpha Blended' not found
Shader 'WFX/Transparent Specular': fallback shader 'Particles/Alpha Blended' not found
Shader 'Universal Render Pipeline/Particles/Lit': fallback shader 'Universal Render Pipeline/Particles/SimpleLit' not found
Refreshing native plugins compatible for Editor in 0.66 ms, found 1 plugins.
Preloading 0 native plugins for Editor in 0.00 ms.
Unloading 2890 Unused Serialized files (Serialized files now loaded: 0)
System memory in use before: 134.5 MB.
System memory in use after: 134.6 MB.

Unloading 14 unused Assets to reduce memory usage. Loaded Objects now: 3647.
Total: 3.105799 ms (FindLiveObjects: 0.279759 ms CreateObjectMapping: 0.127857 ms MarkObjects: 2.537482 ms  DeleteObjects: 0.159821 ms)

========================================================================
Received Import Request.
  Time since last request: 37.355757 seconds.
  path: Assets/Enemy.prefab
  artifactKey: Guid(8ad7d988ae817754faba5f616c511206) Importer(815301076,1909f56bfc062723c751e8b465ee728b)
Start importing Assets/Enemy.prefab using Guid(8ad7d988ae817754faba5f616c511206) Importer(815301076,1909f56bfc062723c751e8b465ee728b)  -> (artifact id: '7b2d07a0f1ce20e733adb8442debac3d') in 0.167457 seconds
  Import took 0.174205 seconds .

========================================================================
Received Import Request.
  Time since last request: 1.949579 seconds.
  path: Assets/Enemy 1.prefab
  artifactKey: Guid(71e91a20746a98247a22b17b58760b8c) Importer(815301076,1909f56bfc062723c751e8b465ee728b)
Start importing Assets/Enemy 1.prefab using Guid(71e91a20746a98247a22b17b58760b8c) Importer(815301076,1909f56bfc062723c751e8b465ee728b)  -> (artifact id: '21c3db41eeff68216a775273ef7cddee') in 0.018583 seconds
  Import took 0.025602 seconds .

========================================================================
Received Import Request.
  Time since last request: 0.012323 seconds.
  path: Assets/Enemy 1.prefab
  artifactKey: Guid(71e91a20746a98247a22b17b58760b8c) Importer(815301076,1909f56bfc062723c751e8b465ee728b)
Start importing Assets/Enemy 1.prefab using Guid(71e91a20746a98247a22b17b58760b8c) Importer(815301076,1909f56bfc062723c751e8b465ee728b)  -> (artifact id: '21c3db41eeff68216a775273ef7cddee') in 0.015575 seconds
  Import took 0.023536 seconds .

========================================================================
Received Prepare
Registering precompiled user dll's ...
Registered in 0.001927 seconds.
Begin MonoManager ReloadAssembly
Native extension for WindowsStandalone target not found
Native extension for WebGL target not found
Refreshing native plugins compatible for Editor in 0.56 ms, found 1 plugins.
Preloading 0 native plugins for Editor in 0.00 ms.
Mono: successfully reloaded assembly
- Completed reload, in  0.961 seconds
Platform modules already initialized, skipping
Shader 'WFX/Transparent Diffuse': fallback shader 'Particles/Alpha Blended' not found
Shader 'WFX/Transparent Specular': fallback shader 'Particles/Alpha Blended' not found
Shader 'Universal Render Pipeline/Particles/Lit': fallback shader 'Universal Render Pipeline/Particles/SimpleLit' not found
Refreshing native plugins compatible for Editor in 0.61 ms, found 1 plugins.
Preloading 0 native plugins for Editor in 0.00 ms.
Unloading 2890 Unused Serialized files (Serialized files now loaded: 0)
System memory in use before: 134.7 MB.
System memory in use after: 134.8 MB.

Unloading 14 unused Assets to reduce memory usage. Loaded Objects now: 3687.
Total: 3.239520 ms (FindLiveObjects: 0.300580 ms CreateObjectMapping: 0.131669 ms MarkObjects: 2.684107 ms  DeleteObjects: 0.121992 ms)

========================================================================
Received Import Request.
  Time since last request: 30.020085 seconds.
  path: Assets/Enemy.prefab
  artifactKey: Guid(8ad7d988ae817754faba5f616c511206) Importer(815301076,1909f56bfc062723c751e8b465ee728b)
Start importing Assets/Enemy.prefab using Guid(8ad7d988ae817754faba5f616c511206) Importer(815301076,1909f56bfc062723c751e8b465ee728b)  -> (artifact id: 'd9daaf75441e27d42e2703aa95746124') in 0.157832 seconds
  Import took 0.164656 seconds .

========================================================================
Received Import Request.
  Time since last request: 0.051940 seconds.
  path: Assets/Enemy 1.prefab
  artifactKey: Guid(71e91a20746a98247a22b17b58760b8c) Importer(815301076,1909f56bfc062723c751e8b465ee728b)
Start importing Assets/Enemy 1.prefab using Guid(71e91a20746a98247a22b17b58760b8c) Importer(815301076,1909f56bfc062723c751e8b465ee728b)  -> (artifact id: 'c3bf8c9c6d7aa6545f1d3d127c5ee7d7') in 0.017063 seconds
  Import took 0.024473 seconds .

========================================================================
Received Import Request.
  Time since last request: 0.011796 seconds.
  path: Assets/Enemy 1.prefab
  artifactKey: Guid(71e91a20746a98247a22b17b58760b8c) Importer(815301076,1909f56bfc062723c751e8b465ee728b)
Start importing Assets/Enemy 1.prefab using Guid(71e91a20746a98247a22b17b58760b8c) Importer(815301076,1909f56bfc062723c751e8b465ee728b)  -> (artifact id: 'c3bf8c9c6d7aa6545f1d3d127c5ee7d7') in 0.017399 seconds
  Import took 0.023722 seconds .

========================================================================
Received Prepare
Registering precompiled user dll's ...
Registered in 0.001664 seconds.
Begin MonoManager ReloadAssembly
Native extension for WindowsStandalone target not found
Native extension for WebGL target not found
Refreshing native plugins compatible for Editor in 0.58 ms, found 1 plugins.
Preloading 0 native plugins for Editor in 0.00 ms.
Mono: successfully reloaded assembly
- Completed reload, in  0.944 seconds
Platform modules already initialized, skipping
Shader 'WFX/Transparent Diffuse': fallback shader 'Particles/Alpha Blended' not found
Shader 'WFX/Transparent Specular': fallback shader 'Particles/Alpha Blended' not found
Shader 'Universal Render Pipeline/Particles/Lit': fallback shader 'Universal Render Pipeline/Particles/SimpleLit' not found
Refreshing native plugins compatible for Editor in 0.69 ms, found 1 plugins.
Preloading 0 native plugins for Editor in 0.00 ms.
Unloading 2890 Unused Serialized files (Serialized files now loaded: 0)
System memory in use before: 134.8 MB.
System memory in use after: 134.9 MB.

Unloading 14 unused Assets to reduce memory usage. Loaded Objects now: 3727.
Total: 3.092602 ms (FindLiveObjects: 0.288850 ms CreateObjectMapping: 0.125804 ms MarkObjects: 2.493788 ms  DeleteObjects: 0.183281 ms)

========================================================================
Received Prepare
Registering precompiled user dll's ...
Registered in 0.001571 seconds.
Begin MonoManager ReloadAssembly
Native extension for WindowsStandalone target not found
Native extension for WebGL target not found
Refreshing native plugins compatible for Editor in 0.58 ms, found 1 plugins.
Preloading 0 native plugins for Editor in 0.00 ms.
Mono: successfully reloaded assembly
- Completed reload, in  0.928 seconds
Platform modules already initialized, skipping
Shader 'WFX/Transparent Diffuse': fallback shader 'Particles/Alpha Blended' not found
Shader 'WFX/Transparent Specular': fallback shader 'Particles/Alpha Blended' not found
Shader 'Universal Render Pipeline/Particles/Lit': fallback shader 'Universal Render Pipeline/Particles/SimpleLit' not found
Refreshing native plugins compatible for Editor in 0.61 ms, found 1 plugins.
Preloading 0 native plugins for Editor in 0.00 ms.
Unloading 2890 Unused Serialized files (Serialized files now loaded: 0)
System memory in use before: 134.8 MB.
System memory in use after: 134.9 MB.

Unloading 14 unused Assets to reduce memory usage. Loaded Objects now: 3731.
Total: 3.163569 ms (FindLiveObjects: 0.331078 ms CreateObjectMapping: 0.154542 ms MarkObjects: 2.550679 ms  DeleteObjects: 0.125804 ms)

========================================================================
Received Prepare
Registering precompiled user dll's ...
Registered in 0.001586 seconds.
Begin MonoManager ReloadAssembly
Native extension for WindowsStandalone target not found
Native extension for WebGL target not found
Refreshing native plugins compatible for Editor in 0.82 ms, found 1 plugins.
Preloading 0 native plugins for Editor in 0.00 ms.
Mono: successfully reloaded assembly
- Completed reload, in  0.949 seconds
Platform modules already initialized, skipping
Shader 'WFX/Transparent Diffuse': fallback shader 'Particles/Alpha Blended' not found
Shader 'WFX/Transparent Specular': fallback shader 'Particles/Alpha Blended' not found
Shader 'Universal Render Pipeline/Particles/Lit': fallback shader 'Universal Render Pipeline/Particles/SimpleLit' not found
Refreshing native plugins compatible for Editor in 0.65 ms, found 1 plugins.
Preloading 0 native plugins for Editor in 0.00 ms.
Unloading 2890 Unused Serialized files (Serialized files now loaded: 0)
System memory in use before: 134.8 MB.
System memory in use after: 134.9 MB.

Unloading 14 unused Assets to reduce memory usage. Loaded Objects now: 3735.
Total: 3.324562 ms (FindLiveObjects: 0.294422 ms CreateObjectMapping: 0.129616 ms MarkObjects: 2.775307 ms  DeleteObjects: 0.124044 ms)

========================================================================
Received Import Request.
  Time since last request: 278.423938 seconds.
  path: Assets/Spawner.prefab
  artifactKey: Guid(f84dfee870098134db91f7c232c55d51) Importer(815301076,1909f56bfc062723c751e8b465ee728b)
Start importing Assets/Spawner.prefab using Guid(f84dfee870098134db91f7c232c55d51) Importer(815301076,1909f56bfc062723c751e8b465ee728b)  -> (artifact id: '64db86a5027f6782faf8836e37e19fe4') in 0.036779 seconds
  Import took 0.043393 seconds .

========================================================================
Received Prepare
Registering precompiled user dll's ...
Registered in 0.001606 seconds.
Begin MonoManager ReloadAssembly
Native extension for WindowsStandalone target not found
Native extension for WebGL target not found
Refreshing native plugins compatible for Editor in 0.65 ms, found 1 plugins.
Preloading 0 native plugins for Editor in 0.00 ms.
Mono: successfully reloaded assembly
- Completed reload, in  0.952 seconds
Platform modules already initialized, skipping
Shader 'WFX/Transparent Diffuse': fallback shader 'Particles/Alpha Blended' not found
Shader 'WFX/Transparent Specular': fallback shader 'Particles/Alpha Blended' not found
Shader 'Universal Render Pipeline/Particles/Lit': fallback shader 'Universal Render Pipeline/Particles/SimpleLit' not found
Refreshing native plugins compatible for Editor in 0.58 ms, found 1 plugins.
Preloading 0 native plugins for Editor in 0.00 ms.
Unloading 2890 Unused Serialized files (Serialized files now loaded: 0)
System memory in use before: 134.8 MB.
System memory in use after: 134.9 MB.

Unloading 14 unused Assets to reduce memory usage. Loaded Objects now: 3739.
Total: 3.540393 ms (FindLiveObjects: 0.286797 ms CreateObjectMapping: 0.128150 ms MarkObjects: 2.938354 ms  DeleteObjects: 0.185627 ms)

========================================================================
Received Prepare
Registering precompiled user dll's ...
Registered in 0.001705 seconds.
Begin MonoManager ReloadAssembly
Native extension for WindowsStandalone target not found
Native extension for WebGL target not found
Refreshing native plugins compatible for Editor in 0.60 ms, found 1 plugins.
Preloading 0 native plugins for Editor in 0.00 ms.
Mono: successfully reloaded assembly
- Completed reload, in  0.928 seconds
Platform modules already initialized, skipping
Shader 'WFX/Transparent Diffuse': fallback shader 'Particles/Alpha Blended' not found
Shader 'WFX/Transparent Specular': fallback shader 'Particles/Alpha Blended' not found
Shader 'Universal Render Pipeline/Particles/Lit': fallback shader 'Universal Render Pipeline/Particles/SimpleLit' not found
Refreshing native plugins compatible for Editor in 0.58 ms, found 1 plugins.
Preloading 0 native plugins for Editor in 0.00 ms.
Unloading 2890 Unused Serialized files (Serialized files now loaded: 0)
System memory in use before: 134.8 MB.
System memory in use after: 134.9 MB.

Unloading 14 unused Assets to reduce memory usage. Loaded Objects now: 3743.
Total: 4.018682 ms (FindLiveObjects: 0.284745 ms CreateObjectMapping: 0.122871 ms MarkObjects: 3.469720 ms  DeleteObjects: 0.140173 ms)

========================================================================
Received Import Request.
  Time since last request: 229.152407 seconds.
  path: Assets/FinalBoss.prefab
  artifactKey: Guid(ace068dfd9723eb4bbe794d239808fda) Importer(815301076,1909f56bfc062723c751e8b465ee728b)
Start importing Assets/FinalBoss.prefab using Guid(ace068dfd9723eb4bbe794d239808fda) Importer(815301076,1909f56bfc062723c751e8b465ee728b)  -> (artifact id: 'b0e79f7b2bf34dbd801b171e02e663e2') in 0.166402 seconds
  Import took 0.174701 seconds .

========================================================================
Received Import Request.
  Time since last request: 1.365134 seconds.
  path: Assets/FinalBoss.prefab
  artifactKey: Guid(ace068dfd9723eb4bbe794d239808fda) Importer(815301076,1909f56bfc062723c751e8b465ee728b)
Start importing Assets/FinalBoss.prefab using Guid(ace068dfd9723eb4bbe794d239808fda) Importer(815301076,1909f56bfc062723c751e8b465ee728b)  -> (artifact id: '2dcffe1b58372ced2006ca99a0d6c69d') in 0.014665 seconds
  Import took 0.021771 seconds .

========================================================================
Received Import Request.
  Time since last request: 0.022778 seconds.
  path: Assets/FinalBoss.prefab
  artifactKey: Guid(ace068dfd9723eb4bbe794d239808fda) Importer(815301076,1909f56bfc062723c751e8b465ee728b)
Start importing Assets/FinalBoss.prefab using Guid(ace068dfd9723eb4bbe794d239808fda) Importer(815301076,1909f56bfc062723c751e8b465ee728b)  -> (artifact id: '2dcffe1b58372ced2006ca99a0d6c69d') in 0.019584 seconds
  Import took 0.026282 seconds .

========================================================================
Received Prepare
Registering precompiled user dll's ...
Registered in 0.001588 seconds.
Begin MonoManager ReloadAssembly
Native extension for WindowsStandalone target not found
Native extension for WebGL target not found
Refreshing native plugins compatible for Editor in 0.74 ms, found 1 plugins.
Preloading 0 native plugins for Editor in 0.00 ms.
Mono: successfully reloaded assembly
- Completed reload, in  0.961 seconds
Platform modules already initialized, skipping
Shader 'WFX/Transparent Diffuse': fallback shader 'Particles/Alpha Blended' not found
Shader 'WFX/Transparent Specular': fallback shader 'Particles/Alpha Blended' not found
Shader 'Universal Render Pipeline/Particles/Lit': fallback shader 'Universal Render Pipeline/Particles/SimpleLit' not found
Refreshing native plugins compatible for Editor in 0.64 ms, found 1 plugins.
Preloading 0 native plugins for Editor in 0.00 ms.
Unloading 2890 Unused Serialized files (Serialized files now loaded: 0)
System memory in use before: 135.0 MB.
System memory in use after: 135.0 MB.

Unloading 14 unused Assets to reduce memory usage. Loaded Objects now: 3783.
Total: 3.569718 ms (FindLiveObjects: 0.287677 ms CreateObjectMapping: 0.122871 ms MarkObjects: 3.038058 ms  DeleteObjects: 0.119939 ms)

========================================================================
Received Prepare
Registering precompiled user dll's ...
Registered in 0.001535 seconds.
Begin MonoManager ReloadAssembly
Native extension for WindowsStandalone target not found
Native extension for WebGL target not found
Refreshing native plugins compatible for Editor in 0.57 ms, found 1 plugins.
Preloading 0 native plugins for Editor in 0.00 ms.
Mono: successfully reloaded assembly
- Completed reload, in  0.946 seconds
Platform modules already initialized, skipping
Shader 'WFX/Transparent Diffuse': fallback shader 'Particles/Alpha Blended' not found
Shader 'WFX/Transparent Specular': fallback shader 'Particles/Alpha Blended' not found
Shader 'Universal Render Pipeline/Particles/Lit': fallback shader 'Universal Render Pipeline/Particles/SimpleLit' not found
Refreshing native plugins compatible for Editor in 0.62 ms, found 1 plugins.
Preloading 0 native plugins for Editor in 0.00 ms.
Unloading 2890 Unused Serialized files (Serialized files now loaded: 0)
System memory in use before: 135.0 MB.
System memory in use after: 135.1 MB.

Unloading 14 unused Assets to reduce memory usage. Loaded Objects now: 3787.
Total: 3.024275 ms (FindLiveObjects: 0.283572 ms CreateObjectMapping: 0.120819 ms MarkObjects: 2.490856 ms  DeleteObjects: 0.128150 ms)

========================================================================
Received Prepare
Registering precompiled user dll's ...
Registered in 0.001579 seconds.
Begin MonoManager ReloadAssembly
Native extension for WindowsStandalone target not found
Native extension for WebGL target not found
Refreshing native plugins compatible for Editor in 0.65 ms, found 1 plugins.
Preloading 0 native plugins for Editor in 0.00 ms.
Mono: successfully reloaded assembly
- Completed reload, in  0.940 seconds
Platform modules already initialized, skipping
Shader 'WFX/Transparent Diffuse': fallback shader 'Particles/Alpha Blended' not found
Shader 'WFX/Transparent Specular': fallback shader 'Particles/Alpha Blended' not found
Shader 'Universal Render Pipeline/Particles/Lit': fallback shader 'Universal Render Pipeline/Particles/SimpleLit' not found
Refreshing native plugins compatible for Editor in 0.63 ms, found 1 plugins.
Preloading 0 native plugins for Editor in 0.00 ms.
Unloading 2890 Unused Serialized files (Serialized files now loaded: 0)
System memory in use before: 135.0 MB.
System memory in use after: 135.1 MB.

Unloading 14 unused Assets to reduce memory usage. Loaded Objects now: 3791.
Total: 3.140402 ms (FindLiveObjects: 0.292369 ms CreateObjectMapping: 0.126977 ms MarkObjects: 2.456252 ms  DeleteObjects: 0.264217 ms)

========================================================================
Received Import Request.
  Time since last request: 566.073400 seconds.
  path: Assets/Scenes/Game.unity
  artifactKey: Guid(06896bcd096601442a257fed9b3c0899) Importer(815301076,1909f56bfc062723c751e8b465ee728b)
Start importing Assets/Scenes/Game.unity using Guid(06896bcd096601442a257fed9b3c0899) Importer(815301076,1909f56bfc062723c751e8b465ee728b)  -> (artifact id: 'ca096f9e863734e4e057ca94690f8d75') in 0.019150 seconds
  Import took 0.026433 seconds .

========================================================================
Received Prepare
Registering precompiled user dll's ...
Registered in 0.001588 seconds.
Begin MonoManager ReloadAssembly
Native extension for WindowsStandalone target not found
Native extension for WebGL target not found
Refreshing native plugins compatible for Editor in 0.73 ms, found 1 plugins.
Preloading 0 native plugins for Editor in 0.00 ms.
Mono: successfully reloaded assembly
- Completed reload, in  0.952 seconds
Platform modules already initialized, skipping
Shader 'WFX/Transparent Diffuse': fallback shader 'Particles/Alpha Blended' not found
Shader 'WFX/Transparent Specular': fallback shader 'Particles/Alpha Blended' not found
Shader 'Universal Render Pipeline/Particles/Lit': fallback shader 'Universal Render Pipeline/Particles/SimpleLit' not found
Refreshing native plugins compatible for Editor in 0.61 ms, found 1 plugins.
Preloading 0 native plugins for Editor in 0.00 ms.
Unloading 2890 Unused Serialized files (Serialized files now loaded: 0)
System memory in use before: 135.0 MB.
System memory in use after: 135.1 MB.

Unloading 14 unused Assets to reduce memory usage. Loaded Objects now: 3795.
Total: 3.528663 ms (FindLiveObjects: 0.402631 ms CreateObjectMapping: 0.152196 ms MarkObjects: 2.843048 ms  DeleteObjects: 0.129323 ms)

========================================================================
Received Import Request.
  Time since last request: 76.984568 seconds.
  path: Assets/Spawner.prefab
  artifactKey: Guid(f84dfee870098134db91f7c232c55d51) Importer(815301076,1909f56bfc062723c751e8b465ee728b)
Start importing Assets/Spawner.prefab using Guid(f84dfee870098134db91f7c232c55d51) Importer(815301076,1909f56bfc062723c751e8b465ee728b)  -> (artifact id: 'b22e5067bd53daca6db0835809778d27') in 0.037964 seconds
  Import took 0.045477 seconds .

========================================================================
Received Prepare
Registering precompiled user dll's ...
Registered in 0.001569 seconds.
Begin MonoManager ReloadAssembly
Native extension for WindowsStandalone target not found
Native extension for WebGL target not found
Refreshing native plugins compatible for Editor in 0.62 ms, found 1 plugins.
Preloading 0 native plugins for Editor in 0.00 ms.
Mono: successfully reloaded assembly
- Completed reload, in  0.956 seconds
Platform modules already initialized, skipping
Shader 'WFX/Transparent Diffuse': fallback shader 'Particles/Alpha Blended' not found
Shader 'WFX/Transparent Specular': fallback shader 'Particles/Alpha Blended' not found
Shader 'Universal Render Pipeline/Particles/Lit': fallback shader 'Universal Render Pipeline/Particles/SimpleLit' not found
Refreshing native plugins compatible for Editor in 0.61 ms, found 1 plugins.
Preloading 0 native plugins for Editor in 0.00 ms.
Unloading 2890 Unused Serialized files (Serialized files now loaded: 0)
System memory in use before: 135.0 MB.
System memory in use after: 135.1 MB.

Unloading 14 unused Assets to reduce memory usage. Loaded Objects now: 3799.
Total: 4.634212 ms (FindLiveObjects: 0.333717 ms CreateObjectMapping: 0.130496 ms MarkObjects: 4.040089 ms  DeleteObjects: 0.128736 ms)

========================================================================
Received Prepare
Registering precompiled user dll's ...
Registered in 0.001539 seconds.
Begin MonoManager ReloadAssembly
Native extension for WindowsStandalone target not found
Native extension for WebGL target not found
Refreshing native plugins compatible for Editor in 0.60 ms, found 1 plugins.
Preloading 0 native plugins for Editor in 0.00 ms.
Mono: successfully reloaded assembly
- Completed reload, in  0.959 seconds
Platform modules already initialized, skipping
Shader 'WFX/Transparent Diffuse': fallback shader 'Particles/Alpha Blended' not found
Shader 'WFX/Transparent Specular': fallback shader 'Particles/Alpha Blended' not found
Shader 'Universal Render Pipeline/Particles/Lit': fallback shader 'Universal Render Pipeline/Particles/SimpleLit' not found
Refreshing native plugins compatible for Editor in 0.60 ms, found 1 plugins.
Preloading 0 native plugins for Editor in 0.00 ms.
Unloading 2890 Unused Serialized files (Serialized files now loaded: 0)
System memory in use before: 135.0 MB.
System memory in use after: 135.1 MB.

Unloading 14 unused Assets to reduce memory usage. Loaded Objects now: 3803.
Total: 3.609600 ms (FindLiveObjects: 0.292369 ms CreateObjectMapping: 0.126684 ms MarkObjects: 3.053894 ms  DeleteObjects: 0.135188 ms)

========================================================================
Received Import Request.
  Time since last request: 181.543230 seconds.
  path: Assets/Spawner.prefab
  artifactKey: Guid(f84dfee870098134db91f7c232c55d51) Importer(815301076,1909f56bfc062723c751e8b465ee728b)
Start importing Assets/Spawner.prefab using Guid(f84dfee870098134db91f7c232c55d51) Importer(815301076,1909f56bfc062723c751e8b465ee728b)  -> (artifact id: 'bb9bebdf42088126309efa4e66ed7357') in 0.032902 seconds
  Import took 0.039444 seconds .

========================================================================
Received Import Request.
  Time since last request: 5.849831 seconds.
  path: Assets/Spawner.prefab
  artifactKey: Guid(f84dfee870098134db91f7c232c55d51) Importer(815301076,1909f56bfc062723c751e8b465ee728b)
Start importing Assets/Spawner.prefab using Guid(f84dfee870098134db91f7c232c55d51) Importer(815301076,1909f56bfc062723c751e8b465ee728b)  -> (artifact id: 'c49fb70d0af0b081c0f8d073b14fda37') in 0.011320 seconds
  Import took 0.019016 seconds .

========================================================================
Received Import Request.
  Time since last request: 0.010594 seconds.
  path: Assets/Spawner.prefab
  artifactKey: Guid(f84dfee870098134db91f7c232c55d51) Importer(815301076,1909f56bfc062723c751e8b465ee728b)
Start importing Assets/Spawner.prefab using Guid(f84dfee870098134db91f7c232c55d51) Importer(815301076,1909f56bfc062723c751e8b465ee728b)  -> (artifact id: 'c49fb70d0af0b081c0f8d073b14fda37') in 0.010573 seconds
  Import took 0.017531 seconds .

========================================================================
Received Import Request.
  Time since last request: 7.826964 seconds.
  path: Assets/Spawner.prefab
  artifactKey: Guid(f84dfee870098134db91f7c232c55d51) Importer(815301076,1909f56bfc062723c751e8b465ee728b)
Start importing Assets/Spawner.prefab using Guid(f84dfee870098134db91f7c232c55d51) Importer(815301076,1909f56bfc062723c751e8b465ee728b)  -> (artifact id: '4d6089cd0a95cee3161c58f1a7c5b9e2') in 0.010754 seconds
  Import took 0.020635 seconds .

========================================================================
Received Import Request.
  Time since last request: 0.003166 seconds.
  path: Assets/Spawner.prefab
  artifactKey: Guid(f84dfee870098134db91f7c232c55d51) Importer(815301076,1909f56bfc062723c751e8b465ee728b)
Start importing Assets/Spawner.prefab using Guid(f84dfee870098134db91f7c232c55d51) Importer(815301076,1909f56bfc062723c751e8b465ee728b)  -> (artifact id: '4d6089cd0a95cee3161c58f1a7c5b9e2') in 0.010892 seconds
  Import took 0.017707 seconds .

========================================================================
Received Prepare
Registering precompiled user dll's ...
Registered in 0.001714 seconds.
Begin MonoManager ReloadAssembly
Native extension for WindowsStandalone target not found
Native extension for WebGL target not found
Refreshing native plugins compatible for Editor in 0.60 ms, found 1 plugins.
Preloading 0 native plugins for Editor in 0.00 ms.
Mono: successfully reloaded assembly
- Completed reload, in  0.979 seconds
Platform modules already initialized, skipping
Shader 'WFX/Transparent Diffuse': fallback shader 'Particles/Alpha Blended' not found
Shader 'WFX/Transparent Specular': fallback shader 'Particles/Alpha Blended' not found
Shader 'Universal Render Pipeline/Particles/Lit': fallback shader 'Universal Render Pipeline/Particles/SimpleLit' not found
Refreshing native plugins compatible for Editor in 0.69 ms, found 1 plugins.
Preloading 0 native plugins for Editor in 0.00 ms.
Unloading 2890 Unused Serialized files (Serialized files now loaded: 0)
System memory in use before: 135.0 MB.
System memory in use after: 135.1 MB.

Unloading 14 unused Assets to reduce memory usage. Loaded Objects now: 3807.
Total: 3.493180 ms (FindLiveObjects: 0.300580 ms CreateObjectMapping: 0.126977 ms MarkObjects: 2.887328 ms  DeleteObjects: 0.177122 ms)

========================================================================
Received Import Request.
  Time since last request: 152.750575 seconds.
  path: Assets/Spawner.prefab
  artifactKey: Guid(f84dfee870098134db91f7c232c55d51) Importer(815301076,1909f56bfc062723c751e8b465ee728b)
Start importing Assets/Spawner.prefab using Guid(f84dfee870098134db91f7c232c55d51) Importer(815301076,1909f56bfc062723c751e8b465ee728b)  -> (artifact id: 'cb8c0f62c25588cc6671e9056bc23dcd') in 0.033253 seconds
  Import took 0.039767 seconds .

========================================================================
Received Import Request.
  Time since last request: 23.641160 seconds.
  path: Assets/Spawner.prefab
  artifactKey: Guid(f84dfee870098134db91f7c232c55d51) Importer(815301076,1909f56bfc062723c751e8b465ee728b)
Start importing Assets/Spawner.prefab using Guid(f84dfee870098134db91f7c232c55d51) Importer(815301076,1909f56bfc062723c751e8b465ee728b)  -> (artifact id: 'e6f9515c91e2dfd88bbcd1bdaac6114f') in 0.015782 seconds
  Import took 0.023430 seconds .

========================================================================
Received Import Request.
  Time since last request: 0.007921 seconds.
  path: Assets/Spawner.prefab
  artifactKey: Guid(f84dfee870098134db91f7c232c55d51) Importer(815301076,1909f56bfc062723c751e8b465ee728b)
Start importing Assets/Spawner.prefab using Guid(f84dfee870098134db91f7c232c55d51) Importer(815301076,1909f56bfc062723c751e8b465ee728b)  -> (artifact id: 'e6f9515c91e2dfd88bbcd1bdaac6114f') in 0.013361 seconds
  Import took 0.020418 seconds .

========================================================================
Received Import Request.
  Time since last request: 3.214141 seconds.
  path: Assets/Spawner.prefab
  artifactKey: Guid(f84dfee870098134db91f7c232c55d51) Importer(815301076,1909f56bfc062723c751e8b465ee728b)
Start importing Assets/Spawner.prefab using Guid(f84dfee870098134db91f7c232c55d51) Importer(815301076,1909f56bfc062723c751e8b465ee728b)  -> (artifact id: '3db2eed52936d0fab4ded942851ae7a7') in 0.015863 seconds
  Import took 0.022361 seconds .

========================================================================
Received Import Request.
  Time since last request: 0.002067 seconds.
  path: Assets/Spawner.prefab
  artifactKey: Guid(f84dfee870098134db91f7c232c55d51) Importer(815301076,1909f56bfc062723c751e8b465ee728b)
Start importing Assets/Spawner.prefab using Guid(f84dfee870098134db91f7c232c55d51) Importer(815301076,1909f56bfc062723c751e8b465ee728b)  -> (artifact id: '3db2eed52936d0fab4ded942851ae7a7') in 0.010190 seconds
  Import took 0.017281 seconds .

========================================================================
Received Prepare
Registering precompiled user dll's ...
Registered in 0.001823 seconds.
Begin MonoManager ReloadAssembly
Native extension for WindowsStandalone target not found
Native extension for WebGL target not found
Refreshing native plugins compatible for Editor in 0.56 ms, found 1 plugins.
Preloading 0 native plugins for Editor in 0.00 ms.
Mono: successfully reloaded assembly
- Completed reload, in  0.963 seconds
Platform modules already initialized, skipping
Shader 'WFX/Transparent Diffuse': fallback shader 'Particles/Alpha Blended' not found
Shader 'WFX/Transparent Specular': fallback shader 'Particles/Alpha Blended' not found
Shader 'Universal Render Pipeline/Particles/Lit': fallback shader 'Universal Render Pipeline/Particles/SimpleLit' not found
Refreshing native plugins compatible for Editor in 0.60 ms, found 1 plugins.
Preloading 0 native plugins for Editor in 0.00 ms.
Unloading 2890 Unused Serialized files (Serialized files now loaded: 0)
System memory in use before: 135.0 MB.
System memory in use after: 135.1 MB.

Unloading 14 unused Assets to reduce memory usage. Loaded Objects now: 3811.
Total: 3.543912 ms (FindLiveObjects: 0.370960 ms CreateObjectMapping: 0.129909 ms MarkObjects: 2.916360 ms  DeleteObjects: 0.125217 ms)

========================================================================
Received Import Request.
  Time since last request: 168.364698 seconds.
  path: Assets/Enemy.prefab
  artifactKey: Guid(8ad7d988ae817754faba5f616c511206) Importer(815301076,1909f56bfc062723c751e8b465ee728b)
Start importing Assets/Enemy.prefab using Guid(8ad7d988ae817754faba5f616c511206) Importer(815301076,1909f56bfc062723c751e8b465ee728b)  -> (artifact id: 'b1792383d37d337ffd07cee4e0aaa497') in 0.172627 seconds
  Import took 0.180586 seconds .

========================================================================
Received Import Request.
  Time since last request: 3.106536 seconds.
  path: Assets/Enemy 1.prefab
  artifactKey: Guid(71e91a20746a98247a22b17b58760b8c) Importer(815301076,1909f56bfc062723c751e8b465ee728b)
Start importing Assets/Enemy 1.prefab using Guid(71e91a20746a98247a22b17b58760b8c) Importer(815301076,1909f56bfc062723c751e8b465ee728b)  -> (artifact id: '6aef56f32802ff2b3a6668af396d49a2') in 0.022965 seconds
  Import took 0.032157 seconds .

========================================================================
Received Import Request.
  Time since last request: 0.006706 seconds.
  path: Assets/Enemy 1.prefab
  artifactKey: Guid(71e91a20746a98247a22b17b58760b8c) Importer(815301076,1909f56bfc062723c751e8b465ee728b)
Start importing Assets/Enemy 1.prefab using Guid(71e91a20746a98247a22b17b58760b8c) Importer(815301076,1909f56bfc062723c751e8b465ee728b)  -> (artifact id: '6aef56f32802ff2b3a6668af396d49a2') in 0.018559 seconds
  Import took 0.026149 seconds .

========================================================================
Received Import Request.
  Time since last request: 11.914948 seconds.
  path: Assets/Spawner.prefab
  artifactKey: Guid(f84dfee870098134db91f7c232c55d51) Importer(815301076,1909f56bfc062723c751e8b465ee728b)
Start importing Assets/Spawner.prefab using Guid(f84dfee870098134db91f7c232c55d51) Importer(815301076,1909f56bfc062723c751e8b465ee728b)  -> (artifact id: 'c114576cc4522a0a4dfd290df49a0f55') in 0.012508 seconds
  Import took 0.021913 seconds .

========================================================================
Received Import Request.
  Time since last request: 0.003630 seconds.
  path: Assets/Spawner.prefab
  artifactKey: Guid(f84dfee870098134db91f7c232c55d51) Importer(815301076,1909f56bfc062723c751e8b465ee728b)
Start importing Assets/Spawner.prefab using Guid(f84dfee870098134db91f7c232c55d51) Importer(815301076,1909f56bfc062723c751e8b465ee728b)  -> (artifact id: 'c114576cc4522a0a4dfd290df49a0f55') in 0.014544 seconds
  Import took 0.021925 seconds .

========================================================================
Received Prepare
Registering precompiled user dll's ...
Registered in 0.002489 seconds.
Begin MonoManager ReloadAssembly
Native extension for WindowsStandalone target not found
Native extension for WebGL target not found
Refreshing native plugins compatible for Editor in 0.60 ms, found 1 plugins.
Preloading 0 native plugins for Editor in 0.00 ms.
Mono: successfully reloaded assembly
- Completed reload, in  0.951 seconds
Platform modules already initialized, skipping
Shader 'WFX/Transparent Diffuse': fallback shader 'Particles/Alpha Blended' not found
Shader 'WFX/Transparent Specular': fallback shader 'Particles/Alpha Blended' not found
Shader 'Universal Render Pipeline/Particles/Lit': fallback shader 'Universal Render Pipeline/Particles/SimpleLit' not found
Refreshing native plugins compatible for Editor in 0.69 ms, found 1 plugins.
Preloading 0 native plugins for Editor in 0.00 ms.
Unloading 2890 Unused Serialized files (Serialized files now loaded: 0)
System memory in use before: 135.1 MB.
System memory in use after: 135.2 MB.

Unloading 14 unused Assets to reduce memory usage. Loaded Objects now: 3851.
Total: 3.310193 ms (FindLiveObjects: 0.317589 ms CreateObjectMapping: 0.131669 ms MarkObjects: 2.726041 ms  DeleteObjects: 0.133721 ms)

========================================================================
Received Prepare
Registering precompiled user dll's ...
Registered in 0.001550 seconds.
Begin MonoManager ReloadAssembly
Native extension for WindowsStandalone target not found
Native extension for WebGL target not found
Refreshing native plugins compatible for Editor in 0.66 ms, found 1 plugins.
Preloading 0 native plugins for Editor in 0.00 ms.
Mono: successfully reloaded assembly
- Completed reload, in  0.965 seconds
Platform modules already initialized, skipping
Shader 'WFX/Transparent Diffuse': fallback shader 'Particles/Alpha Blended' not found
Shader 'WFX/Transparent Specular': fallback shader 'Particles/Alpha Blended' not found
Shader 'Universal Render Pipeline/Particles/Lit': fallback shader 'Universal Render Pipeline/Particles/SimpleLit' not found
Refreshing native plugins compatible for Editor in 0.63 ms, found 1 plugins.
Preloading 0 native plugins for Editor in 0.00 ms.
Unloading 2890 Unused Serialized files (Serialized files now loaded: 0)
System memory in use before: 135.2 MB.
System memory in use after: 135.3 MB.

Unloading 14 unused Assets to reduce memory usage. Loaded Objects now: 3855.
Total: 3.892879 ms (FindLiveObjects: 0.298234 ms CreateObjectMapping: 0.127857 ms MarkObjects: 3.345090 ms  DeleteObjects: 0.120525 ms)

========================================================================
Received Prepare
Registering precompiled user dll's ...
Registered in 0.001543 seconds.
Begin MonoManager ReloadAssembly
Native extension for WindowsStandalone target not found
Native extension for WebGL target not found
Refreshing native plugins compatible for Editor in 0.61 ms, found 1 plugins.
Preloading 0 native plugins for Editor in 0.00 ms.
Mono: successfully reloaded assembly
- Completed reload, in  0.974 seconds
Platform modules already initialized, skipping
Shader 'WFX/Transparent Diffuse': fallback shader 'Particles/Alpha Blended' not found
Shader 'WFX/Transparent Specular': fallback shader 'Particles/Alpha Blended' not found
Shader 'Universal Render Pipeline/Particles/Lit': fallback shader 'Universal Render Pipeline/Particles/SimpleLit' not found
Refreshing native plugins compatible for Editor in 0.63 ms, found 1 plugins.
Preloading 0 native plugins for Editor in 0.00 ms.
Unloading 2890 Unused Serialized files (Serialized files now loaded: 0)
System memory in use before: 135.2 MB.
System memory in use after: 135.3 MB.

Unloading 14 unused Assets to reduce memory usage. Loaded Objects now: 3859.
Total: 3.121341 ms (FindLiveObjects: 0.297354 ms CreateObjectMapping: 0.125511 ms MarkObjects: 2.475900 ms  DeleteObjects: 0.221110 ms)

========================================================================
Received Import Request.
  Time since last request: 477.530487 seconds.
  path: Assets/Spawn.cs
  artifactKey: Guid(feb6d880cbfc20b48bbed0eb248590ca) Importer(815301076,1909f56bfc062723c751e8b465ee728b)
Start importing Assets/Spawn.cs using Guid(feb6d880cbfc20b48bbed0eb248590ca) Importer(815301076,1909f56bfc062723c751e8b465ee728b)  -> (artifact id: '07098ef2cd1794c1e934a0818a0e979a') in 0.010859 seconds
  Import took 0.019382 seconds .

========================================================================
Received Prepare
Registering precompiled user dll's ...
Registered in 0.001997 seconds.
Begin MonoManager ReloadAssembly
Native extension for WindowsStandalone target not found
Native extension for WebGL target not found
Refreshing native plugins compatible for Editor in 0.59 ms, found 1 plugins.
Preloading 0 native plugins for Editor in 0.00 ms.
Mono: successfully reloaded assembly
- Completed reload, in  0.977 seconds
Platform modules already initialized, skipping
Shader 'WFX/Transparent Diffuse': fallback shader 'Particles/Alpha Blended' not found
Shader 'WFX/Transparent Specular': fallback shader 'Particles/Alpha Blended' not found
Shader 'Universal Render Pipeline/Particles/Lit': fallback shader 'Universal Render Pipeline/Particles/SimpleLit' not found
Refreshing native plugins compatible for Editor in 0.60 ms, found 1 plugins.
Preloading 0 native plugins for Editor in 0.00 ms.
Unloading 2890 Unused Serialized files (Serialized files now loaded: 0)
System memory in use before: 135.2 MB.
System memory in use after: 135.3 MB.

Unloading 14 unused Assets to reduce memory usage. Loaded Objects now: 3863.
Total: 3.437756 ms (FindLiveObjects: 0.306445 ms CreateObjectMapping: 0.124044 ms MarkObjects: 2.831024 ms  DeleteObjects: 0.175070 ms)

========================================================================
Received Import Request.
  Time since last request: 127.160091 seconds.
  path: Assets/Spawner.prefab
  artifactKey: Guid(f84dfee870098134db91f7c232c55d51) Importer(815301076,1909f56bfc062723c751e8b465ee728b)
Start importing Assets/Spawner.prefab using Guid(f84dfee870098134db91f7c232c55d51) Importer(815301076,1909f56bfc062723c751e8b465ee728b)  -> (artifact id: 'd5e2b696514c991d360e950f54a77978') in 0.033042 seconds
  Import took 0.039280 seconds .

========================================================================
Received Prepare
Registering precompiled user dll's ...
Registered in 0.001713 seconds.
Begin MonoManager ReloadAssembly
Native extension for WindowsStandalone target not found
Native extension for WebGL target not found
Refreshing native plugins compatible for Editor in 0.61 ms, found 1 plugins.
Preloading 0 native plugins for Editor in 0.00 ms.
Mono: successfully reloaded assembly
- Completed reload, in  0.977 seconds
Platform modules already initialized, skipping
Shader 'WFX/Transparent Diffuse': fallback shader 'Particles/Alpha Blended' not found
Shader 'WFX/Transparent Specular': fallback shader 'Particles/Alpha Blended' not found
Shader 'Universal Render Pipeline/Particles/Lit': fallback shader 'Universal Render Pipeline/Particles/SimpleLit' not found
Refreshing native plugins compatible for Editor in 0.60 ms, found 1 plugins.
Preloading 0 native plugins for Editor in 0.00 ms.
Unloading 2890 Unused Serialized files (Serialized files now loaded: 0)
System memory in use before: 135.2 MB.
System memory in use after: 135.3 MB.

Unloading 14 unused Assets to reduce memory usage. Loaded Objects now: 3867.
Total: 3.334239 ms (FindLiveObjects: 0.357764 ms CreateObjectMapping: 0.163926 ms MarkObjects: 2.550385 ms  DeleteObjects: 0.261285 ms)

========================================================================
Received Import Request.
  Time since last request: 263.333802 seconds.
  path: Assets/Spikes.prefab
  artifactKey: Guid(37336c90b20aeb648bbe6da52e6fdb66) Importer(815301076,1909f56bfc062723c751e8b465ee728b)
Start importing Assets/Spikes.prefab using Guid(37336c90b20aeb648bbe6da52e6fdb66) Importer(815301076,1909f56bfc062723c751e8b465ee728b)  -> (artifact id: 'ea88941ba33c3bf372cbf967a9ab01ac') in 0.161712 seconds
  Import took 0.167598 seconds .

========================================================================
Received Import Request.
  Time since last request: 25.252918 seconds.
  path: Assets/Enemy.prefab
  artifactKey: Guid(8ad7d988ae817754faba5f616c511206) Importer(815301076,1909f56bfc062723c751e8b465ee728b)
Start importing Assets/Enemy.prefab using Guid(8ad7d988ae817754faba5f616c511206) Importer(815301076,1909f56bfc062723c751e8b465ee728b)  -> (artifact id: '1e8cf1c7b0bbb39527de59a62bbc77d6') in 0.021756 seconds
  Import took 0.030055 seconds .

========================================================================
Received Import Request.
  Time since last request: 0.007042 seconds.
  path: Assets/Enemy.prefab
  artifactKey: Guid(8ad7d988ae817754faba5f616c511206) Importer(815301076,1909f56bfc062723c751e8b465ee728b)
Start importing Assets/Enemy.prefab using Guid(8ad7d988ae817754faba5f616c511206) Importer(815301076,1909f56bfc062723c751e8b465ee728b)  -> (artifact id: '1e8cf1c7b0bbb39527de59a62bbc77d6') in 0.016116 seconds
  Import took 0.022972 seconds .

========================================================================
Received Import Request.
  Time since last request: 4.307202 seconds.
  path: Assets/Enemy 1.prefab
  artifactKey: Guid(71e91a20746a98247a22b17b58760b8c) Importer(815301076,1909f56bfc062723c751e8b465ee728b)
Start importing Assets/Enemy 1.prefab using Guid(71e91a20746a98247a22b17b58760b8c) Importer(815301076,1909f56bfc062723c751e8b465ee728b)  -> (artifact id: '02027d0c91a5d5d32a98e85d81f24d3a') in 0.017095 seconds
  Import took 0.024978 seconds .

========================================================================
Received Import Request.
  Time since last request: 0.013395 seconds.
  path: Assets/Enemy 1.prefab
  artifactKey: Guid(71e91a20746a98247a22b17b58760b8c) Importer(815301076,1909f56bfc062723c751e8b465ee728b)
Start importing Assets/Enemy 1.prefab using Guid(71e91a20746a98247a22b17b58760b8c) Importer(815301076,1909f56bfc062723c751e8b465ee728b)  -> (artifact id: '02027d0c91a5d5d32a98e85d81f24d3a') in 0.016966 seconds
  Import took 0.023610 seconds .

========================================================================
Received Import Request.
  Time since last request: 5.462385 seconds.
  path: Assets/FinalBoss.prefab
  artifactKey: Guid(ace068dfd9723eb4bbe794d239808fda) Importer(815301076,1909f56bfc062723c751e8b465ee728b)
Start importing Assets/FinalBoss.prefab using Guid(ace068dfd9723eb4bbe794d239808fda) Importer(815301076,1909f56bfc062723c751e8b465ee728b)  -> (artifact id: 'd1a5740aaf9fb6f6ac20f916d98b813e') in 0.014460 seconds
  Import took 0.021644 seconds .

========================================================================
Received Import Request.
  Time since last request: 0.016024 seconds.
  path: Assets/FinalBoss.prefab
  artifactKey: Guid(ace068dfd9723eb4bbe794d239808fda) Importer(815301076,1909f56bfc062723c751e8b465ee728b)
Start importing Assets/FinalBoss.prefab using Guid(ace068dfd9723eb4bbe794d239808fda) Importer(815301076,1909f56bfc062723c751e8b465ee728b)  -> (artifact id: 'd1a5740aaf9fb6f6ac20f916d98b813e') in 0.015574 seconds
  Import took 0.023292 seconds .

========================================================================
Received Prepare
Registering precompiled user dll's ...
Registered in 0.001571 seconds.
Begin MonoManager ReloadAssembly
Native extension for WindowsStandalone target not found
Native extension for WebGL target not found
Refreshing native plugins compatible for Editor in 0.57 ms, found 1 plugins.
Preloading 0 native plugins for Editor in 0.00 ms.
Mono: successfully reloaded assembly
- Completed reload, in  0.972 seconds
Platform modules already initialized, skipping
Shader 'WFX/Transparent Diffuse': fallback shader 'Particles/Alpha Blended' not found
Shader 'WFX/Transparent Specular': fallback shader 'Particles/Alpha Blended' not found
Shader 'Universal Render Pipeline/Particles/Lit': fallback shader 'Universal Render Pipeline/Particles/SimpleLit' not found
Refreshing native plugins compatible for Editor in 0.65 ms, found 1 plugins.
Preloading 0 native plugins for Editor in 0.00 ms.
Unloading 2890 Unused Serialized files (Serialized files now loaded: 0)
System memory in use before: 135.3 MB.
System memory in use after: 135.4 MB.

Unloading 14 unused Assets to reduce memory usage. Loaded Objects now: 3907.
Total: 3.365617 ms (FindLiveObjects: 0.314656 ms CreateObjectMapping: 0.128736 ms MarkObjects: 2.752727 ms  DeleteObjects: 0.168618 ms)

AssetImportWorkerClient::OnTransportError - code=2 error=End of file
