Using pre-set license
Built from '2020.3/release' branch; Version is '2020.3.2f1 (8fd9074bf66c) revision 9427207'; Using compiler version '192528614'; Build Type 'Release'
OS: 'Windows 10 Home Single Language; OS build 19041.985; Version 2004; 64bit' Language: 'ru' Physical Memory: 6056 MB
BatchMode: 1, IsHumanControllingUs: 0, StartBugReporterOnCrash: 0, Is64bit: 1, IsPro: 0

 COMMAND LINE ARGUMENTS:
C:\Program Files\Unity\Hub\Editor\2020.3.2f1\Editor\Unity.exe
-adb2
-batchMode
-noUpm
-name
AssetImportWorker13
-projectPath
C:/Users/risem/source/repos/c/roguelike-in-cave
-logFile
Logs/AssetImportWorker13.log
-srvPort
56086
Successfully changed project path to: C:/Users/risem/source/repos/c/roguelike-in-cave
C:/Users/risem/source/repos/c/roguelike-in-cave
Using Asset Import Pipeline V2.
Refreshing native plugins compatible for Editor in 117.94 ms, found 1 plugins.
Preloading 0 native plugins for Editor in 0.00 ms.
Initialize engine version: 2020.3.2f1 (8fd9074bf66c)
[Subsystems] Discovering subsystems at path C:/Program Files/Unity/Hub/Editor/2020.3.2f1/Editor/Data/Resources/UnitySubsystems
[Subsystems] Discovering subsystems at path C:/Users/risem/source/repos/c/roguelike-in-cave/Assets
GfxDevice: creating device client; threaded=0
Direct3D:
    Version:  Direct3D 11.0 [level 11.0]
    Renderer: NVIDIA GeForce GT 740M (ID=0x1292)
    Vendor:   
    VRAM:     2009 MB
    Driver:   25.21.14.2531
Shader 'Universal Render Pipeline/Particles/Lit': fallback shader 'Universal Render Pipeline/Particles/SimpleLit' not found
Shader 'WFX/Transparent Specular': fallback shader 'Particles/Alpha Blended' not found
Shader 'WFX/Transparent Diffuse': fallback shader 'Particles/Alpha Blended' not found
Initialize mono
Mono path[0] = 'C:/Program Files/Unity/Hub/Editor/2020.3.2f1/Editor/Data/Managed'
Mono path[1] = 'C:/Program Files/Unity/Hub/Editor/2020.3.2f1/Editor/Data/MonoBleedingEdge/lib/mono/unityjit'
Mono config path = 'C:/Program Files/Unity/Hub/Editor/2020.3.2f1/Editor/Data/MonoBleedingEdge/etc'
Using monoOptions --debugger-agent=transport=dt_socket,embedding=1,server=y,suspend=n,address=127.0.0.1:56516
Begin MonoManager ReloadAssembly
Registering precompiled unity dll's ...
Register platform support module: C:/Program Files/Unity/Hub/Editor/2020.3.2f1/Editor/Data/PlaybackEngines/WindowsStandaloneSupport/UnityEditor.WindowsStandalone.Extensions.dll
Registered in 0.003901 seconds.
Native extension for WindowsStandalone target not found
Refreshing native plugins compatible for Editor in 198.12 ms, found 1 plugins.
Preloading 0 native plugins for Editor in 0.00 ms.
Invoked RoslynAnalysisRunner static constructor.
RoslynAnalysisRunner will not be running.
RoslynAnalysisRunner has terminated.
Mono: successfully reloaded assembly
- Completed reload, in  2.225 seconds
Platform modules already initialized, skipping
Registering precompiled user dll's ...
Registered in 0.003571 seconds.
Begin MonoManager ReloadAssembly
Native extension for WindowsStandalone target not found
Refreshing native plugins compatible for Editor in 113.66 ms, found 1 plugins.
Preloading 0 native plugins for Editor in 0.00 ms.
Invoked RoslynAnalysisRunner static constructor.
RoslynAnalysisRunner will not be running.
RoslynAnalysisRunner has terminated.
Mono: successfully reloaded assembly
- Completed reload, in  2.111 seconds
Platform modules already initialized, skipping
========================================================================
Worker process is ready to serve import requests
Shader 'Universal Render Pipeline/Particles/Lit': fallback shader 'Universal Render Pipeline/Particles/SimpleLit' not found
Shader 'WFX/Transparent Diffuse': fallback shader 'Particles/Alpha Blended' not found
Shader 'WFX/Transparent Specular': fallback shader 'Particles/Alpha Blended' not found
Launched and connected shader compiler UnityShaderCompiler.exe after 0.29 seconds
Refreshing native plugins compatible for Editor in 1.49 ms, found 1 plugins.
Preloading 0 native plugins for Editor in 0.00 ms.
Unloading 3011 Unused Serialized files (Serialized files now loaded: 0)
System memory in use before: 137.3 MB.
System memory in use after: 137.3 MB.

Unloading 26 unused Assets to reduce memory usage. Loaded Objects now: 3462.
Total: 7.753400 ms (FindLiveObjects: 0.929100 ms CreateObjectMapping: 0.480500 ms MarkObjects: 5.722400 ms  DeleteObjects: 0.618100 ms)

========================================================================
Received Import Request.
  path: Assets/interactive door.prefab
  artifactKey: Guid(1bdc2e2f696927f4e93857cce1b5d5c1) Importer(815301076,1909f56bfc062723c751e8b465ee728b)
Start importing Assets/interactive door.prefab using Guid(1bdc2e2f696927f4e93857cce1b5d5c1) Importer(815301076,1909f56bfc062723c751e8b465ee728b)  -> (artifact id: '516229f7d655652cb6a19d1946de3e19') in 0.905318 seconds
  Import took 0.914067 seconds .

========================================================================
Received Import Request.
  Time since last request: 3.969582 seconds.
  path: Assets/interactive door.prefab
  artifactKey: Guid(1bdc2e2f696927f4e93857cce1b5d5c1) Importer(815301076,1909f56bfc062723c751e8b465ee728b)
Start importing Assets/interactive door.prefab using Guid(1bdc2e2f696927f4e93857cce1b5d5c1) Importer(815301076,1909f56bfc062723c751e8b465ee728b)  -> (artifact id: 'a3d5a37bdec598d675023b7c26bd465e') in 0.076839 seconds
  Import took 0.088066 seconds .

========================================================================
Received Import Request.
  Time since last request: 9.398869 seconds.
  path: Assets/interactive door.prefab
  artifactKey: Guid(1bdc2e2f696927f4e93857cce1b5d5c1) Importer(815301076,1909f56bfc062723c751e8b465ee728b)
Start importing Assets/interactive door.prefab using Guid(1bdc2e2f696927f4e93857cce1b5d5c1) Importer(815301076,1909f56bfc062723c751e8b465ee728b)  -> (artifact id: '31b5d07f5df9fabaa0542b220581bb6b') in 0.060532 seconds
  Import took 0.070843 seconds .

========================================================================
Received Import Request.
  Time since last request: 10.264028 seconds.
  path: Assets/interactive door.prefab
  artifactKey: Guid(1bdc2e2f696927f4e93857cce1b5d5c1) Importer(815301076,1909f56bfc062723c751e8b465ee728b)
Start importing Assets/interactive door.prefab using Guid(1bdc2e2f696927f4e93857cce1b5d5c1) Importer(815301076,1909f56bfc062723c751e8b465ee728b)  -> (artifact id: '0810f9be71c307b4c6fd0025b2771b59') in 0.055917 seconds
  Import took 0.075947 seconds .

========================================================================
Received Import Request.
  Time since last request: 3.514397 seconds.
  path: Assets/interactive door.prefab
  artifactKey: Guid(1bdc2e2f696927f4e93857cce1b5d5c1) Importer(815301076,1909f56bfc062723c751e8b465ee728b)
Start importing Assets/interactive door.prefab using Guid(1bdc2e2f696927f4e93857cce1b5d5c1) Importer(815301076,1909f56bfc062723c751e8b465ee728b)  -> (artifact id: 'b6bb14502cbd20d8b446efe9dc4dc598') in 0.068261 seconds
  Import took 0.078846 seconds .

========================================================================
Received Import Request.
  Time since last request: 21.057908 seconds.
  path: Assets/interactive door.prefab
  artifactKey: Guid(1bdc2e2f696927f4e93857cce1b5d5c1) Importer(815301076,1909f56bfc062723c751e8b465ee728b)
Start importing Assets/interactive door.prefab using Guid(1bdc2e2f696927f4e93857cce1b5d5c1) Importer(815301076,1909f56bfc062723c751e8b465ee728b)  -> (artifact id: '641bc28510c46d28e68dad70727f26b3') in 0.056683 seconds
  Import took 0.069624 seconds .

========================================================================
Received Import Request.
  Time since last request: 8.277003 seconds.
  path: Assets/interactive door.prefab
  artifactKey: Guid(1bdc2e2f696927f4e93857cce1b5d5c1) Importer(815301076,1909f56bfc062723c751e8b465ee728b)
Start importing Assets/interactive door.prefab using Guid(1bdc2e2f696927f4e93857cce1b5d5c1) Importer(815301076,1909f56bfc062723c751e8b465ee728b)  -> (artifact id: 'ea5f1f4810a152071b47de88878825a8') in 0.053754 seconds
  Import took 0.066765 seconds .

========================================================================
Received Import Request.
  Time since last request: 14.336114 seconds.
  path: Assets/interactive door.prefab
  artifactKey: Guid(1bdc2e2f696927f4e93857cce1b5d5c1) Importer(815301076,1909f56bfc062723c751e8b465ee728b)
Start importing Assets/interactive door.prefab using Guid(1bdc2e2f696927f4e93857cce1b5d5c1) Importer(815301076,1909f56bfc062723c751e8b465ee728b)  -> (artifact id: 'f30f5529ad6de8c64d71fa024f83509a') in 0.068060 seconds
  Import took 0.088628 seconds .

========================================================================
Received Import Request.
  Time since last request: 5.444586 seconds.
  path: Assets/interactive door.prefab
  artifactKey: Guid(1bdc2e2f696927f4e93857cce1b5d5c1) Importer(815301076,1909f56bfc062723c751e8b465ee728b)
Start importing Assets/interactive door.prefab using Guid(1bdc2e2f696927f4e93857cce1b5d5c1) Importer(815301076,1909f56bfc062723c751e8b465ee728b)  -> (artifact id: '1b10776a9287ade95f870f7b8f97b6ba') in 0.127537 seconds
  Import took 0.140358 seconds .

========================================================================
Received Import Request.
  Time since last request: 2.949252 seconds.
  path: Assets/interactive door.prefab
  artifactKey: Guid(1bdc2e2f696927f4e93857cce1b5d5c1) Importer(815301076,1909f56bfc062723c751e8b465ee728b)
Start importing Assets/interactive door.prefab using Guid(1bdc2e2f696927f4e93857cce1b5d5c1) Importer(815301076,1909f56bfc062723c751e8b465ee728b)  -> (artifact id: '55ff8ec5ba05643c51ad74f8e1c457b9') in 0.037531 seconds
  Import took 0.048508 seconds .

========================================================================
Received Import Request.
  Time since last request: 5.648727 seconds.
  path: Assets/interactive door.prefab
  artifactKey: Guid(1bdc2e2f696927f4e93857cce1b5d5c1) Importer(815301076,1909f56bfc062723c751e8b465ee728b)
Start importing Assets/interactive door.prefab using Guid(1bdc2e2f696927f4e93857cce1b5d5c1) Importer(815301076,1909f56bfc062723c751e8b465ee728b)  -> (artifact id: '10986d6a3a84c81c53dd9ef70a5143b7') in 0.049019 seconds
  Import took 0.059627 seconds .

========================================================================
Received Import Request.
  Time since last request: 2.244159 seconds.
  path: Assets/interactive door.prefab
  artifactKey: Guid(1bdc2e2f696927f4e93857cce1b5d5c1) Importer(815301076,1909f56bfc062723c751e8b465ee728b)
Start importing Assets/interactive door.prefab using Guid(1bdc2e2f696927f4e93857cce1b5d5c1) Importer(815301076,1909f56bfc062723c751e8b465ee728b)  -> (artifact id: '0cd1e97b9b3997f34f9a879af0a457c6') in 0.067380 seconds
  Import took 0.080219 seconds .

========================================================================
Received Import Request.
  Time since last request: 2.766354 seconds.
  path: Assets/interactive door.prefab
  artifactKey: Guid(1bdc2e2f696927f4e93857cce1b5d5c1) Importer(815301076,1909f56bfc062723c751e8b465ee728b)
Start importing Assets/interactive door.prefab using Guid(1bdc2e2f696927f4e93857cce1b5d5c1) Importer(815301076,1909f56bfc062723c751e8b465ee728b)  -> (artifact id: 'a2b6fe486d8ebf55553d61c883f79445') in 0.046738 seconds
  Import took 0.056897 seconds .

========================================================================
Received Import Request.
  Time since last request: 1.736245 seconds.
  path: Assets/interactive door.prefab
  artifactKey: Guid(1bdc2e2f696927f4e93857cce1b5d5c1) Importer(815301076,1909f56bfc062723c751e8b465ee728b)
Start importing Assets/interactive door.prefab using Guid(1bdc2e2f696927f4e93857cce1b5d5c1) Importer(815301076,1909f56bfc062723c751e8b465ee728b)  -> (artifact id: '4ea7f86ed304af181c4aeea0dba1f01f') in 0.057955 seconds
  Import took 0.071632 seconds .

========================================================================
Received Import Request.
  Time since last request: 11.720601 seconds.
  path: Assets/interactive door.prefab
  artifactKey: Guid(1bdc2e2f696927f4e93857cce1b5d5c1) Importer(815301076,1909f56bfc062723c751e8b465ee728b)
Start importing Assets/interactive door.prefab using Guid(1bdc2e2f696927f4e93857cce1b5d5c1) Importer(815301076,1909f56bfc062723c751e8b465ee728b)  -> (artifact id: '1680723c5cbe4fcfc740f574178e0275') in 0.046249 seconds
  Import took 0.057263 seconds .

========================================================================
Received Import Request.
  Time since last request: 14.276109 seconds.
  path: Assets/interactive door.prefab
  artifactKey: Guid(1bdc2e2f696927f4e93857cce1b5d5c1) Importer(815301076,1909f56bfc062723c751e8b465ee728b)
Start importing Assets/interactive door.prefab using Guid(1bdc2e2f696927f4e93857cce1b5d5c1) Importer(815301076,1909f56bfc062723c751e8b465ee728b)  -> (artifact id: 'd53f33d3d6da6b2458f81cd5fb1dc7be') in 0.052630 seconds
  Import took 0.067243 seconds .

========================================================================
Received Import Request.
  Time since last request: 8.405611 seconds.
  path: Assets/interactive door.prefab
  artifactKey: Guid(1bdc2e2f696927f4e93857cce1b5d5c1) Importer(815301076,1909f56bfc062723c751e8b465ee728b)
Start importing Assets/interactive door.prefab using Guid(1bdc2e2f696927f4e93857cce1b5d5c1) Importer(815301076,1909f56bfc062723c751e8b465ee728b)  -> (artifact id: '5b7d051d3c3692ebd4db822d2df1cebd') in 0.039207 seconds
  Import took 0.050299 seconds .

========================================================================
Received Import Request.
  Time since last request: 4.061897 seconds.
  path: Assets/interactive door.prefab
  artifactKey: Guid(1bdc2e2f696927f4e93857cce1b5d5c1) Importer(815301076,1909f56bfc062723c751e8b465ee728b)
Start importing Assets/interactive door.prefab using Guid(1bdc2e2f696927f4e93857cce1b5d5c1) Importer(815301076,1909f56bfc062723c751e8b465ee728b)  -> (artifact id: '832eb14faa58eb15b7cc30f01f82c409') in 0.047965 seconds
  Import took 0.173165 seconds .

========================================================================
Received Import Request.
  Time since last request: 8.453920 seconds.
  path: Assets/interactive door.prefab
  artifactKey: Guid(1bdc2e2f696927f4e93857cce1b5d5c1) Importer(815301076,1909f56bfc062723c751e8b465ee728b)
Start importing Assets/interactive door.prefab using Guid(1bdc2e2f696927f4e93857cce1b5d5c1) Importer(815301076,1909f56bfc062723c751e8b465ee728b)  -> (artifact id: 'f91285e40e6564d45593b2e5b8ea7b39') in 0.078702 seconds
  Import took 0.092409 seconds .

========================================================================
Received Import Request.
  Time since last request: 15.361978 seconds.
  path: Assets/interactive door.prefab
  artifactKey: Guid(1bdc2e2f696927f4e93857cce1b5d5c1) Importer(815301076,1909f56bfc062723c751e8b465ee728b)
Start importing Assets/interactive door.prefab using Guid(1bdc2e2f696927f4e93857cce1b5d5c1) Importer(815301076,1909f56bfc062723c751e8b465ee728b)  -> (artifact id: '58ddbe51f315c138a781d0adceb1f7f5') in 0.061956 seconds
  Import took 0.072189 seconds .

========================================================================
Received Import Request.
  Time since last request: 2.103556 seconds.
  path: Assets/interactive door.prefab
  artifactKey: Guid(1bdc2e2f696927f4e93857cce1b5d5c1) Importer(815301076,1909f56bfc062723c751e8b465ee728b)
Start importing Assets/interactive door.prefab using Guid(1bdc2e2f696927f4e93857cce1b5d5c1) Importer(815301076,1909f56bfc062723c751e8b465ee728b)  -> (artifact id: 'ff17ef3250eebca76d764c9a29b39a23') in 0.064826 seconds
  Import took 0.084867 seconds .

========================================================================
Received Import Request.
  Time since last request: 3.042614 seconds.
  path: Assets/interactive door.prefab
  artifactKey: Guid(1bdc2e2f696927f4e93857cce1b5d5c1) Importer(815301076,1909f56bfc062723c751e8b465ee728b)
Start importing Assets/interactive door.prefab using Guid(1bdc2e2f696927f4e93857cce1b5d5c1) Importer(815301076,1909f56bfc062723c751e8b465ee728b)  -> (artifact id: 'd235e529ff2daa0ee7351832b9a8e5d3') in 0.088891 seconds
  Import took 0.101350 seconds .

========================================================================
Received Import Request.
  Time since last request: 32.646825 seconds.
  path: Assets/interactive door.prefab
  artifactKey: Guid(1bdc2e2f696927f4e93857cce1b5d5c1) Importer(815301076,1909f56bfc062723c751e8b465ee728b)
Start importing Assets/interactive door.prefab using Guid(1bdc2e2f696927f4e93857cce1b5d5c1) Importer(815301076,1909f56bfc062723c751e8b465ee728b)  -> (artifact id: 'f1345e7172fb25bb86f23f8737b35dab') in 0.058574 seconds
  Import took 0.071421 seconds .

========================================================================
Received Import Request.
  Time since last request: 7.630638 seconds.
  path: Assets/interactive door.prefab
  artifactKey: Guid(1bdc2e2f696927f4e93857cce1b5d5c1) Importer(815301076,1909f56bfc062723c751e8b465ee728b)
Start importing Assets/interactive door.prefab using Guid(1bdc2e2f696927f4e93857cce1b5d5c1) Importer(815301076,1909f56bfc062723c751e8b465ee728b)  -> (artifact id: '41d53f6d4412d4e9e6ca603dde9845a5') in 0.058687 seconds
  Import took 0.076618 seconds .

========================================================================
Received Import Request.
  Time since last request: 6.843190 seconds.
  path: Assets/interactive door.prefab
  artifactKey: Guid(1bdc2e2f696927f4e93857cce1b5d5c1) Importer(815301076,1909f56bfc062723c751e8b465ee728b)
Start importing Assets/interactive door.prefab using Guid(1bdc2e2f696927f4e93857cce1b5d5c1) Importer(815301076,1909f56bfc062723c751e8b465ee728b)  -> (artifact id: '48de1d5e079d181c0787710109e7cf8f') in 0.050284 seconds
  Import took 0.067540 seconds .

========================================================================
Received Import Request.
  Time since last request: 2.096179 seconds.
  path: Assets/interactive door.prefab
  artifactKey: Guid(1bdc2e2f696927f4e93857cce1b5d5c1) Importer(815301076,1909f56bfc062723c751e8b465ee728b)
Start importing Assets/interactive door.prefab using Guid(1bdc2e2f696927f4e93857cce1b5d5c1) Importer(815301076,1909f56bfc062723c751e8b465ee728b)  -> (artifact id: '08abd47ec3ee3b04ff19e291d7c90f58') in 0.059960 seconds
  Import took 0.076187 seconds .

========================================================================
Received Import Request.
  Time since last request: 2.952024 seconds.
  path: Assets/interactive door.prefab
  artifactKey: Guid(1bdc2e2f696927f4e93857cce1b5d5c1) Importer(815301076,1909f56bfc062723c751e8b465ee728b)
Start importing Assets/interactive door.prefab using Guid(1bdc2e2f696927f4e93857cce1b5d5c1) Importer(815301076,1909f56bfc062723c751e8b465ee728b)  -> (artifact id: '517939cd90a28e5d56debefab4c09bec') in 0.062405 seconds
  Import took 0.070661 seconds .

========================================================================
Received Import Request.
  Time since last request: 4.012902 seconds.
  path: Assets/interactive door.prefab
  artifactKey: Guid(1bdc2e2f696927f4e93857cce1b5d5c1) Importer(815301076,1909f56bfc062723c751e8b465ee728b)
Start importing Assets/interactive door.prefab using Guid(1bdc2e2f696927f4e93857cce1b5d5c1) Importer(815301076,1909f56bfc062723c751e8b465ee728b)  -> (artifact id: '1a7d61b707b4990fc01bb7120f205fa9') in 0.057373 seconds
  Import took 0.068202 seconds .

========================================================================
Received Import Request.
  Time since last request: 3.390810 seconds.
  path: Assets/interactive door.prefab
  artifactKey: Guid(1bdc2e2f696927f4e93857cce1b5d5c1) Importer(815301076,1909f56bfc062723c751e8b465ee728b)
Start importing Assets/interactive door.prefab using Guid(1bdc2e2f696927f4e93857cce1b5d5c1) Importer(815301076,1909f56bfc062723c751e8b465ee728b)  -> (artifact id: 'c106ce1a3fef7353be9df819f3965da4') in 0.060565 seconds
  Import took 0.072928 seconds .

========================================================================
Received Import Request.
  Time since last request: 2.012855 seconds.
  path: Assets/interactive door.prefab
  artifactKey: Guid(1bdc2e2f696927f4e93857cce1b5d5c1) Importer(815301076,1909f56bfc062723c751e8b465ee728b)
Start importing Assets/interactive door.prefab using Guid(1bdc2e2f696927f4e93857cce1b5d5c1) Importer(815301076,1909f56bfc062723c751e8b465ee728b)  -> (artifact id: '150fc1c22544abbf1a58018cd451b797') in 0.051877 seconds
  Import took 0.063969 seconds .

========================================================================
Received Import Request.
  Time since last request: 2.547909 seconds.
  path: Assets/interactive door.prefab
  artifactKey: Guid(1bdc2e2f696927f4e93857cce1b5d5c1) Importer(815301076,1909f56bfc062723c751e8b465ee728b)
Start importing Assets/interactive door.prefab using Guid(1bdc2e2f696927f4e93857cce1b5d5c1) Importer(815301076,1909f56bfc062723c751e8b465ee728b)  -> (artifact id: '72328d21482687dea138c5e606d7f094') in 0.064312 seconds
  Import took 0.077186 seconds .

========================================================================
Received Import Request.
  Time since last request: 3.762675 seconds.
  path: Assets/interactive door.prefab
  artifactKey: Guid(1bdc2e2f696927f4e93857cce1b5d5c1) Importer(815301076,1909f56bfc062723c751e8b465ee728b)
Start importing Assets/interactive door.prefab using Guid(1bdc2e2f696927f4e93857cce1b5d5c1) Importer(815301076,1909f56bfc062723c751e8b465ee728b)  -> (artifact id: '0bbbedcac8a4d9ad18b1a9f83e3ef313') in 0.055044 seconds
  Import took 0.064968 seconds .

========================================================================
Received Import Request.
  Time since last request: 14.576011 seconds.
  path: Assets/interactive door.prefab
  artifactKey: Guid(1bdc2e2f696927f4e93857cce1b5d5c1) Importer(815301076,1909f56bfc062723c751e8b465ee728b)
Start importing Assets/interactive door.prefab using Guid(1bdc2e2f696927f4e93857cce1b5d5c1) Importer(815301076,1909f56bfc062723c751e8b465ee728b)  -> (artifact id: 'c38d00adc980ab5266f6764a3135f43f') in 0.062351 seconds
  Import took 0.076502 seconds .

========================================================================
Received Import Request.
  Time since last request: 3.934069 seconds.
  path: Assets/interactive door.prefab
  artifactKey: Guid(1bdc2e2f696927f4e93857cce1b5d5c1) Importer(815301076,1909f56bfc062723c751e8b465ee728b)
Start importing Assets/interactive door.prefab using Guid(1bdc2e2f696927f4e93857cce1b5d5c1) Importer(815301076,1909f56bfc062723c751e8b465ee728b)  -> (artifact id: '741ca300f057ddf1ca58a8b8705e789c') in 0.047563 seconds
  Import took 0.060032 seconds .

========================================================================
Received Import Request.
  Time since last request: 3.969439 seconds.
  path: Assets/interactive door.prefab
  artifactKey: Guid(1bdc2e2f696927f4e93857cce1b5d5c1) Importer(815301076,1909f56bfc062723c751e8b465ee728b)
Start importing Assets/interactive door.prefab using Guid(1bdc2e2f696927f4e93857cce1b5d5c1) Importer(815301076,1909f56bfc062723c751e8b465ee728b)  -> (artifact id: '31a440f7893c5389ba1ab84fd2665e85') in 0.046289 seconds
  Import took 0.059997 seconds .

========================================================================
Received Import Request.
  Time since last request: 11.544810 seconds.
  path: Assets/interactive door.prefab
  artifactKey: Guid(1bdc2e2f696927f4e93857cce1b5d5c1) Importer(815301076,1909f56bfc062723c751e8b465ee728b)
Start importing Assets/interactive door.prefab using Guid(1bdc2e2f696927f4e93857cce1b5d5c1) Importer(815301076,1909f56bfc062723c751e8b465ee728b)  -> (artifact id: 'f16549abf333f2a42e7777aea8269ebb') in 0.052487 seconds
  Import took 0.066485 seconds .

========================================================================
Received Import Request.
  Time since last request: 16.278667 seconds.
  path: Assets/interactive door.prefab
  artifactKey: Guid(1bdc2e2f696927f4e93857cce1b5d5c1) Importer(815301076,1909f56bfc062723c751e8b465ee728b)
Start importing Assets/interactive door.prefab using Guid(1bdc2e2f696927f4e93857cce1b5d5c1) Importer(815301076,1909f56bfc062723c751e8b465ee728b)  -> (artifact id: '76e92f18918aa121f1ccdebbaf14eb90') in 0.028963 seconds
  Import took 0.039034 seconds .

========================================================================
Received Import Request.
  Time since last request: 19.676381 seconds.
  path: Assets/interactive door.prefab
  artifactKey: Guid(1bdc2e2f696927f4e93857cce1b5d5c1) Importer(815301076,1909f56bfc062723c751e8b465ee728b)
Start importing Assets/interactive door.prefab using Guid(1bdc2e2f696927f4e93857cce1b5d5c1) Importer(815301076,1909f56bfc062723c751e8b465ee728b)  -> (artifact id: '623494da34fa2b9cbe6db7d21f8e47c8') in 0.042439 seconds
  Import took 0.054479 seconds .

========================================================================
Received Import Request.
  Time since last request: 11.986576 seconds.
  path: Assets/interactive door.prefab
  artifactKey: Guid(1bdc2e2f696927f4e93857cce1b5d5c1) Importer(815301076,1909f56bfc062723c751e8b465ee728b)
Start importing Assets/interactive door.prefab using Guid(1bdc2e2f696927f4e93857cce1b5d5c1) Importer(815301076,1909f56bfc062723c751e8b465ee728b)  -> (artifact id: 'ed257d42f16401a3a784329653151c5f') in 0.053932 seconds
  Import took 0.072531 seconds .

========================================================================
Received Import Request.
  Time since last request: 3.791854 seconds.
  path: Assets/interactive door.prefab
  artifactKey: Guid(1bdc2e2f696927f4e93857cce1b5d5c1) Importer(815301076,1909f56bfc062723c751e8b465ee728b)
Start importing Assets/interactive door.prefab using Guid(1bdc2e2f696927f4e93857cce1b5d5c1) Importer(815301076,1909f56bfc062723c751e8b465ee728b)  -> (artifact id: '43b8655c1bb52825be7772d1c8a59529') in 0.052420 seconds
  Import took 0.066684 seconds .

========================================================================
Received Import Request.
  Time since last request: 28.454108 seconds.
  path: Assets/interactive door.prefab
  artifactKey: Guid(1bdc2e2f696927f4e93857cce1b5d5c1) Importer(815301076,1909f56bfc062723c751e8b465ee728b)
Start importing Assets/interactive door.prefab using Guid(1bdc2e2f696927f4e93857cce1b5d5c1) Importer(815301076,1909f56bfc062723c751e8b465ee728b)  -> (artifact id: '780ce3ea293abdfefce0f324a5ceb044') in 0.056779 seconds
  Import took 0.070977 seconds .

========================================================================
Received Import Request.
  Time since last request: 2.325056 seconds.
  path: Assets/interactive door.prefab
  artifactKey: Guid(1bdc2e2f696927f4e93857cce1b5d5c1) Importer(815301076,1909f56bfc062723c751e8b465ee728b)
Start importing Assets/interactive door.prefab using Guid(1bdc2e2f696927f4e93857cce1b5d5c1) Importer(815301076,1909f56bfc062723c751e8b465ee728b)  -> (artifact id: '8b00c90d0b86b520d1ab4ba7bc00f4d1') in 0.047974 seconds
  Import took 0.062352 seconds .

========================================================================
Received Import Request.
  Time since last request: 2.206101 seconds.
  path: Assets/interactive door.prefab
  artifactKey: Guid(1bdc2e2f696927f4e93857cce1b5d5c1) Importer(815301076,1909f56bfc062723c751e8b465ee728b)
Start importing Assets/interactive door.prefab using Guid(1bdc2e2f696927f4e93857cce1b5d5c1) Importer(815301076,1909f56bfc062723c751e8b465ee728b)  -> (artifact id: '6bd99ccb22fc2a7cb84a52f3957c6823') in 0.095664 seconds
  Import took 0.107541 seconds .

========================================================================
Received Import Request.
  Time since last request: 3.010366 seconds.
  path: Assets/interactive door.prefab
  artifactKey: Guid(1bdc2e2f696927f4e93857cce1b5d5c1) Importer(815301076,1909f56bfc062723c751e8b465ee728b)
Start importing Assets/interactive door.prefab using Guid(1bdc2e2f696927f4e93857cce1b5d5c1) Importer(815301076,1909f56bfc062723c751e8b465ee728b)  -> (artifact id: '8c2cd44d0503903623a89749d1cbcd94') in 0.062589 seconds
  Import took 0.075966 seconds .

========================================================================
Received Import Request.
  Time since last request: 7.409761 seconds.
  path: Assets/interactive door.prefab
  artifactKey: Guid(1bdc2e2f696927f4e93857cce1b5d5c1) Importer(815301076,1909f56bfc062723c751e8b465ee728b)
Start importing Assets/interactive door.prefab using Guid(1bdc2e2f696927f4e93857cce1b5d5c1) Importer(815301076,1909f56bfc062723c751e8b465ee728b)  -> (artifact id: 'b070f19f88cf2bce4b4666e295749633') in 0.059450 seconds
  Import took 0.069208 seconds .

========================================================================
Received Import Request.
  Time since last request: 179.693472 seconds.
  path: Assets/interactive door.prefab
  artifactKey: Guid(1bdc2e2f696927f4e93857cce1b5d5c1) Importer(815301076,1909f56bfc062723c751e8b465ee728b)
Start importing Assets/interactive door.prefab using Guid(1bdc2e2f696927f4e93857cce1b5d5c1) Importer(815301076,1909f56bfc062723c751e8b465ee728b)  -> (artifact id: 'b39a36566c391843f8326c62cfa7970b') in 0.051998 seconds
  Import took 0.064026 seconds .

========================================================================
Received Prepare
Registering precompiled user dll's ...
Registered in 0.042999 seconds.
Begin MonoManager ReloadAssembly
Native extension for WindowsStandalone target not found
Refreshing native plugins compatible for Editor in 1.06 ms, found 1 plugins.
Preloading 0 native plugins for Editor in 0.00 ms.
Invoked RoslynAnalysisRunner static constructor.
RoslynAnalysisRunner will not be running.
RoslynAnalysisRunner has terminated.
Mono: successfully reloaded assembly
- Completed reload, in  1.738 seconds
Platform modules already initialized, skipping
Shader 'Universal Render Pipeline/Particles/Lit': fallback shader 'Universal Render Pipeline/Particles/SimpleLit' not found
Shader 'WFX/Transparent Diffuse': fallback shader 'Particles/Alpha Blended' not found
Shader 'WFX/Transparent Specular': fallback shader 'Particles/Alpha Blended' not found
Refreshing native plugins compatible for Editor in 1.02 ms, found 1 plugins.
Preloading 0 native plugins for Editor in 0.00 ms.
Unloading 2889 Unused Serialized files (Serialized files now loaded: 0)
System memory in use before: 134.1 MB.
System memory in use after: 134.2 MB.

Unloading 14 unused Assets to reduce memory usage. Loaded Objects now: 3511.
Total: 4.547200 ms (FindLiveObjects: 0.545800 ms CreateObjectMapping: 0.401500 ms MarkObjects: 3.423800 ms  DeleteObjects: 0.174000 ms)

========================================================================
Received Prepare
Registering precompiled user dll's ...
Registered in 0.004196 seconds.
Begin MonoManager ReloadAssembly
Native extension for WindowsStandalone target not found
Refreshing native plugins compatible for Editor in 1.41 ms, found 1 plugins.
Preloading 0 native plugins for Editor in 0.00 ms.
Invoked RoslynAnalysisRunner static constructor.
RoslynAnalysisRunner will not be running.
RoslynAnalysisRunner has terminated.
Mono: successfully reloaded assembly
- Completed reload, in  2.000 seconds
Platform modules already initialized, skipping
Shader 'Universal Render Pipeline/Particles/Lit': fallback shader 'Universal Render Pipeline/Particles/SimpleLit' not found
Shader 'WFX/Transparent Diffuse': fallback shader 'Particles/Alpha Blended' not found
Shader 'WFX/Transparent Specular': fallback shader 'Particles/Alpha Blended' not found
Refreshing native plugins compatible for Editor in 1.20 ms, found 1 plugins.
Preloading 0 native plugins for Editor in 0.00 ms.
Unloading 2889 Unused Serialized files (Serialized files now loaded: 0)
System memory in use before: 134.1 MB.
System memory in use after: 134.2 MB.

Unloading 14 unused Assets to reduce memory usage. Loaded Objects now: 3515.
Total: 5.665700 ms (FindLiveObjects: 0.574800 ms CreateObjectMapping: 0.313500 ms MarkObjects: 4.587300 ms  DeleteObjects: 0.187700 ms)

========================================================================
Received Prepare
Registering precompiled user dll's ...
Registered in 0.003399 seconds.
Begin MonoManager ReloadAssembly
Native extension for WindowsStandalone target not found
Refreshing native plugins compatible for Editor in 1.18 ms, found 1 plugins.
Preloading 0 native plugins for Editor in 0.00 ms.
Invoked RoslynAnalysisRunner static constructor.
RoslynAnalysisRunner will not be running.
RoslynAnalysisRunner has terminated.
Mono: successfully reloaded assembly
- Completed reload, in  1.718 seconds
Platform modules already initialized, skipping
Shader 'Universal Render Pipeline/Particles/Lit': fallback shader 'Universal Render Pipeline/Particles/SimpleLit' not found
Shader 'WFX/Transparent Diffuse': fallback shader 'Particles/Alpha Blended' not found
Shader 'WFX/Transparent Specular': fallback shader 'Particles/Alpha Blended' not found
Refreshing native plugins compatible for Editor in 1.78 ms, found 1 plugins.
Preloading 0 native plugins for Editor in 0.00 ms.
Unloading 2889 Unused Serialized files (Serialized files now loaded: 0)
System memory in use before: 134.2 MB.
System memory in use after: 134.3 MB.

Unloading 14 unused Assets to reduce memory usage. Loaded Objects now: 3519.
Total: 5.020800 ms (FindLiveObjects: 0.590000 ms CreateObjectMapping: 0.240400 ms MarkObjects: 4.008200 ms  DeleteObjects: 0.179400 ms)

========================================================================
Received Prepare
Registering precompiled user dll's ...
Registered in 0.006069 seconds.
Begin MonoManager ReloadAssembly
Native extension for WindowsStandalone target not found
Refreshing native plugins compatible for Editor in 0.88 ms, found 1 plugins.
Preloading 0 native plugins for Editor in 0.00 ms.
Invoked RoslynAnalysisRunner static constructor.
RoslynAnalysisRunner will not be running.
RoslynAnalysisRunner has terminated.
Mono: successfully reloaded assembly
- Completed reload, in  1.819 seconds
Platform modules already initialized, skipping
Shader 'Universal Render Pipeline/Particles/Lit': fallback shader 'Universal Render Pipeline/Particles/SimpleLit' not found
Shader 'WFX/Transparent Diffuse': fallback shader 'Particles/Alpha Blended' not found
Shader 'WFX/Transparent Specular': fallback shader 'Particles/Alpha Blended' not found
Refreshing native plugins compatible for Editor in 0.84 ms, found 1 plugins.
Preloading 0 native plugins for Editor in 0.00 ms.
Unloading 2889 Unused Serialized files (Serialized files now loaded: 0)
System memory in use before: 134.2 MB.
System memory in use after: 134.3 MB.

Unloading 14 unused Assets to reduce memory usage. Loaded Objects now: 3523.
Total: 4.582500 ms (FindLiveObjects: 0.655800 ms CreateObjectMapping: 0.283700 ms MarkObjects: 3.464800 ms  DeleteObjects: 0.175900 ms)

========================================================================
Received Prepare
Registering precompiled user dll's ...
Registered in 0.003968 seconds.
Begin MonoManager ReloadAssembly
Native extension for WindowsStandalone target not found
Refreshing native plugins compatible for Editor in 0.88 ms, found 1 plugins.
Preloading 0 native plugins for Editor in 0.00 ms.
Invoked RoslynAnalysisRunner static constructor.
RoslynAnalysisRunner will not be running.
RoslynAnalysisRunner has terminated.
Mono: successfully reloaded assembly
- Completed reload, in  2.284 seconds
Platform modules already initialized, skipping
Shader 'Universal Render Pipeline/Particles/Lit': fallback shader 'Universal Render Pipeline/Particles/SimpleLit' not found
Shader 'WFX/Transparent Diffuse': fallback shader 'Particles/Alpha Blended' not found
Shader 'WFX/Transparent Specular': fallback shader 'Particles/Alpha Blended' not found
Refreshing native plugins compatible for Editor in 0.86 ms, found 1 plugins.
Preloading 0 native plugins for Editor in 0.00 ms.
Unloading 2889 Unused Serialized files (Serialized files now loaded: 0)
System memory in use before: 134.2 MB.
System memory in use after: 134.3 MB.

Unloading 14 unused Assets to reduce memory usage. Loaded Objects now: 3527.
Total: 4.655800 ms (FindLiveObjects: 0.537300 ms CreateObjectMapping: 0.372800 ms MarkObjects: 3.536000 ms  DeleteObjects: 0.207400 ms)

========================================================================
Received Prepare
Registering precompiled user dll's ...
Registered in 0.006739 seconds.
Begin MonoManager ReloadAssembly
Native extension for WindowsStandalone target not found
Refreshing native plugins compatible for Editor in 1.32 ms, found 1 plugins.
Preloading 0 native plugins for Editor in 0.00 ms.
Invoked RoslynAnalysisRunner static constructor.
RoslynAnalysisRunner will not be running.
RoslynAnalysisRunner has terminated.
Mono: successfully reloaded assembly
- Completed reload, in  1.946 seconds
Platform modules already initialized, skipping
Shader 'Universal Render Pipeline/Particles/Lit': fallback shader 'Universal Render Pipeline/Particles/SimpleLit' not found
Shader 'WFX/Transparent Diffuse': fallback shader 'Particles/Alpha Blended' not found
Shader 'WFX/Transparent Specular': fallback shader 'Particles/Alpha Blended' not found
Refreshing native plugins compatible for Editor in 1.43 ms, found 1 plugins.
Preloading 0 native plugins for Editor in 0.00 ms.
Unloading 2889 Unused Serialized files (Serialized files now loaded: 0)
System memory in use before: 134.2 MB.
System memory in use after: 134.3 MB.

Unloading 14 unused Assets to reduce memory usage. Loaded Objects now: 3531.
Total: 4.691500 ms (FindLiveObjects: 0.603000 ms CreateObjectMapping: 0.379300 ms MarkObjects: 3.526700 ms  DeleteObjects: 0.179600 ms)

========================================================================
Received Prepare
Registering precompiled user dll's ...
Registered in 0.003586 seconds.
Begin MonoManager ReloadAssembly
Native extension for WindowsStandalone target not found
Refreshing native plugins compatible for Editor in 1.11 ms, found 1 plugins.
Preloading 0 native plugins for Editor in 0.00 ms.
Invoked RoslynAnalysisRunner static constructor.
RoslynAnalysisRunner will not be running.
RoslynAnalysisRunner has terminated.
Mono: successfully reloaded assembly
- Completed reload, in  2.004 seconds
Platform modules already initialized, skipping
Shader 'Universal Render Pipeline/Particles/Lit': fallback shader 'Universal Render Pipeline/Particles/SimpleLit' not found
Shader 'WFX/Transparent Diffuse': fallback shader 'Particles/Alpha Blended' not found
Shader 'WFX/Transparent Specular': fallback shader 'Particles/Alpha Blended' not found
Refreshing native plugins compatible for Editor in 0.88 ms, found 1 plugins.
Preloading 0 native plugins for Editor in 0.00 ms.
Unloading 2889 Unused Serialized files (Serialized files now loaded: 0)
System memory in use before: 134.2 MB.
System memory in use after: 134.3 MB.

Unloading 14 unused Assets to reduce memory usage. Loaded Objects now: 3535.
Total: 6.566700 ms (FindLiveObjects: 0.701700 ms CreateObjectMapping: 0.271900 ms MarkObjects: 5.327900 ms  DeleteObjects: 0.262800 ms)

========================================================================
Received Prepare
Registering precompiled user dll's ...
Registered in 0.005549 seconds.
Begin MonoManager ReloadAssembly
Native extension for WindowsStandalone target not found
Refreshing native plugins compatible for Editor in 0.81 ms, found 1 plugins.
Preloading 0 native plugins for Editor in 0.00 ms.
Invoked RoslynAnalysisRunner static constructor.
RoslynAnalysisRunner will not be running.
RoslynAnalysisRunner has terminated.
Mono: successfully reloaded assembly
- Completed reload, in  1.990 seconds
Platform modules already initialized, skipping
Shader 'Universal Render Pipeline/Particles/Lit': fallback shader 'Universal Render Pipeline/Particles/SimpleLit' not found
Shader 'WFX/Transparent Diffuse': fallback shader 'Particles/Alpha Blended' not found
Shader 'WFX/Transparent Specular': fallback shader 'Particles/Alpha Blended' not found
Refreshing native plugins compatible for Editor in 0.88 ms, found 1 plugins.
Preloading 0 native plugins for Editor in 0.00 ms.
Unloading 2889 Unused Serialized files (Serialized files now loaded: 0)
System memory in use before: 134.2 MB.
System memory in use after: 134.3 MB.

Unloading 14 unused Assets to reduce memory usage. Loaded Objects now: 3539.
Total: 8.862800 ms (FindLiveObjects: 1.199800 ms CreateObjectMapping: 0.302800 ms MarkObjects: 7.086400 ms  DeleteObjects: 0.271600 ms)

========================================================================
Received Prepare
Registering precompiled user dll's ...
Registered in 0.003571 seconds.
Begin MonoManager ReloadAssembly
Native extension for WindowsStandalone target not found
Refreshing native plugins compatible for Editor in 0.85 ms, found 1 plugins.
Preloading 0 native plugins for Editor in 0.00 ms.
Invoked RoslynAnalysisRunner static constructor.
RoslynAnalysisRunner will not be running.
RoslynAnalysisRunner has terminated.
Mono: successfully reloaded assembly
- Completed reload, in  1.763 seconds
Platform modules already initialized, skipping
Shader 'Universal Render Pipeline/Particles/Lit': fallback shader 'Universal Render Pipeline/Particles/SimpleLit' not found
Shader 'WFX/Transparent Diffuse': fallback shader 'Particles/Alpha Blended' not found
Shader 'WFX/Transparent Specular': fallback shader 'Particles/Alpha Blended' not found
Refreshing native plugins compatible for Editor in 0.84 ms, found 1 plugins.
Preloading 0 native plugins for Editor in 0.00 ms.
Unloading 2889 Unused Serialized files (Serialized files now loaded: 0)
System memory in use before: 134.2 MB.
System memory in use after: 134.3 MB.

Unloading 14 unused Assets to reduce memory usage. Loaded Objects now: 3543.
Total: 8.867700 ms (FindLiveObjects: 0.908100 ms CreateObjectMapping: 0.495400 ms MarkObjects: 7.175500 ms  DeleteObjects: 0.286200 ms)

========================================================================
Received Prepare
Registering precompiled user dll's ...
Registered in 0.005536 seconds.
Begin MonoManager ReloadAssembly
Native extension for WindowsStandalone target not found
Refreshing native plugins compatible for Editor in 0.86 ms, found 1 plugins.
Preloading 0 native plugins for Editor in 0.00 ms.
Invoked RoslynAnalysisRunner static constructor.
RoslynAnalysisRunner will not be running.
RoslynAnalysisRunner has terminated.
Mono: successfully reloaded assembly
- Completed reload, in  1.876 seconds
Platform modules already initialized, skipping
Shader 'Universal Render Pipeline/Particles/Lit': fallback shader 'Universal Render Pipeline/Particles/SimpleLit' not found
Shader 'WFX/Transparent Diffuse': fallback shader 'Particles/Alpha Blended' not found
Shader 'WFX/Transparent Specular': fallback shader 'Particles/Alpha Blended' not found
Refreshing native plugins compatible for Editor in 0.87 ms, found 1 plugins.
Preloading 0 native plugins for Editor in 0.00 ms.
Unloading 2889 Unused Serialized files (Serialized files now loaded: 0)
System memory in use before: 134.3 MB.
System memory in use after: 134.3 MB.

Unloading 14 unused Assets to reduce memory usage. Loaded Objects now: 3547.
Total: 4.229200 ms (FindLiveObjects: 0.398100 ms CreateObjectMapping: 0.219300 ms MarkObjects: 3.422700 ms  DeleteObjects: 0.186800 ms)

========================================================================
Received Prepare
Registering precompiled user dll's ...
Registered in 0.009205 seconds.
Begin MonoManager ReloadAssembly
Native extension for WindowsStandalone target not found
Refreshing native plugins compatible for Editor in 0.85 ms, found 1 plugins.
Preloading 0 native plugins for Editor in 0.00 ms.
Invoked RoslynAnalysisRunner static constructor.
RoslynAnalysisRunner will not be running.
RoslynAnalysisRunner has terminated.
Mono: successfully reloaded assembly
- Completed reload, in  1.767 seconds
Platform modules already initialized, skipping
Shader 'Universal Render Pipeline/Particles/Lit': fallback shader 'Universal Render Pipeline/Particles/SimpleLit' not found
Shader 'WFX/Transparent Diffuse': fallback shader 'Particles/Alpha Blended' not found
Shader 'WFX/Transparent Specular': fallback shader 'Particles/Alpha Blended' not found
Refreshing native plugins compatible for Editor in 1.16 ms, found 1 plugins.
Preloading 0 native plugins for Editor in 0.00 ms.
Unloading 2889 Unused Serialized files (Serialized files now loaded: 0)
System memory in use before: 134.3 MB.
System memory in use after: 134.4 MB.

Unloading 14 unused Assets to reduce memory usage. Loaded Objects now: 3551.
Total: 4.695900 ms (FindLiveObjects: 0.668300 ms CreateObjectMapping: 0.271100 ms MarkObjects: 3.555100 ms  DeleteObjects: 0.199100 ms)

========================================================================
Received Prepare
Registering precompiled user dll's ...
Registered in 0.004045 seconds.
Begin MonoManager ReloadAssembly
Native extension for WindowsStandalone target not found
Refreshing native plugins compatible for Editor in 0.85 ms, found 1 plugins.
Preloading 0 native plugins for Editor in 0.00 ms.
Invoked RoslynAnalysisRunner static constructor.
RoslynAnalysisRunner will not be running.
RoslynAnalysisRunner has terminated.
Mono: successfully reloaded assembly
- Completed reload, in  1.662 seconds
Platform modules already initialized, skipping
Shader 'Universal Render Pipeline/Particles/Lit': fallback shader 'Universal Render Pipeline/Particles/SimpleLit' not found
Shader 'WFX/Transparent Diffuse': fallback shader 'Particles/Alpha Blended' not found
Shader 'WFX/Transparent Specular': fallback shader 'Particles/Alpha Blended' not found
Refreshing native plugins compatible for Editor in 0.91 ms, found 1 plugins.
Preloading 0 native plugins for Editor in 0.00 ms.
Unloading 2889 Unused Serialized files (Serialized files now loaded: 0)
System memory in use before: 134.3 MB.
System memory in use after: 134.4 MB.

Unloading 14 unused Assets to reduce memory usage. Loaded Objects now: 3555.
Total: 7.191600 ms (FindLiveObjects: 0.580900 ms CreateObjectMapping: 0.453200 ms MarkObjects: 5.855800 ms  DeleteObjects: 0.298700 ms)

========================================================================
Received Prepare
Registering precompiled user dll's ...
Registered in 0.003562 seconds.
Begin MonoManager ReloadAssembly
Native extension for WindowsStandalone target not found
Refreshing native plugins compatible for Editor in 1.39 ms, found 1 plugins.
Preloading 0 native plugins for Editor in 0.00 ms.
Invoked RoslynAnalysisRunner static constructor.
RoslynAnalysisRunner will not be running.
RoslynAnalysisRunner has terminated.
Mono: successfully reloaded assembly
- Completed reload, in  1.960 seconds
Platform modules already initialized, skipping
Shader 'Universal Render Pipeline/Particles/Lit': fallback shader 'Universal Render Pipeline/Particles/SimpleLit' not found
Shader 'WFX/Transparent Diffuse': fallback shader 'Particles/Alpha Blended' not found
Shader 'WFX/Transparent Specular': fallback shader 'Particles/Alpha Blended' not found
Refreshing native plugins compatible for Editor in 0.88 ms, found 1 plugins.
Preloading 0 native plugins for Editor in 0.00 ms.
Unloading 2889 Unused Serialized files (Serialized files now loaded: 0)
System memory in use before: 134.3 MB.
System memory in use after: 134.4 MB.

Unloading 14 unused Assets to reduce memory usage. Loaded Objects now: 3559.
Total: 6.725300 ms (FindLiveObjects: 0.640300 ms CreateObjectMapping: 0.271300 ms MarkObjects: 5.556100 ms  DeleteObjects: 0.254500 ms)

========================================================================
Received Prepare
Registering precompiled user dll's ...
Registered in 0.004640 seconds.
Begin MonoManager ReloadAssembly
Native extension for WindowsStandalone target not found
Refreshing native plugins compatible for Editor in 1.09 ms, found 1 plugins.
Preloading 0 native plugins for Editor in 0.00 ms.
Invoked RoslynAnalysisRunner static constructor.
RoslynAnalysisRunner will not be running.
RoslynAnalysisRunner has terminated.
Mono: successfully reloaded assembly
- Completed reload, in  1.778 seconds
Platform modules already initialized, skipping
Shader 'Universal Render Pipeline/Particles/Lit': fallback shader 'Universal Render Pipeline/Particles/SimpleLit' not found
Shader 'WFX/Transparent Diffuse': fallback shader 'Particles/Alpha Blended' not found
Shader 'WFX/Transparent Specular': fallback shader 'Particles/Alpha Blended' not found
Refreshing native plugins compatible for Editor in 0.92 ms, found 1 plugins.
Preloading 0 native plugins for Editor in 0.00 ms.
Unloading 2889 Unused Serialized files (Serialized files now loaded: 0)
System memory in use before: 134.3 MB.
System memory in use after: 134.4 MB.

Unloading 14 unused Assets to reduce memory usage. Loaded Objects now: 3563.
Total: 5.170200 ms (FindLiveObjects: 0.521000 ms CreateObjectMapping: 0.398100 ms MarkObjects: 4.052800 ms  DeleteObjects: 0.196100 ms)

========================================================================
Received Import Request.
  Time since last request: 1444.991212 seconds.
  path: Assets/KeyDetection.cs
  artifactKey: Guid(6e62265aee25fef43aa05b31f47a3bda) Importer(815301076,1909f56bfc062723c751e8b465ee728b)
Start importing Assets/KeyDetection.cs using Guid(6e62265aee25fef43aa05b31f47a3bda) Importer(815301076,1909f56bfc062723c751e8b465ee728b)  -> (artifact id: 'bfec89baefd8208056f2a1815c0be8ef') in 1.825059 seconds
  Import took 1.958927 seconds .

========================================================================
Received Import Request.
  Time since last request: 43.724460 seconds.
  path: Assets/Door.prefab
  artifactKey: Guid(dd40092dc97132642bf0f18ede02dab3) Importer(815301076,1909f56bfc062723c751e8b465ee728b)
Start importing Assets/Door.prefab using Guid(dd40092dc97132642bf0f18ede02dab3) Importer(815301076,1909f56bfc062723c751e8b465ee728b)  -> (artifact id: '07916cedf0b8355e1ca7d71e093907bf') in 3.398184 seconds
  Import took 3.661386 seconds .

========================================================================
Received Import Request.
  Time since last request: 297.341214 seconds.
  path: Assets/KeyDetection.cs
  artifactKey: Guid(6e62265aee25fef43aa05b31f47a3bda) Importer(815301076,1909f56bfc062723c751e8b465ee728b)
Start importing Assets/KeyDetection.cs using Guid(6e62265aee25fef43aa05b31f47a3bda) Importer(815301076,1909f56bfc062723c751e8b465ee728b)  -> (artifact id: '5118da30f2af7ed3d5208bb3e42b1619') in 1.085570 seconds
  Import took 1.544188 seconds .

