Using pre-set license
Built from '2020.3/staging' branch; Version is '2020.3.8f1 (507919d4fff5) revision 5273881'; Using compiler version '192528614'; Build Type 'Release'
OS: 'Windows 8.1  (6.3.0) 64bit' Language: 'ru' Physical Memory: 16202 MB
BatchMode: 1, IsHumanControllingUs: 0, StartBugReporterOnCrash: 0, Is64bit: 1, IsPro: 0

 COMMAND LINE ARGUMENTS:
D:\Unity\2020.3.8f1\Editor\Unity.exe
-adb2
-batchMode
-noUpm
-name
AssetImportWorker0
-projectPath
C:/Users/Янина/Desktop/Roguelike-in-cave
-logFile
Logs/AssetImportWorker0.log
-srvPort
59074
Successfully changed project path to: C:/Users/Янина/Desktop/Roguelike-in-cave
C:/Users/Янина/Desktop/Roguelike-in-cave
Using Asset Import Pipeline V2.
Refreshing native plugins compatible for Editor in 98.08 ms, found 1 plugins.
Preloading 0 native plugins for Editor in 0.00 ms.
Initialize engine version: 2020.3.8f1 (507919d4fff5)
[Subsystems] Discovering subsystems at path D:/Unity/2020.3.8f1/Editor/Data/Resources/UnitySubsystems
[Subsystems] Discovering subsystems at path C:/Users/Янина/Desktop/Roguelike-in-cave/Assets
GfxDevice: creating device client; threaded=0
d3d11: QueryInterface(IDXGIFactory5) failed (80004002).
Direct3D:
    Version:  Direct3D 11.0 [level 11.0]
    Renderer: Intel(R) HD Graphics 4000 (ID=0x166)
    Vendor:   
    VRAM:     1986 MB
    Driver:   10.18.13.5330
Shader 'Universal Render Pipeline/Particles/Lit': fallback shader 'Universal Render Pipeline/Particles/SimpleLit' not found
Shader 'WFX/Transparent Specular': fallback shader 'Particles/Alpha Blended' not found
Shader 'WFX/Transparent Diffuse': fallback shader 'Particles/Alpha Blended' not found
Initialize mono
Mono path[0] = 'D:/Unity/2020.3.8f1/Editor/Data/Managed'
Mono path[1] = 'D:/Unity/2020.3.8f1/Editor/Data/MonoBleedingEdge/lib/mono/unityjit'
Mono config path = 'D:/Unity/2020.3.8f1/Editor/Data/MonoBleedingEdge/etc'
Using monoOptions --debugger-agent=transport=dt_socket,embedding=1,server=y,suspend=n,address=127.0.0.1:56864
Begin MonoManager ReloadAssembly
Registering precompiled unity dll's ...
Register platform support module: D:/Unity/2020.3.8f1/Editor/Data/PlaybackEngines/WebGLSupport/UnityEditor.WebGL.Extensions.dll
Register platform support module: D:/Unity/2020.3.8f1/Editor/Data/PlaybackEngines/WindowsStandaloneSupport/UnityEditor.WindowsStandalone.Extensions.dll
Registered in 0.001407 seconds.
Native extension for WindowsStandalone target not found
Native extension for WebGL target not found
Refreshing native plugins compatible for Editor in 94.46 ms, found 1 plugins.
Preloading 0 native plugins for Editor in 0.00 ms.
Mono: successfully reloaded assembly
- Completed reload, in  1.322 seconds
Platform modules already initialized, skipping
Registering precompiled user dll's ...
Registered in 0.002892 seconds.
Begin MonoManager ReloadAssembly
Native extension for WindowsStandalone target not found
Native extension for WebGL target not found
Refreshing native plugins compatible for Editor in 94.76 ms, found 1 plugins.
Preloading 0 native plugins for Editor in 0.00 ms.
Mono: successfully reloaded assembly
- Completed reload, in  1.342 seconds
Platform modules already initialized, skipping
========================================================================
Worker process is ready to serve import requests
Shader 'WFX/Transparent Diffuse': fallback shader 'Particles/Alpha Blended' not found
Shader 'WFX/Transparent Specular': fallback shader 'Particles/Alpha Blended' not found
Shader 'Universal Render Pipeline/Particles/Lit': fallback shader 'Universal Render Pipeline/Particles/SimpleLit' not found
Launched and connected shader compiler UnityShaderCompiler.exe after 0.03 seconds
Refreshing native plugins compatible for Editor in 1.35 ms, found 1 plugins.
Preloading 0 native plugins for Editor in 0.00 ms.
Unloading 3152 Unused Serialized files (Serialized files now loaded: 0)
System memory in use before: 142.2 MB.
System memory in use after: 142.2 MB.

Unloading 27 unused Assets to reduce memory usage. Loaded Objects now: 3602.
Total: 3.658408 ms (FindLiveObjects: 0.331416 ms CreateObjectMapping: 0.167632 ms MarkObjects: 2.901068 ms  DeleteObjects: 0.256580 ms)

========================================================================
Received Import Request.
  path: Assets/blue_key_image.prefab
  artifactKey: Guid(202dbfa424b6bf845b1d07c6a92b97f7) Importer(815301076,1909f56bfc062723c751e8b465ee728b)
Start importing Assets/blue_key_image.prefab using Guid(202dbfa424b6bf845b1d07c6a92b97f7) Importer(815301076,1909f56bfc062723c751e8b465ee728b)  -> (artifact id: '60d0a86b6e19c2d0c8eefecde2080006') in 0.117888 seconds
  Import took 0.127822 seconds .

========================================================================
Received Import Request.
  Time since last request: 0.000580 seconds.
  path: Assets/blue_key.prefab
  artifactKey: Guid(f357d3ff87ae44847aeb82e06658f0f4) Importer(815301076,1909f56bfc062723c751e8b465ee728b)
Start importing Assets/blue_key.prefab using Guid(f357d3ff87ae44847aeb82e06658f0f4) Importer(815301076,1909f56bfc062723c751e8b465ee728b)  -> (artifact id: 'c321cb55f4c4382d51cf4e471693adcd') in 0.325603 seconds
  Import took 0.334754 seconds .

========================================================================
Received Prepare
Registering precompiled user dll's ...
Registered in 0.002893 seconds.
Begin MonoManager ReloadAssembly
Native extension for WindowsStandalone target not found
Native extension for WebGL target not found
Refreshing native plugins compatible for Editor in 0.86 ms, found 1 plugins.
Preloading 0 native plugins for Editor in 0.00 ms.
Mono: successfully reloaded assembly
- Completed reload, in  1.250 seconds
Platform modules already initialized, skipping
Shader 'WFX/Transparent Diffuse': fallback shader 'Particles/Alpha Blended' not found
Shader 'WFX/Transparent Specular': fallback shader 'Particles/Alpha Blended' not found
Shader 'Universal Render Pipeline/Particles/Lit': fallback shader 'Universal Render Pipeline/Particles/SimpleLit' not found
Refreshing native plugins compatible for Editor in 0.94 ms, found 1 plugins.
Preloading 0 native plugins for Editor in 0.00 ms.
Unloading 3026 Unused Serialized files (Serialized files now loaded: 0)
System memory in use before: 138.7 MB.
System memory in use after: 138.8 MB.

Unloading 15 unused Assets to reduce memory usage. Loaded Objects now: 3651.
Total: 3.205971 ms (FindLiveObjects: 0.330561 ms CreateObjectMapping: 0.151382 ms MarkObjects: 2.569652 ms  DeleteObjects: 0.152238 ms)

========================================================================
Received Prepare
Registering precompiled user dll's ...
Registered in 0.002973 seconds.
Begin MonoManager ReloadAssembly
Native extension for WindowsStandalone target not found
Native extension for WebGL target not found
Refreshing native plugins compatible for Editor in 0.84 ms, found 1 plugins.
Preloading 0 native plugins for Editor in 0.00 ms.
Mono: successfully reloaded assembly
- Completed reload, in  1.240 seconds
Platform modules already initialized, skipping
Shader 'WFX/Transparent Diffuse': fallback shader 'Particles/Alpha Blended' not found
Shader 'WFX/Transparent Specular': fallback shader 'Particles/Alpha Blended' not found
Shader 'Universal Render Pipeline/Particles/Lit': fallback shader 'Universal Render Pipeline/Particles/SimpleLit' not found
Refreshing native plugins compatible for Editor in 0.88 ms, found 1 plugins.
Preloading 0 native plugins for Editor in 0.00 ms.
Unloading 3026 Unused Serialized files (Serialized files now loaded: 0)
System memory in use before: 138.7 MB.
System memory in use after: 138.8 MB.

Unloading 15 unused Assets to reduce memory usage. Loaded Objects now: 3655.
Total: 4.080482 ms (FindLiveObjects: 0.324146 ms CreateObjectMapping: 0.151810 ms MarkObjects: 3.424920 ms  DeleteObjects: 0.177896 ms)

========================================================================
Received Import Request.
  Time since last request: 1045.601415 seconds.
  path: Assets/Scenes/Menu.unity
  artifactKey: Guid(45abc81cf486bc94eb330f8dcc8d0a63) Importer(815301076,1909f56bfc062723c751e8b465ee728b)
Start importing Assets/Scenes/Menu.unity using Guid(45abc81cf486bc94eb330f8dcc8d0a63) Importer(815301076,1909f56bfc062723c751e8b465ee728b)  -> (artifact id: 'b1e73d60bef47a57b131bf2ab9fc42b2') in 0.024924 seconds
  Import took 0.032220 seconds .

========================================================================
Received Import Request.
  Time since last request: 0.068997 seconds.
  path: Assets/Scenes/Menu.unity
  artifactKey: Guid(45abc81cf486bc94eb330f8dcc8d0a63) Importer(815301076,1909f56bfc062723c751e8b465ee728b)
Start importing Assets/Scenes/Menu.unity using Guid(45abc81cf486bc94eb330f8dcc8d0a63) Importer(815301076,1909f56bfc062723c751e8b465ee728b)  -> (artifact id: 'b1e73d60bef47a57b131bf2ab9fc42b2') in 0.003731 seconds
  Import took 0.010117 seconds .

========================================================================
Received Prepare
Registering precompiled user dll's ...
Registered in 0.002822 seconds.
Begin MonoManager ReloadAssembly
Native extension for WindowsStandalone target not found
Native extension for WebGL target not found
Refreshing native plugins compatible for Editor in 0.85 ms, found 1 plugins.
Preloading 0 native plugins for Editor in 0.00 ms.
Mono: successfully reloaded assembly
- Completed reload, in  1.254 seconds
Platform modules already initialized, skipping
Shader 'WFX/Transparent Diffuse': fallback shader 'Particles/Alpha Blended' not found
Shader 'WFX/Transparent Specular': fallback shader 'Particles/Alpha Blended' not found
Shader 'Universal Render Pipeline/Particles/Lit': fallback shader 'Universal Render Pipeline/Particles/SimpleLit' not found
Refreshing native plugins compatible for Editor in 1.04 ms, found 1 plugins.
Preloading 0 native plugins for Editor in 0.00 ms.
Unloading 3026 Unused Serialized files (Serialized files now loaded: 0)
System memory in use before: 138.8 MB.
System memory in use after: 138.9 MB.

Unloading 15 unused Assets to reduce memory usage. Loaded Objects now: 3659.
Total: 3.520282 ms (FindLiveObjects: 0.378028 ms CreateObjectMapping: 0.236482 ms MarkObjects: 2.743699 ms  DeleteObjects: 0.160790 ms)

========================================================================
Received Prepare
Registering precompiled user dll's ...
Registered in 0.002867 seconds.
Begin MonoManager ReloadAssembly
Native extension for WindowsStandalone target not found
Native extension for WebGL target not found
Refreshing native plugins compatible for Editor in 0.85 ms, found 1 plugins.
Preloading 0 native plugins for Editor in 0.00 ms.
Mono: successfully reloaded assembly
- Completed reload, in  1.228 seconds
Platform modules already initialized, skipping
Shader 'WFX/Transparent Diffuse': fallback shader 'Particles/Alpha Blended' not found
Shader 'WFX/Transparent Specular': fallback shader 'Particles/Alpha Blended' not found
Shader 'Universal Render Pipeline/Particles/Lit': fallback shader 'Universal Render Pipeline/Particles/SimpleLit' not found
Refreshing native plugins compatible for Editor in 1.07 ms, found 1 plugins.
Preloading 0 native plugins for Editor in 0.00 ms.
Unloading 3026 Unused Serialized files (Serialized files now loaded: 0)
System memory in use before: 138.8 MB.
System memory in use after: 138.9 MB.

Unloading 15 unused Assets to reduce memory usage. Loaded Objects now: 3663.
Total: 4.421307 ms (FindLiveObjects: 0.389147 ms CreateObjectMapping: 0.172764 ms MarkObjects: 3.684066 ms  DeleteObjects: 0.173192 ms)

========================================================================
Received Prepare
Registering precompiled user dll's ...
Registered in 0.002919 seconds.
Begin MonoManager ReloadAssembly
Native extension for WindowsStandalone target not found
Native extension for WebGL target not found
Refreshing native plugins compatible for Editor in 1.67 ms, found 1 plugins.
Preloading 0 native plugins for Editor in 0.00 ms.
Mono: successfully reloaded assembly
- Completed reload, in  1.866 seconds
Platform modules already initialized, skipping
Shader 'WFX/Transparent Diffuse': fallback shader 'Particles/Alpha Blended' not found
Shader 'WFX/Transparent Specular': fallback shader 'Particles/Alpha Blended' not found
Shader 'Universal Render Pipeline/Particles/Lit': fallback shader 'Universal Render Pipeline/Particles/SimpleLit' not found
Refreshing native plugins compatible for Editor in 1.32 ms, found 1 plugins.
Preloading 0 native plugins for Editor in 0.00 ms.
Unloading 3026 Unused Serialized files (Serialized files now loaded: 0)
System memory in use before: 138.8 MB.
System memory in use after: 138.9 MB.

Unloading 15 unused Assets to reduce memory usage. Loaded Objects now: 3667.
Total: 3.269689 ms (FindLiveObjects: 0.320725 ms CreateObjectMapping: 0.150955 ms MarkObjects: 2.630804 ms  DeleteObjects: 0.165494 ms)

========================================================================
Received Prepare
Registering precompiled user dll's ...
Registered in 0.002822 seconds.
Begin MonoManager ReloadAssembly
Native extension for WindowsStandalone target not found
Native extension for WebGL target not found
Refreshing native plugins compatible for Editor in 0.85 ms, found 1 plugins.
Preloading 0 native plugins for Editor in 0.00 ms.
Mono: successfully reloaded assembly
- Completed reload, in  1.804 seconds
Platform modules already initialized, skipping
Shader 'WFX/Transparent Diffuse': fallback shader 'Particles/Alpha Blended' not found
Shader 'WFX/Transparent Specular': fallback shader 'Particles/Alpha Blended' not found
Shader 'Universal Render Pipeline/Particles/Lit': fallback shader 'Universal Render Pipeline/Particles/SimpleLit' not found
Refreshing native plugins compatible for Editor in 1.28 ms, found 1 plugins.
Preloading 0 native plugins for Editor in 0.00 ms.
Unloading 3026 Unused Serialized files (Serialized files now loaded: 0)
System memory in use before: 138.8 MB.
System memory in use after: 138.9 MB.

Unloading 15 unused Assets to reduce memory usage. Loaded Objects now: 3671.
Total: 4.423445 ms (FindLiveObjects: 0.404542 ms CreateObjectMapping: 0.220659 ms MarkObjects: 3.594690 ms  DeleteObjects: 0.201843 ms)

========================================================================
Received Prepare
Registering precompiled user dll's ...
Registered in 0.002801 seconds.
Begin MonoManager ReloadAssembly
Native extension for WindowsStandalone target not found
Native extension for WebGL target not found
Refreshing native plugins compatible for Editor in 0.85 ms, found 1 plugins.
Preloading 0 native plugins for Editor in 0.00 ms.
Mono: successfully reloaded assembly
- Completed reload, in  1.840 seconds
Platform modules already initialized, skipping
Shader 'WFX/Transparent Diffuse': fallback shader 'Particles/Alpha Blended' not found
Shader 'WFX/Transparent Specular': fallback shader 'Particles/Alpha Blended' not found
Shader 'Universal Render Pipeline/Particles/Lit': fallback shader 'Universal Render Pipeline/Particles/SimpleLit' not found
Refreshing native plugins compatible for Editor in 1.96 ms, found 1 plugins.
Preloading 0 native plugins for Editor in 0.00 ms.
Unloading 3026 Unused Serialized files (Serialized files now loaded: 0)
System memory in use before: 138.8 MB.
System memory in use after: 138.9 MB.

Unloading 15 unused Assets to reduce memory usage. Loaded Objects now: 3675.
Total: 7.285171 ms (FindLiveObjects: 0.626911 ms CreateObjectMapping: 0.375890 ms MarkObjects: 5.934703 ms  DeleteObjects: 0.343818 ms)

========================================================================
Received Prepare
Registering precompiled user dll's ...
Registered in 0.002784 seconds.
Begin MonoManager ReloadAssembly
Native extension for WindowsStandalone target not found
Native extension for WebGL target not found
Refreshing native plugins compatible for Editor in 0.84 ms, found 1 plugins.
Preloading 0 native plugins for Editor in 0.00 ms.
Mono: successfully reloaded assembly
- Completed reload, in  1.232 seconds
Platform modules already initialized, skipping
Shader 'WFX/Transparent Diffuse': fallback shader 'Particles/Alpha Blended' not found
Shader 'WFX/Transparent Specular': fallback shader 'Particles/Alpha Blended' not found
Shader 'Universal Render Pipeline/Particles/Lit': fallback shader 'Universal Render Pipeline/Particles/SimpleLit' not found
Refreshing native plugins compatible for Editor in 1.27 ms, found 1 plugins.
Preloading 0 native plugins for Editor in 0.00 ms.
Unloading 3026 Unused Serialized files (Serialized files now loaded: 0)
System memory in use before: 138.8 MB.
System memory in use after: 138.9 MB.

Unloading 15 unused Assets to reduce memory usage. Loaded Objects now: 3679.
Total: 3.159787 ms (FindLiveObjects: 0.332699 ms CreateObjectMapping: 0.150099 ms MarkObjects: 2.511921 ms  DeleteObjects: 0.163356 ms)

========================================================================
Received Import Request.
  Time since last request: 2655.712984 seconds.
  path: Assets/background.png
  artifactKey: Guid(04b3695fd5ee5fe4280051c57ea9bd95) Importer(815301076,1909f56bfc062723c751e8b465ee728b)
Start importing Assets/background.png using Guid(04b3695fd5ee5fe4280051c57ea9bd95) Importer(815301076,1909f56bfc062723c751e8b465ee728b)  -> (artifact id: '36a5603ccc220d5c61b315e6da88b9f6') in 0.413862 seconds
  Import took 0.421732 seconds .

========================================================================
Received Import Request.
  Time since last request: 0.000250 seconds.
  path: Assets/grey_key.prefab
  artifactKey: Guid(17f65c6a766b6324b9c52ab42d3e7e36) Importer(815301076,1909f56bfc062723c751e8b465ee728b)
Start importing Assets/grey_key.prefab using Guid(17f65c6a766b6324b9c52ab42d3e7e36) Importer(815301076,1909f56bfc062723c751e8b465ee728b)  -> (artifact id: '10b2fb05d14e2f6695f771cb7960a7e1') in 0.193644 seconds
  Import took 0.199961 seconds .

========================================================================
Received Import Request.
  Time since last request: 0.000233 seconds.
  path: Assets/green_key_image.prefab
  artifactKey: Guid(9652b1c13c62f0942a752cc243a45827) Importer(815301076,1909f56bfc062723c751e8b465ee728b)
Start importing Assets/green_key_image.prefab using Guid(9652b1c13c62f0942a752cc243a45827) Importer(815301076,1909f56bfc062723c751e8b465ee728b)  -> (artifact id: '92b774fe41b3d0a78490f9ec69a5f1b6') in 0.011774 seconds
  Import took 0.018378 seconds .

========================================================================
Received Import Request.
  Time since last request: 0.000242 seconds.
  path: Assets/green_key.prefab
  artifactKey: Guid(9c44d35fb9409be43aef8af939e61347) Importer(815301076,1909f56bfc062723c751e8b465ee728b)
Start importing Assets/green_key.prefab using Guid(9c44d35fb9409be43aef8af939e61347) Importer(815301076,1909f56bfc062723c751e8b465ee728b)  -> (artifact id: '24e5646a7a81c6e5b21caefbe9c71f45') in 0.025665 seconds
  Import took 0.033593 seconds .

========================================================================
Received Import Request.
  Time since last request: 0.000265 seconds.
  path: Assets/grey_key_image.prefab
  artifactKey: Guid(ad3b7b2289d9e0a4eb8ad88095d6a435) Importer(815301076,1909f56bfc062723c751e8b465ee728b)
Start importing Assets/grey_key_image.prefab using Guid(ad3b7b2289d9e0a4eb8ad88095d6a435) Importer(815301076,1909f56bfc062723c751e8b465ee728b)  -> (artifact id: '8e5bb7d6fea5eb7b1b71fa0d37e00730') in 0.013639 seconds
  Import took 0.021925 seconds .

========================================================================
Received Import Request.
  Time since last request: 0.003357 seconds.
  path: Assets/grey_key_image.prefab
  artifactKey: Guid(ad3b7b2289d9e0a4eb8ad88095d6a435) Importer(815301076,1909f56bfc062723c751e8b465ee728b)
Start importing Assets/grey_key_image.prefab using Guid(ad3b7b2289d9e0a4eb8ad88095d6a435) Importer(815301076,1909f56bfc062723c751e8b465ee728b)  -> (artifact id: '8e5bb7d6fea5eb7b1b71fa0d37e00730') in 0.006453 seconds
  Import took 0.013720 seconds .

========================================================================
Received Import Request.
  Time since last request: 1.234501 seconds.
  path: Assets/knopka_igrat.png
  artifactKey: Guid(39cfe4ab21cc39e43aaa15512840d3fb) Importer(815301076,1909f56bfc062723c751e8b465ee728b)
Start importing Assets/knopka_igrat.png using Guid(39cfe4ab21cc39e43aaa15512840d3fb) Importer(815301076,1909f56bfc062723c751e8b465ee728b)  -> (artifact id: '3fe9e5e3f0eee558105ea2320a9da96f') in 0.025681 seconds
  Import took 0.032058 seconds .

========================================================================
Received Import Request.
  Time since last request: 0.000286 seconds.
  path: Assets/mine_explosion.mp3
  artifactKey: Guid(98c334b5800c46e4b86da51b46ff6a2e) Importer(815301076,1909f56bfc062723c751e8b465ee728b)
Start importing Assets/mine_explosion.mp3 using Guid(98c334b5800c46e4b86da51b46ff6a2e) Importer(815301076,1909f56bfc062723c751e8b465ee728b)  -> (artifact id: '9ae7d8c7f34f6d961f4ebe23fe15858b') in 0.062931 seconds
  Import took 0.069572 seconds .

========================================================================
Received Import Request.
  Time since last request: 57.990177 seconds.
  path: Assets/exit_button.png
  artifactKey: Guid(a668107bfe330e34f971caa79a209bf3) Importer(815301076,1909f56bfc062723c751e8b465ee728b)
Start importing Assets/exit_button.png using Guid(a668107bfe330e34f971caa79a209bf3) Importer(815301076,1909f56bfc062723c751e8b465ee728b)  -> (artifact id: '32461af145766bb7af7d43e8e7caaf1e') in 0.027365 seconds
  Import took 0.033685 seconds .

========================================================================
Received Import Request.
  Time since last request: 0.005212 seconds.
  path: Assets/exit_button.png
  artifactKey: Guid(a668107bfe330e34f971caa79a209bf3) Importer(815301076,1909f56bfc062723c751e8b465ee728b)
Start importing Assets/exit_button.png using Guid(a668107bfe330e34f971caa79a209bf3) Importer(815301076,1909f56bfc062723c751e8b465ee728b)  -> (artifact id: '32461af145766bb7af7d43e8e7caaf1e') in 0.021972 seconds
  Import took 0.029162 seconds .

========================================================================
Received Import Request.
  Time since last request: 1.443027 seconds.
  path: Assets/pink_key.prefab
  artifactKey: Guid(c236269aee5f870418952315fcab23a6) Importer(815301076,1909f56bfc062723c751e8b465ee728b)
Start importing Assets/pink_key.prefab using Guid(c236269aee5f870418952315fcab23a6) Importer(815301076,1909f56bfc062723c751e8b465ee728b)  -> (artifact id: '34902a21d582a00ab0bc8e57a3393741') in 0.024831 seconds
  Import took 0.031825 seconds .

========================================================================
Received Import Request.
  Time since last request: 0.000301 seconds.
  path: Assets/settings_button.png
  artifactKey: Guid(0bf2d9b90be3a3148aa649366ec01aec) Importer(815301076,1909f56bfc062723c751e8b465ee728b)
Start importing Assets/settings_button.png using Guid(0bf2d9b90be3a3148aa649366ec01aec) Importer(815301076,1909f56bfc062723c751e8b465ee728b)  -> (artifact id: '58c4f8f1b84ec8c8ccc1652bc6dfea2b') in 0.026203 seconds
  Import took 0.033345 seconds .

========================================================================
Received Import Request.
  Time since last request: 0.000205 seconds.
  path: Assets/pink_key_image.prefab
  artifactKey: Guid(cd0b98fe47048b8419d4d671369ea1f9) Importer(815301076,1909f56bfc062723c751e8b465ee728b)
Start importing Assets/pink_key_image.prefab using Guid(cd0b98fe47048b8419d4d671369ea1f9) Importer(815301076,1909f56bfc062723c751e8b465ee728b)  -> (artifact id: '9171cf321f09e20fad7cdd7371f83aa5') in 0.011050 seconds
  Import took 0.018702 seconds .

========================================================================
Received Import Request.
  Time since last request: 0.000231 seconds.
  path: Assets/red_key_image.prefab
  artifactKey: Guid(a359f603f23406340a4e49dcb4190572) Importer(815301076,1909f56bfc062723c751e8b465ee728b)
Start importing Assets/red_key_image.prefab using Guid(a359f603f23406340a4e49dcb4190572) Importer(815301076,1909f56bfc062723c751e8b465ee728b)  -> (artifact id: 'ef74a140a51c7f85fdd46aeab2c6581d') in 0.012101 seconds
  Import took 0.020660 seconds .

========================================================================
Received Import Request.
  Time since last request: 0.000205 seconds.
  path: Assets/red_key.prefab
  artifactKey: Guid(3a854709c072cca448a47ea821464836) Importer(815301076,1909f56bfc062723c751e8b465ee728b)
Start importing Assets/red_key.prefab using Guid(3a854709c072cca448a47ea821464836) Importer(815301076,1909f56bfc062723c751e8b465ee728b)  -> (artifact id: '700111626109ea6d336879f95fdfc4f7') in 0.025032 seconds
  Import took 0.032496 seconds .

========================================================================
Received Import Request.
  Time since last request: 0.000190 seconds.
  path: Assets/play_button.png
  artifactKey: Guid(331e09b87007bdd4288e15160549395e) Importer(815301076,1909f56bfc062723c751e8b465ee728b)
Start importing Assets/play_button.png using Guid(331e09b87007bdd4288e15160549395e) Importer(815301076,1909f56bfc062723c751e8b465ee728b)  -> (artifact id: '18461facbf286cd31535aca9d97554a7') in 0.022954 seconds
  Import took 0.030006 seconds .

========================================================================
Received Prepare
Registering precompiled user dll's ...
Registered in 0.002743 seconds.
Begin MonoManager ReloadAssembly
Native extension for WindowsStandalone target not found
Native extension for WebGL target not found
Refreshing native plugins compatible for Editor in 0.84 ms, found 1 plugins.
Preloading 0 native plugins for Editor in 0.00 ms.
Mono: successfully reloaded assembly
- Completed reload, in  1.240 seconds
Platform modules already initialized, skipping
Shader 'WFX/Transparent Diffuse': fallback shader 'Particles/Alpha Blended' not found
Shader 'WFX/Transparent Specular': fallback shader 'Particles/Alpha Blended' not found
Shader 'Universal Render Pipeline/Particles/Lit': fallback shader 'Universal Render Pipeline/Particles/SimpleLit' not found
Refreshing native plugins compatible for Editor in 0.91 ms, found 1 plugins.
Preloading 0 native plugins for Editor in 0.00 ms.
Unloading 3026 Unused Serialized files (Serialized files now loaded: 0)
System memory in use before: 139.0 MB.
System memory in use after: 139.1 MB.

Unloading 15 unused Assets to reduce memory usage. Loaded Objects now: 3728.
Total: 3.202122 ms (FindLiveObjects: 0.322436 ms CreateObjectMapping: 0.148817 ms MarkObjects: 2.566231 ms  DeleteObjects: 0.162929 ms)

========================================================================
Received Import Request.
  Time since last request: 2104.772020 seconds.
  path: Assets/return_button.png
  artifactKey: Guid(a38e206cbd57cb34abd816e3b5b563db) Importer(815301076,1909f56bfc062723c751e8b465ee728b)
Start importing Assets/return_button.png using Guid(a38e206cbd57cb34abd816e3b5b563db) Importer(815301076,1909f56bfc062723c751e8b465ee728b)  -> (artifact id: '029d2f9d963e7808d07d5b3ea147bce4') in 0.094145 seconds
  Import took 0.102500 seconds .

========================================================================
Received Prepare
Registering precompiled user dll's ...
Registered in 0.002829 seconds.
Begin MonoManager ReloadAssembly
Native extension for WindowsStandalone target not found
Native extension for WebGL target not found
Refreshing native plugins compatible for Editor in 0.85 ms, found 1 plugins.
Preloading 0 native plugins for Editor in 0.00 ms.
Mono: successfully reloaded assembly
- Completed reload, in  1.218 seconds
Platform modules already initialized, skipping
Shader 'WFX/Transparent Diffuse': fallback shader 'Particles/Alpha Blended' not found
Shader 'WFX/Transparent Specular': fallback shader 'Particles/Alpha Blended' not found
Shader 'Universal Render Pipeline/Particles/Lit': fallback shader 'Universal Render Pipeline/Particles/SimpleLit' not found
Refreshing native plugins compatible for Editor in 0.91 ms, found 1 plugins.
Preloading 0 native plugins for Editor in 0.00 ms.
Unloading 3026 Unused Serialized files (Serialized files now loaded: 0)
System memory in use before: 139.0 MB.
System memory in use after: 139.1 MB.

Unloading 15 unused Assets to reduce memory usage. Loaded Objects now: 3734.
Total: 3.326564 ms (FindLiveObjects: 0.323719 ms CreateObjectMapping: 0.147961 ms MarkObjects: 2.693238 ms  DeleteObjects: 0.160363 ms)

========================================================================
Received Prepare
Registering precompiled user dll's ...
Registered in 0.002845 seconds.
Begin MonoManager ReloadAssembly
Native extension for WindowsStandalone target not found
Native extension for WebGL target not found
Refreshing native plugins compatible for Editor in 0.86 ms, found 1 plugins.
Preloading 0 native plugins for Editor in 0.00 ms.
Mono: successfully reloaded assembly
- Completed reload, in  1.221 seconds
Platform modules already initialized, skipping
Shader 'WFX/Transparent Diffuse': fallback shader 'Particles/Alpha Blended' not found
Shader 'WFX/Transparent Specular': fallback shader 'Particles/Alpha Blended' not found
Shader 'Universal Render Pipeline/Particles/Lit': fallback shader 'Universal Render Pipeline/Particles/SimpleLit' not found
Refreshing native plugins compatible for Editor in 1.08 ms, found 1 plugins.
Preloading 0 native plugins for Editor in 0.00 ms.
Unloading 3026 Unused Serialized files (Serialized files now loaded: 0)
System memory in use before: 139.0 MB.
System memory in use after: 139.1 MB.

Unloading 15 unused Assets to reduce memory usage. Loaded Objects now: 3738.
Total: 3.231202 ms (FindLiveObjects: 0.328850 ms CreateObjectMapping: 0.148817 ms MarkObjects: 2.588895 ms  DeleteObjects: 0.162501 ms)

========================================================================
Received Prepare
Registering precompiled user dll's ...
Registered in 0.002925 seconds.
Begin MonoManager ReloadAssembly
Native extension for WindowsStandalone target not found
Native extension for WebGL target not found
Refreshing native plugins compatible for Editor in 0.92 ms, found 1 plugins.
Preloading 0 native plugins for Editor in 0.00 ms.
Mono: successfully reloaded assembly
- Completed reload, in  1.293 seconds
Platform modules already initialized, skipping
Shader 'WFX/Transparent Diffuse': fallback shader 'Particles/Alpha Blended' not found
Shader 'WFX/Transparent Specular': fallback shader 'Particles/Alpha Blended' not found
Shader 'Universal Render Pipeline/Particles/Lit': fallback shader 'Universal Render Pipeline/Particles/SimpleLit' not found
Refreshing native plugins compatible for Editor in 0.98 ms, found 1 plugins.
Preloading 0 native plugins for Editor in 0.00 ms.
Unloading 3026 Unused Serialized files (Serialized files now loaded: 0)
System memory in use before: 139.1 MB.
System memory in use after: 139.2 MB.

Unloading 15 unused Assets to reduce memory usage. Loaded Objects now: 3742.
Total: 5.599438 ms (FindLiveObjects: 0.351087 ms CreateObjectMapping: 0.152665 ms MarkObjects: 4.836111 ms  DeleteObjects: 0.257436 ms)

========================================================================
Received Import Request.
  Time since last request: 351.665171 seconds.
  path: Assets/Mainmenu.cs
  artifactKey: Guid(dd273f5fa797eed4fbd430d614374f8b) Importer(815301076,1909f56bfc062723c751e8b465ee728b)
Start importing Assets/Mainmenu.cs using Guid(dd273f5fa797eed4fbd430d614374f8b) Importer(815301076,1909f56bfc062723c751e8b465ee728b)  -> (artifact id: '7975b4d80ebcf9e275bfb12530b0e46a') in 0.077737 seconds
  Import took 0.085037 seconds .

========================================================================
Received Prepare
Registering precompiled user dll's ...
Registered in 0.002738 seconds.
Begin MonoManager ReloadAssembly
Native extension for WindowsStandalone target not found
Native extension for WebGL target not found
Refreshing native plugins compatible for Editor in 0.83 ms, found 1 plugins.
Preloading 0 native plugins for Editor in 0.00 ms.
Mono: successfully reloaded assembly
- Completed reload, in  1.217 seconds
Platform modules already initialized, skipping
Shader 'WFX/Transparent Diffuse': fallback shader 'Particles/Alpha Blended' not found
Shader 'WFX/Transparent Specular': fallback shader 'Particles/Alpha Blended' not found
Shader 'Universal Render Pipeline/Particles/Lit': fallback shader 'Universal Render Pipeline/Particles/SimpleLit' not found
Refreshing native plugins compatible for Editor in 1.11 ms, found 1 plugins.
Preloading 0 native plugins for Editor in 0.00 ms.
Unloading 3026 Unused Serialized files (Serialized files now loaded: 0)
System memory in use before: 139.1 MB.
System memory in use after: 139.2 MB.

Unloading 15 unused Assets to reduce memory usage. Loaded Objects now: 3746.
Total: 3.608802 ms (FindLiveObjects: 0.435331 ms CreateObjectMapping: 0.200133 ms MarkObjects: 2.808272 ms  DeleteObjects: 0.163356 ms)

========================================================================
Received Import Request.
  Time since last request: 125.968125 seconds.
  path: Assets/Scenes/1.unity
  artifactKey: Guid(06896bcd096601442a257fed9b3c0899) Importer(815301076,1909f56bfc062723c751e8b465ee728b)
Start importing Assets/Scenes/1.unity using Guid(06896bcd096601442a257fed9b3c0899) Importer(815301076,1909f56bfc062723c751e8b465ee728b)  -> (artifact id: 'dadf323f689547e158921cec137b30e6') in 0.033531 seconds
  Import took 0.040746 seconds .

========================================================================
Received Import Request.
  Time since last request: 1.854080 seconds.
  path: Assets/Scenes/Menu.unity
  artifactKey: Guid(45abc81cf486bc94eb330f8dcc8d0a63) Importer(815301076,1909f56bfc062723c751e8b465ee728b)
Start importing Assets/Scenes/Menu.unity using Guid(45abc81cf486bc94eb330f8dcc8d0a63) Importer(815301076,1909f56bfc062723c751e8b465ee728b)  -> (artifact id: 'd398a8fe8ad8ee44e5169d36e93c1d60') in 0.010575 seconds
  Import took 0.016927 seconds .

========================================================================
Received Prepare
Registering precompiled user dll's ...
Registered in 0.002770 seconds.
Begin MonoManager ReloadAssembly
Native extension for WindowsStandalone target not found
Native extension for WebGL target not found
Refreshing native plugins compatible for Editor in 1.78 ms, found 1 plugins.
Preloading 0 native plugins for Editor in 0.00 ms.
Mono: successfully reloaded assembly
- Completed reload, in  2.108 seconds
Platform modules already initialized, skipping
Shader 'WFX/Transparent Diffuse': fallback shader 'Particles/Alpha Blended' not found
Shader 'WFX/Transparent Specular': fallback shader 'Particles/Alpha Blended' not found
Shader 'Universal Render Pipeline/Particles/Lit': fallback shader 'Universal Render Pipeline/Particles/SimpleLit' not found
Refreshing native plugins compatible for Editor in 1.45 ms, found 1 plugins.
Preloading 0 native plugins for Editor in 0.00 ms.
Unloading 3026 Unused Serialized files (Serialized files now loaded: 0)
System memory in use before: 139.1 MB.
System memory in use after: 139.2 MB.

Unloading 15 unused Assets to reduce memory usage. Loaded Objects now: 3750.
Total: 6.550068 ms (FindLiveObjects: 0.549937 ms CreateObjectMapping: 0.307041 ms MarkObjects: 5.397167 ms  DeleteObjects: 0.292929 ms)

========================================================================
Received Prepare
Registering precompiled user dll's ...
Registered in 0.002872 seconds.
Begin MonoManager ReloadAssembly
Native extension for WindowsStandalone target not found
Native extension for WebGL target not found
Refreshing native plugins compatible for Editor in 1.68 ms, found 1 plugins.
Preloading 0 native plugins for Editor in 0.00 ms.
Mono: successfully reloaded assembly
- Completed reload, in  2.071 seconds
Platform modules already initialized, skipping
Shader 'WFX/Transparent Diffuse': fallback shader 'Particles/Alpha Blended' not found
Shader 'WFX/Transparent Specular': fallback shader 'Particles/Alpha Blended' not found
Shader 'Universal Render Pipeline/Particles/Lit': fallback shader 'Universal Render Pipeline/Particles/SimpleLit' not found
Refreshing native plugins compatible for Editor in 1.27 ms, found 1 plugins.
Preloading 0 native plugins for Editor in 0.00 ms.
Unloading 3026 Unused Serialized files (Serialized files now loaded: 0)
System memory in use before: 139.1 MB.
System memory in use after: 139.2 MB.

Unloading 15 unused Assets to reduce memory usage. Loaded Objects now: 3754.
Total: 5.043086 ms (FindLiveObjects: 0.447733 ms CreateObjectMapping: 0.256580 ms MarkObjects: 4.109989 ms  DeleteObjects: 0.227074 ms)

AssetImportWorkerClient::OnTransportError - code=2 error=End of file
